nohup: ignoring input
wandb: Appending key for api.wandb.ai to your netrc file: /home/navarro/.netrc
wandb: Currently logged in as: luismedrano2000 (luismedrano2000-university-of-zaragoza) to https://api.wandb.ai. Use `wandb login --relogin` to force relogin
wandb: Tracking run with wandb version 0.19.11
wandb: Run data is saved locally in /home/navarro/FM-3D-Turbulence/wandb/run-20250522_171202-q1f6g7pk
wandb: Run `wandb offline` to turn off syncing.
wandb: Syncing run wobbly-darkness-151
wandb: ⭐️ View project at https://wandb.ai/luismedrano2000-university-of-zaragoza/fm
wandb: 🚀 View run at https://wandb.ai/luismedrano2000-university-of-zaragoza/fm/runs/q1f6g7pk
Loading config...
cuda:3
Loading dataset...
N_time: 100, N_channels: 4, Nx: 128, Ny: 128, Nz: 128
Data mean: tensor([ 0.0244, -0.4655, -0.2085, -0.0685]), std: tensor([0.5439, 0.5585, 0.7061, 0.3694])
Velocity shape: torch.Size([100, 3, 128, 128, 128])
Pressure shape: torch.Size([100, 1, 128, 128, 128])
Vorticity shape: torch.Size([100, 3, 128, 128, 128])
Vorticity magnitude shape: torch.Size([100, 1, 128, 128, 128])
Velocity mean: tensor([ 0.0244, -0.4655, -0.2085]), std: tensor([0.5439, 0.5585, 0.7061])
Pressure mean: tensor([-0.0685]), std: tensor([0.3694])
Vorticity mean: tensor([-0.0026,  0.0051,  0.0053]), std: tensor([0.0830, 0.0897, 0.0814])
Vorticity magnitude mean: tensor([0.1137]), std: tensor([0.0932])
Starting training...
Epoch [1/1000], Loss: 0.0291, Validation Loss: 0.5556
Epoch [2/1000], Loss: 0.0322, Validation Loss: 0.4092
Epoch [3/1000], Loss: 0.0154, Validation Loss: 0.2604
Epoch [4/1000], Loss: 0.0197, Validation Loss: 0.1846
Epoch [5/1000], Loss: 0.0076, Validation Loss: 0.1989
Epoch [6/1000], Loss: 0.0066, Validation Loss: 0.1783
Epoch [7/1000], Loss: 0.0058, Validation Loss: 0.1225
Epoch [8/1000], Loss: 0.0077, Validation Loss: 0.0982
Epoch [9/1000], Loss: 0.0057, Validation Loss: 0.1692
Saved checkpoint: runs/080/epoch_10_0.0046_0.1035.pth
Epoch [10/1000], Loss: 0.0046, Validation Loss: 0.1035
Epoch [11/1000], Loss: 0.0044, Validation Loss: 0.1737
Epoch [12/1000], Loss: 0.0043, Validation Loss: 0.0823
Epoch [13/1000], Loss: 0.0039, Validation Loss: 0.0895
Epoch [14/1000], Loss: 0.0048, Validation Loss: 0.0755
Epoch [15/1000], Loss: 0.0038, Validation Loss: 0.1447
Epoch [16/1000], Loss: 0.0039, Validation Loss: 0.0739
Epoch [17/1000], Loss: 0.0039, Validation Loss: 0.0712
Epoch [18/1000], Loss: 0.0043, Validation Loss: 0.0664
Epoch [19/1000], Loss: 0.0049, Validation Loss: 0.0668
Saved checkpoint: runs/080/epoch_20_0.0037_0.1632.pth
Epoch [20/1000], Loss: 0.0037, Validation Loss: 0.1632
Epoch [21/1000], Loss: 0.0031, Validation Loss: 0.1109
Epoch [22/1000], Loss: 0.0034, Validation Loss: 0.1421
Epoch [23/1000], Loss: 0.0047, Validation Loss: 0.0576
Epoch [24/1000], Loss: 0.0031, Validation Loss: 0.0698
Epoch [25/1000], Loss: 0.0030, Validation Loss: 0.1066
Epoch [26/1000], Loss: 0.0029, Validation Loss: 0.0587
Epoch [27/1000], Loss: 0.0028, Validation Loss: 0.0515
Epoch [28/1000], Loss: 0.0028, Validation Loss: 0.0553
Epoch [29/1000], Loss: 0.0027, Validation Loss: 0.0655
Saved checkpoint: runs/080/epoch_30_0.0029_0.0619.pth
Epoch [30/1000], Loss: 0.0029, Validation Loss: 0.0619
Epoch [31/1000], Loss: 0.0025, Validation Loss: 0.0514
Epoch [32/1000], Loss: 0.0026, Validation Loss: 0.0500
Epoch [33/1000], Loss: 0.0024, Validation Loss: 0.0538
Epoch [34/1000], Loss: 0.0025, Validation Loss: 0.0683
Epoch [35/1000], Loss: 0.0023, Validation Loss: 0.0463
Epoch [36/1000], Loss: 0.0022, Validation Loss: 0.0454
Epoch [37/1000], Loss: 0.0021, Validation Loss: 0.0548
Epoch [38/1000], Loss: 0.0023, Validation Loss: 0.0558
Epoch [39/1000], Loss: 0.0021, Validation Loss: 0.1096
Saved checkpoint: runs/080/epoch_40_0.0026_0.0596.pth
Epoch [40/1000], Loss: 0.0026, Validation Loss: 0.0596
Epoch [41/1000], Loss: 0.0048, Validation Loss: 0.0447
Epoch [42/1000], Loss: 0.0024, Validation Loss: 0.0484
Epoch [43/1000], Loss: 0.0022, Validation Loss: 0.0448
Epoch [44/1000], Loss: 0.0028, Validation Loss: 0.0431
Epoch [45/1000], Loss: 0.0028, Validation Loss: 0.0677
Epoch [46/1000], Loss: 0.0027, Validation Loss: 0.0367
Epoch [47/1000], Loss: 0.0023, Validation Loss: 0.0405
Epoch [48/1000], Loss: 0.0026, Validation Loss: 0.0493
Epoch [49/1000], Loss: 0.0081, Validation Loss: 0.0392
Saved checkpoint: runs/080/epoch_50_0.0028_0.0757.pth
Epoch [50/1000], Loss: 0.0028, Validation Loss: 0.0757
Epoch [51/1000], Loss: 0.0019, Validation Loss: 0.0448
Epoch [52/1000], Loss: 0.0114, Validation Loss: 0.0360
Epoch [53/1000], Loss: 0.0019, Validation Loss: 0.0541
Epoch [54/1000], Loss: 0.0019, Validation Loss: 0.0334
Epoch [55/1000], Loss: 0.0018, Validation Loss: 0.0405
Epoch [56/1000], Loss: 0.0018, Validation Loss: 0.0670
Epoch [57/1000], Loss: 0.0038, Validation Loss: 0.0341
Epoch [58/1000], Loss: 0.0017, Validation Loss: 0.0340
Epoch [59/1000], Loss: 0.0024, Validation Loss: 0.0407
Saved checkpoint: runs/080/epoch_60_0.0017_0.0597.pth
Epoch [60/1000], Loss: 0.0017, Validation Loss: 0.0597
Epoch [61/1000], Loss: 0.0044, Validation Loss: 0.0413
Epoch [62/1000], Loss: 0.0022, Validation Loss: 0.0580
Epoch [63/1000], Loss: 0.0018, Validation Loss: 0.0347
Epoch [64/1000], Loss: 0.0015, Validation Loss: 0.0385
Epoch [65/1000], Loss: 0.0015, Validation Loss: 0.0367
Epoch [66/1000], Loss: 0.0017, Validation Loss: 0.0453
Epoch [67/1000], Loss: 0.0016, Validation Loss: 0.0323
Epoch [68/1000], Loss: 0.0017, Validation Loss: 0.0321
Epoch [69/1000], Loss: 0.0038, Validation Loss: 0.0310
Saved checkpoint: runs/080/epoch_70_0.0015_0.0441.pth
Epoch [70/1000], Loss: 0.0015, Validation Loss: 0.0441
Epoch [71/1000], Loss: 0.0021, Validation Loss: 0.0445
Epoch [72/1000], Loss: 0.0014, Validation Loss: 0.0366
Epoch [73/1000], Loss: 0.0016, Validation Loss: 0.0560
Epoch [74/1000], Loss: 0.0015, Validation Loss: 0.0689
Epoch [75/1000], Loss: 0.0015, Validation Loss: 0.0358
Epoch [76/1000], Loss: 0.0017, Validation Loss: 0.0290
Epoch [77/1000], Loss: 0.0017, Validation Loss: 0.0300
Epoch [78/1000], Loss: 0.0013, Validation Loss: 0.0581
Epoch [79/1000], Loss: 0.0014, Validation Loss: 0.0414
Saved checkpoint: runs/080/epoch_80_0.0017_0.0322.pth
Epoch [80/1000], Loss: 0.0017, Validation Loss: 0.0322
Epoch [81/1000], Loss: 0.0014, Validation Loss: 0.0366
Epoch [82/1000], Loss: 0.0021, Validation Loss: 0.0291
Epoch [83/1000], Loss: 0.0015, Validation Loss: 0.0477
Epoch [84/1000], Loss: 0.0014, Validation Loss: 0.0709
Epoch [85/1000], Loss: 0.0013, Validation Loss: 0.0245
Epoch [86/1000], Loss: 0.0018, Validation Loss: 0.0284
Epoch [87/1000], Loss: 0.0013, Validation Loss: 0.0302
Epoch [88/1000], Loss: 0.0017, Validation Loss: 0.0349
Epoch [89/1000], Loss: 0.0014, Validation Loss: 0.0334
Saved checkpoint: runs/080/epoch_90_0.0014_0.0232.pth
Epoch [90/1000], Loss: 0.0014, Validation Loss: 0.0232
Epoch [91/1000], Loss: 0.0013, Validation Loss: 0.0254
Epoch [92/1000], Loss: 0.0018, Validation Loss: 0.0299
Epoch [93/1000], Loss: 0.0014, Validation Loss: 0.0328
Epoch [94/1000], Loss: 0.0012, Validation Loss: 0.0570
Epoch [95/1000], Loss: 0.0013, Validation Loss: 0.0329
Epoch [96/1000], Loss: 0.0026, Validation Loss: 0.0294
Epoch [97/1000], Loss: 0.0015, Validation Loss: 0.0257
Epoch [98/1000], Loss: 0.0013, Validation Loss: 0.1007
Epoch [99/1000], Loss: 0.0143, Validation Loss: 0.0282
Saved checkpoint: runs/080/epoch_100_0.0017_0.0529.pth
Epoch [100/1000], Loss: 0.0017, Validation Loss: 0.0529
Epoch [101/1000], Loss: 0.0020, Validation Loss: 0.0316
Epoch [102/1000], Loss: 0.0012, Validation Loss: 0.0262
Epoch [103/1000], Loss: 0.0012, Validation Loss: 0.0316
Epoch [104/1000], Loss: 0.0019, Validation Loss: 0.0269
Epoch [105/1000], Loss: 0.0014, Validation Loss: 0.0219
Epoch [106/1000], Loss: 0.0013, Validation Loss: 0.0497
Epoch [107/1000], Loss: 0.0013, Validation Loss: 0.0334
Epoch [108/1000], Loss: 0.0012, Validation Loss: 0.0609
Epoch [109/1000], Loss: 0.0016, Validation Loss: 0.0262
Saved checkpoint: runs/080/epoch_110_0.0012_0.0260.pth
Epoch [110/1000], Loss: 0.0012, Validation Loss: 0.0260
Epoch [111/1000], Loss: 0.0015, Validation Loss: 0.0310
Epoch [112/1000], Loss: 0.0042, Validation Loss: 0.0475
Epoch [113/1000], Loss: 0.0053, Validation Loss: 0.0380
Epoch [114/1000], Loss: 0.0012, Validation Loss: 0.0401
Epoch [115/1000], Loss: 0.0018, Validation Loss: 0.0265
Epoch [116/1000], Loss: 0.0017, Validation Loss: 0.0278
Epoch [117/1000], Loss: 0.0012, Validation Loss: 0.0284
Epoch [118/1000], Loss: 0.0023, Validation Loss: 0.0279
Epoch [119/1000], Loss: 0.0023, Validation Loss: 0.1002
Saved checkpoint: runs/080/epoch_120_0.0012_0.0454.pth
Epoch [120/1000], Loss: 0.0012, Validation Loss: 0.0454
Epoch [121/1000], Loss: 0.0012, Validation Loss: 0.0408
Epoch [122/1000], Loss: 0.0053, Validation Loss: 0.0246
Epoch [123/1000], Loss: 0.0012, Validation Loss: 0.0305
Epoch [124/1000], Loss: 0.0021, Validation Loss: 0.0377
Epoch [125/1000], Loss: 0.0011, Validation Loss: 0.0280
Epoch [126/1000], Loss: 0.0012, Validation Loss: 0.0225
Epoch [127/1000], Loss: 0.0012, Validation Loss: 0.0230
Epoch [128/1000], Loss: 0.0011, Validation Loss: 0.0309
Epoch [129/1000], Loss: 0.0011, Validation Loss: 0.0796
Saved checkpoint: runs/080/epoch_130_0.0012_0.0271.pth
Epoch [130/1000], Loss: 0.0012, Validation Loss: 0.0271
Epoch [131/1000], Loss: 0.0011, Validation Loss: 0.0514
Epoch [132/1000], Loss: 0.0011, Validation Loss: 0.0364
Epoch [133/1000], Loss: 0.0011, Validation Loss: 0.0276
Epoch [134/1000], Loss: 0.0011, Validation Loss: 0.0256
Epoch [135/1000], Loss: 0.0011, Validation Loss: 0.0269
Epoch [136/1000], Loss: 0.0011, Validation Loss: 0.0209
Epoch [137/1000], Loss: 0.0019, Validation Loss: 0.0290
Epoch [138/1000], Loss: 0.0011, Validation Loss: 0.0736
Epoch [139/1000], Loss: 0.0011, Validation Loss: 0.0313
Saved checkpoint: runs/080/epoch_140_0.0011_0.0442.pth
Epoch [140/1000], Loss: 0.0011, Validation Loss: 0.0442
Epoch [141/1000], Loss: 0.0014, Validation Loss: 0.0344
Epoch [142/1000], Loss: 0.0013, Validation Loss: 0.0224
Epoch [143/1000], Loss: 0.0033, Validation Loss: 0.0388
Epoch [144/1000], Loss: 0.0011, Validation Loss: 0.0255
Epoch [145/1000], Loss: 0.0011, Validation Loss: 0.0254
Epoch [146/1000], Loss: 0.0027, Validation Loss: 0.0244
Epoch [147/1000], Loss: 0.0019, Validation Loss: 0.0235
Epoch [148/1000], Loss: 0.0032, Validation Loss: 0.0444
Epoch [149/1000], Loss: 0.0019, Validation Loss: 0.0642
Saved checkpoint: runs/080/epoch_150_0.0019_0.0281.pth
Epoch [150/1000], Loss: 0.0019, Validation Loss: 0.0281
Epoch [151/1000], Loss: 0.0040, Validation Loss: 0.0199
Epoch [152/1000], Loss: 0.0012, Validation Loss: 0.0345
Epoch [153/1000], Loss: 0.0012, Validation Loss: 0.0256
Epoch [154/1000], Loss: 0.0010, Validation Loss: 0.0403
Epoch [155/1000], Loss: 0.0030, Validation Loss: 0.0405
Epoch [156/1000], Loss: 0.0015, Validation Loss: 0.0256
Epoch [157/1000], Loss: 0.0011, Validation Loss: 0.0247
Epoch [158/1000], Loss: 0.0011, Validation Loss: 0.0249
Epoch [159/1000], Loss: 0.0011, Validation Loss: 0.0294
Saved checkpoint: runs/080/epoch_160_0.0011_0.0262.pth
Epoch [160/1000], Loss: 0.0011, Validation Loss: 0.0262
Epoch [161/1000], Loss: 0.0010, Validation Loss: 0.0212
Epoch [162/1000], Loss: 0.0011, Validation Loss: 0.0648
Epoch [163/1000], Loss: 0.0011, Validation Loss: 0.0435
Epoch [164/1000], Loss: 0.0016, Validation Loss: 0.0222
Epoch [165/1000], Loss: 0.0034, Validation Loss: 0.0229
Epoch [166/1000], Loss: 0.0011, Validation Loss: 0.0305
Epoch [167/1000], Loss: 0.0010, Validation Loss: 0.0427
Epoch [168/1000], Loss: 0.0011, Validation Loss: 0.0283
Epoch [169/1000], Loss: 0.0015, Validation Loss: 0.0195
Saved checkpoint: runs/080/epoch_170_0.0033_0.0263.pth
Epoch [170/1000], Loss: 0.0033, Validation Loss: 0.0263
Epoch [171/1000], Loss: 0.0016, Validation Loss: 0.0242
Epoch [172/1000], Loss: 0.0012, Validation Loss: 0.0249
Epoch [173/1000], Loss: 0.0143, Validation Loss: 0.0302
Epoch [174/1000], Loss: 0.0097, Validation Loss: 0.0253
Epoch [175/1000], Loss: 0.0023, Validation Loss: 0.0283
Epoch [176/1000], Loss: 0.0011, Validation Loss: 0.0246
Epoch [177/1000], Loss: 0.0027, Validation Loss: 0.0274
Epoch [178/1000], Loss: 0.0009, Validation Loss: 0.0733
Epoch [179/1000], Loss: 0.0024, Validation Loss: 0.0267
Saved checkpoint: runs/080/epoch_180_0.0017_0.0272.pth
Epoch [180/1000], Loss: 0.0017, Validation Loss: 0.0272
Epoch [181/1000], Loss: 0.0010, Validation Loss: 0.0302
Epoch [182/1000], Loss: 0.0016, Validation Loss: 0.0200
Epoch [183/1000], Loss: 0.0009, Validation Loss: 0.0614
Epoch [184/1000], Loss: 0.0010, Validation Loss: 0.0279
Epoch [185/1000], Loss: 0.0010, Validation Loss: 0.0228
Epoch [186/1000], Loss: 0.0009, Validation Loss: 0.0182
Epoch [187/1000], Loss: 0.0019, Validation Loss: 0.0249
Epoch [188/1000], Loss: 0.0012, Validation Loss: 0.0252
Epoch [189/1000], Loss: 0.0009, Validation Loss: 0.0219
Saved checkpoint: runs/080/epoch_190_0.0009_0.0314.pth
Epoch [190/1000], Loss: 0.0009, Validation Loss: 0.0314
