nohup: ignoring input
/home/navarro/anaconda3/envs/fm3d/lib/python3.10/site-packages/timm/models/layers/__init__.py:48: FutureWarning: Importing from timm.models.layers is deprecated, please import via timm.layers
  warnings.warn(f"Importing from {__name__} is deprecated, please import via timm.layers", FutureWarning)
wandb: Appending key for api.wandb.ai to your netrc file: /home/navarro/.netrc
wandb: Currently logged in as: luismedrano2000 (luismedrano2000-university-of-zaragoza) to https://api.wandb.ai. Use `wandb login --relogin` to force relogin
wandb: Tracking run with wandb version 0.19.11
wandb: Run data is saved locally in /home/navarro/FM-3D-Turbulence/wandb/run-20250608_053916-romziv8s
wandb: Run `wandb offline` to turn off syncing.
wandb: Syncing run lyric-silence-216
wandb: ⭐️ View project at https://wandb.ai/luismedrano2000-university-of-zaragoza/fm
wandb: 🚀 View run at https://wandb.ai/luismedrano2000-university-of-zaragoza/fm/runs/romziv8s
Loading config...
cuda:0
Loading dataset...
N_time: 500, N_channels: 3, Nx: 128, Ny: 128, Nz: 128
/home/navarro/anaconda3/envs/fm3d/lib/python3.10/site-packages/torch/functional.py:554: UserWarning: torch.meshgrid: in an upcoming release, it will be required to pass the indexing argument. (Triggered internally at /pytorch/aten/src/ATen/native/TensorShape.cpp:4314.)
  return _VF.meshgrid(tensors, **kwargs)  # type: ignore[attr-defined]
Starting training...
Epoch [1/1000], Loss: 0.8235, Validation Loss: 0.6123
Epoch [2/1000], Loss: 0.5428, Validation Loss: 0.5259
Epoch [3/1000], Loss: 0.4998, Validation Loss: 0.4935
Epoch [4/1000], Loss: 0.4677, Validation Loss: 0.5238
Epoch [5/1000], Loss: 0.4929, Validation Loss: 0.4147
Epoch [6/1000], Loss: 0.4505, Validation Loss: 0.4519
Epoch [7/1000], Loss: 0.4339, Validation Loss: 0.4729
Epoch [8/1000], Loss: 0.4393, Validation Loss: 0.4552
Epoch [9/1000], Loss: 0.4394, Validation Loss: 0.4617
Epoch [10/1000], Loss: 0.4362, Validation Loss: 0.4410
Epoch [11/1000], Loss: 0.4439, Validation Loss: 0.4645
Epoch [12/1000], Loss: 0.4117, Validation Loss: 0.4511
Epoch [13/1000], Loss: 0.4246, Validation Loss: 0.4007
Epoch [14/1000], Loss: 0.4262, Validation Loss: 0.3923
Epoch [15/1000], Loss: 0.3907, Validation Loss: 0.3812
Epoch [16/1000], Loss: 0.4089, Validation Loss: 0.4209
Epoch [17/1000], Loss: 0.3679, Validation Loss: 0.3545
Epoch [18/1000], Loss: 0.3713, Validation Loss: 0.4080
Epoch [19/1000], Loss: 0.3429, Validation Loss: 0.3424
Epoch [20/1000], Loss: 0.3513, Validation Loss: 0.3435
Epoch [21/1000], Loss: 0.3202, Validation Loss: 0.3681
Epoch [22/1000], Loss: 0.3114, Validation Loss: 0.3731
Epoch [23/1000], Loss: 0.3162, Validation Loss: 0.2683
Epoch [24/1000], Loss: 0.3212, Validation Loss: 0.3389
Epoch [25/1000], Loss: 0.2932, Validation Loss: 0.3427
Epoch [26/1000], Loss: 0.3164, Validation Loss: 0.3124
Epoch [27/1000], Loss: 0.3051, Validation Loss: 0.3274
Epoch [28/1000], Loss: 0.3114, Validation Loss: 0.3504
Epoch [29/1000], Loss: 0.3008, Validation Loss: 0.2735
Epoch [30/1000], Loss: 0.2770, Validation Loss: 0.3001
Epoch [31/1000], Loss: 0.3009, Validation Loss: 0.3119
Epoch [32/1000], Loss: 0.2967, Validation Loss: 0.2976
Epoch [33/1000], Loss: 0.2991, Validation Loss: 0.2860
Epoch [34/1000], Loss: 0.2883, Validation Loss: 0.3023
Epoch [35/1000], Loss: 0.2867, Validation Loss: 0.2866
Epoch [36/1000], Loss: 0.2865, Validation Loss: 0.2669
Epoch [37/1000], Loss: 0.2609, Validation Loss: 0.3094
Epoch [38/1000], Loss: 0.2757, Validation Loss: 0.3018
Epoch [39/1000], Loss: 0.2703, Validation Loss: 0.3308
Epoch [40/1000], Loss: 0.2870, Validation Loss: 0.2791
Epoch [41/1000], Loss: 0.2586, Validation Loss: 0.2726
Epoch [42/1000], Loss: 0.2826, Validation Loss: 0.2797
Epoch [43/1000], Loss: 0.2620, Validation Loss: 0.2653
Epoch [44/1000], Loss: 0.2798, Validation Loss: 0.2790
Epoch [45/1000], Loss: 0.2993, Validation Loss: 0.2789
Epoch [46/1000], Loss: 0.2729, Validation Loss: 0.2627
Epoch [47/1000], Loss: 0.2560, Validation Loss: 0.2750
Epoch [48/1000], Loss: 0.2627, Validation Loss: 0.2741
Epoch [49/1000], Loss: 0.2602, Validation Loss: 0.2795
Epoch [50/1000], Loss: 0.2664, Validation Loss: 0.2868
Epoch [51/1000], Loss: 0.2670, Validation Loss: 0.2896
Epoch [52/1000], Loss: 0.2591, Validation Loss: 0.2616
Epoch [53/1000], Loss: 0.2525, Validation Loss: 0.2221
Epoch [54/1000], Loss: 0.2624, Validation Loss: 0.2824
Epoch [55/1000], Loss: 0.2514, Validation Loss: 0.2907
Epoch [56/1000], Loss: 0.2691, Validation Loss: 0.2926
Epoch [57/1000], Loss: 0.2736, Validation Loss: 0.2771
Epoch [58/1000], Loss: 0.2805, Validation Loss: 0.2921
Epoch [59/1000], Loss: 0.2642, Validation Loss: 0.2686
Epoch [60/1000], Loss: 0.2619, Validation Loss: 0.2599
Epoch [61/1000], Loss: 0.2486, Validation Loss: 0.2421
Epoch [62/1000], Loss: 0.2551, Validation Loss: 0.2335
Epoch [63/1000], Loss: 0.2564, Validation Loss: 0.2361
Epoch [64/1000], Loss: 0.2399, Validation Loss: 0.2333
Epoch [65/1000], Loss: 0.2678, Validation Loss: 0.2507
Epoch [66/1000], Loss: 0.2353, Validation Loss: 0.2356
Epoch [67/1000], Loss: 0.2672, Validation Loss: 0.2546
Epoch [68/1000], Loss: 0.2477, Validation Loss: 0.2943
Epoch [69/1000], Loss: 0.2540, Validation Loss: 0.2575
Epoch [70/1000], Loss: 0.2577, Validation Loss: 0.2682
Epoch [71/1000], Loss: 0.2565, Validation Loss: 0.2695
Epoch [72/1000], Loss: 0.2425, Validation Loss: 0.2502
Epoch [73/1000], Loss: 0.2428, Validation Loss: 0.2264
Epoch [74/1000], Loss: 0.2513, Validation Loss: 0.2401
Epoch [75/1000], Loss: 0.2464, Validation Loss: 0.2812
Epoch [76/1000], Loss: 0.2526, Validation Loss: 0.2490
Epoch [77/1000], Loss: 0.2428, Validation Loss: 0.2830
Epoch [78/1000], Loss: 0.2615, Validation Loss: 0.2759
Epoch [79/1000], Loss: 0.2498, Validation Loss: 0.2438
Epoch [80/1000], Loss: 0.2508, Validation Loss: 0.2793
Epoch [81/1000], Loss: 0.2701, Validation Loss: 0.2480
Epoch [82/1000], Loss: 0.2475, Validation Loss: 0.3365
Epoch [83/1000], Loss: 0.2439, Validation Loss: 0.2288
Epoch [84/1000], Loss: 0.2355, Validation Loss: 0.3069
Epoch [85/1000], Loss: 0.2591, Validation Loss: 0.2346
Epoch [86/1000], Loss: 0.2498, Validation Loss: 0.2731
Epoch [87/1000], Loss: 0.2441, Validation Loss: 0.2413
Epoch [88/1000], Loss: 0.2453, Validation Loss: 0.2425
Epoch [89/1000], Loss: 0.2557, Validation Loss: 0.2636
Epoch [90/1000], Loss: 0.2513, Validation Loss: 0.3413
Epoch [91/1000], Loss: 0.2523, Validation Loss: 0.2400
Epoch [92/1000], Loss: 0.2549, Validation Loss: 0.2621
Epoch [93/1000], Loss: 0.2516, Validation Loss: 0.2404
Epoch [94/1000], Loss: 0.2359, Validation Loss: 0.2692
Epoch [95/1000], Loss: 0.2383, Validation Loss: 0.2371
Epoch [96/1000], Loss: 0.2542, Validation Loss: 0.2455
Epoch [97/1000], Loss: 0.2549, Validation Loss: 0.2461
Epoch [98/1000], Loss: 0.2406, Validation Loss: 0.2474
Epoch [99/1000], Loss: 0.2499, Validation Loss: 0.2900
Saved checkpoint: runs/005/epoch_100_0.2293_0.2480.pth
Epoch [100/1000], Loss: 0.2293, Validation Loss: 0.2480
Epoch [101/1000], Loss: 0.2427, Validation Loss: 0.2312
Epoch [102/1000], Loss: 0.2346, Validation Loss: 0.2457
Epoch [103/1000], Loss: 0.2365, Validation Loss: 0.2362
Epoch [104/1000], Loss: 0.2464, Validation Loss: 0.2318
Epoch [105/1000], Loss: 0.2280, Validation Loss: 0.2271
Epoch [106/1000], Loss: 0.2544, Validation Loss: 0.2912
Epoch [107/1000], Loss: 0.2438, Validation Loss: 0.2239
Epoch [108/1000], Loss: 0.2441, Validation Loss: 0.2390
Epoch [109/1000], Loss: 0.2290, Validation Loss: 0.2480
Epoch [110/1000], Loss: 0.2361, Validation Loss: 0.2267
Epoch [111/1000], Loss: 0.2389, Validation Loss: 0.2227
Epoch [112/1000], Loss: 0.2325, Validation Loss: 0.2238
Epoch [113/1000], Loss: 0.2246, Validation Loss: 0.2711
Epoch [114/1000], Loss: 0.2331, Validation Loss: 0.3002
Epoch [115/1000], Loss: 0.2384, Validation Loss: 0.2400
Epoch [116/1000], Loss: 0.2336, Validation Loss: 0.2671
Epoch [117/1000], Loss: 0.2473, Validation Loss: 0.2490
Epoch [118/1000], Loss: 0.2367, Validation Loss: 0.2319
Epoch [119/1000], Loss: 0.2290, Validation Loss: 0.2488
Epoch [120/1000], Loss: 0.2386, Validation Loss: 0.2623
Epoch [121/1000], Loss: 0.2414, Validation Loss: 0.3104
Epoch [122/1000], Loss: 0.2293, Validation Loss: 0.2453
Epoch [123/1000], Loss: 0.2308, Validation Loss: 0.2233
Epoch [124/1000], Loss: 0.2408, Validation Loss: 0.2500
Epoch [125/1000], Loss: 0.2347, Validation Loss: 0.2532
Epoch [126/1000], Loss: 0.2369, Validation Loss: 0.2086
Epoch [127/1000], Loss: 0.2274, Validation Loss: 0.2539
Epoch [128/1000], Loss: 0.2401, Validation Loss: 0.2937
Epoch [129/1000], Loss: 0.2378, Validation Loss: 0.2635
Epoch [130/1000], Loss: 0.2259, Validation Loss: 0.2472
Epoch [131/1000], Loss: 0.2227, Validation Loss: 0.2498
Epoch [132/1000], Loss: 0.2257, Validation Loss: 0.2421
Epoch [133/1000], Loss: 0.2336, Validation Loss: 0.2325
Epoch [134/1000], Loss: 0.2414, Validation Loss: 0.2715
Epoch [135/1000], Loss: 0.2143, Validation Loss: 0.1940
Epoch [136/1000], Loss: 0.2535, Validation Loss: 0.2240
Epoch [137/1000], Loss: 0.2259, Validation Loss: 0.2063
Epoch [138/1000], Loss: 0.2412, Validation Loss: 0.2133
Epoch [139/1000], Loss: 0.2359, Validation Loss: 0.2524
Epoch [140/1000], Loss: 0.2374, Validation Loss: 0.2778
Epoch [141/1000], Loss: 0.2530, Validation Loss: 0.2493
Epoch [142/1000], Loss: 0.2319, Validation Loss: 0.2337
Epoch [143/1000], Loss: 0.2346, Validation Loss: 0.2780
Epoch [144/1000], Loss: 0.2298, Validation Loss: 0.2370
Epoch [145/1000], Loss: 0.2212, Validation Loss: 0.2457
Epoch [146/1000], Loss: 0.2460, Validation Loss: 0.2648
Epoch [147/1000], Loss: 0.2290, Validation Loss: 0.2234
Epoch [148/1000], Loss: 0.2297, Validation Loss: 0.2435
Epoch [149/1000], Loss: 0.2232, Validation Loss: 0.2293
Epoch [150/1000], Loss: 0.2211, Validation Loss: 0.2307
Epoch [151/1000], Loss: 0.2249, Validation Loss: 0.2359
Epoch [152/1000], Loss: 0.2464, Validation Loss: 0.2198
Epoch [153/1000], Loss: 0.2317, Validation Loss: 0.2389
Epoch [154/1000], Loss: 0.2270, Validation Loss: 0.2099
Epoch [155/1000], Loss: 0.2336, Validation Loss: 0.2243
Epoch [156/1000], Loss: 0.2219, Validation Loss: 0.2288
Epoch [157/1000], Loss: 0.2286, Validation Loss: 0.2530
Epoch [158/1000], Loss: 0.2274, Validation Loss: 0.2541
Epoch [159/1000], Loss: 0.2295, Validation Loss: 0.2416
Epoch [160/1000], Loss: 0.2330, Validation Loss: 0.2353
Epoch [161/1000], Loss: 0.2191, Validation Loss: 0.2353
Epoch [162/1000], Loss: 0.2303, Validation Loss: 0.2544
Epoch [163/1000], Loss: 0.2173, Validation Loss: 0.2379
Epoch [164/1000], Loss: 0.2370, Validation Loss: 0.2126
Epoch [165/1000], Loss: 0.2225, Validation Loss: 0.2427
Epoch [166/1000], Loss: 0.2276, Validation Loss: 0.2277
Epoch [167/1000], Loss: 0.2302, Validation Loss: 0.2196
Epoch [168/1000], Loss: 0.2205, Validation Loss: 0.2126
Epoch [169/1000], Loss: 0.2127, Validation Loss: 0.2704
Epoch [170/1000], Loss: 0.2321, Validation Loss: 0.2657
Epoch [171/1000], Loss: 0.2349, Validation Loss: 0.2929
Epoch [172/1000], Loss: 0.2282, Validation Loss: 0.2651
Epoch [173/1000], Loss: 0.2250, Validation Loss: 0.2226
Epoch [174/1000], Loss: 0.2311, Validation Loss: 0.2154
Epoch [175/1000], Loss: 0.2398, Validation Loss: 0.2612
Epoch [176/1000], Loss: 0.2271, Validation Loss: 0.2364
Epoch [177/1000], Loss: 0.2256, Validation Loss: 0.2243
Epoch [178/1000], Loss: 0.2282, Validation Loss: 0.2169
Epoch [179/1000], Loss: 0.2151, Validation Loss: 0.2844
Epoch [180/1000], Loss: 0.2321, Validation Loss: 0.2226
Epoch [181/1000], Loss: 0.2281, Validation Loss: 0.2319
Epoch [182/1000], Loss: 0.2176, Validation Loss: 0.2741
Epoch [183/1000], Loss: 0.2256, Validation Loss: 0.2615
Epoch [184/1000], Loss: 0.2318, Validation Loss: 0.2507
Epoch [185/1000], Loss: 0.2182, Validation Loss: 0.2198
Epoch [186/1000], Loss: 0.2215, Validation Loss: 0.2260
Epoch [187/1000], Loss: 0.2245, Validation Loss: 0.2194
Epoch [188/1000], Loss: 0.2292, Validation Loss: 0.2128
Epoch [189/1000], Loss: 0.2346, Validation Loss: 0.2675
Epoch [190/1000], Loss: 0.2180, Validation Loss: 0.1931
Epoch [191/1000], Loss: 0.2365, Validation Loss: 0.2259
Epoch [192/1000], Loss: 0.2166, Validation Loss: 0.2181
Epoch [193/1000], Loss: 0.2306, Validation Loss: 0.1925
Epoch [194/1000], Loss: 0.2373, Validation Loss: 0.2185
Epoch [195/1000], Loss: 0.2197, Validation Loss: 0.2186
Epoch [196/1000], Loss: 0.2247, Validation Loss: 0.2618
Epoch [197/1000], Loss: 0.2228, Validation Loss: 0.2348
Epoch [198/1000], Loss: 0.2305, Validation Loss: 0.2456
Epoch [199/1000], Loss: 0.2262, Validation Loss: 0.2428
Saved checkpoint: runs/005/epoch_200_0.2254_0.2475.pth
Epoch [200/1000], Loss: 0.2254, Validation Loss: 0.2475
Epoch [201/1000], Loss: 0.2318, Validation Loss: 0.2393
Epoch [202/1000], Loss: 0.2181, Validation Loss: 0.2573
Epoch [203/1000], Loss: 0.2214, Validation Loss: 0.2498
Epoch [204/1000], Loss: 0.2243, Validation Loss: 0.2539
Epoch [205/1000], Loss: 0.2222, Validation Loss: 0.2167
Epoch [206/1000], Loss: 0.2296, Validation Loss: 0.1951
Epoch [207/1000], Loss: 0.2198, Validation Loss: 0.2109
Epoch [208/1000], Loss: 0.2379, Validation Loss: 0.2630
Epoch [209/1000], Loss: 0.2250, Validation Loss: 0.2485
Epoch [210/1000], Loss: 0.2123, Validation Loss: 0.2359
Epoch [211/1000], Loss: 0.2213, Validation Loss: 0.2072
Epoch [212/1000], Loss: 0.2217, Validation Loss: 0.2390
Epoch [213/1000], Loss: 0.2334, Validation Loss: 0.2901
Epoch [214/1000], Loss: 0.2086, Validation Loss: 0.2351
Epoch [215/1000], Loss: 0.2250, Validation Loss: 0.2013
Epoch [216/1000], Loss: 0.2369, Validation Loss: 0.2027
Epoch [217/1000], Loss: 0.2202, Validation Loss: 0.1971
Epoch [218/1000], Loss: 0.2175, Validation Loss: 0.2300
Epoch [219/1000], Loss: 0.2127, Validation Loss: 0.2541
Epoch [220/1000], Loss: 0.2357, Validation Loss: 0.2315
Epoch [221/1000], Loss: 0.2220, Validation Loss: 0.2261
Epoch [222/1000], Loss: 0.2239, Validation Loss: 0.2879
Epoch [223/1000], Loss: 0.2191, Validation Loss: 0.2145
Epoch [224/1000], Loss: 0.2207, Validation Loss: 0.2794
Epoch [225/1000], Loss: 0.2114, Validation Loss: 0.2383
Epoch [226/1000], Loss: 0.2286, Validation Loss: 0.2491
Epoch [227/1000], Loss: 0.2207, Validation Loss: 0.2327
Epoch [228/1000], Loss: 0.2245, Validation Loss: 0.2084
Epoch [229/1000], Loss: 0.2182, Validation Loss: 0.2575
Epoch [230/1000], Loss: 0.2190, Validation Loss: 0.2539
Epoch [231/1000], Loss: 0.2182, Validation Loss: 0.2432
Epoch [232/1000], Loss: 0.2172, Validation Loss: 0.2144
Epoch [233/1000], Loss: 0.2271, Validation Loss: 0.2615
Epoch [234/1000], Loss: 0.2218, Validation Loss: 0.2244
Epoch [235/1000], Loss: 0.2126, Validation Loss: 0.2694
Epoch [236/1000], Loss: 0.2230, Validation Loss: 0.2547
Epoch [237/1000], Loss: 0.2180, Validation Loss: 0.2164
Epoch [238/1000], Loss: 0.2209, Validation Loss: 0.2021
Epoch [239/1000], Loss: 0.2318, Validation Loss: 0.2723
Epoch [240/1000], Loss: 0.2143, Validation Loss: 0.2488
Epoch [241/1000], Loss: 0.2249, Validation Loss: 0.2221
Epoch [242/1000], Loss: 0.2301, Validation Loss: 0.2188
Epoch [243/1000], Loss: 0.2168, Validation Loss: 0.2530
Epoch [244/1000], Loss: 0.2202, Validation Loss: 0.2412
Epoch [245/1000], Loss: 0.2282, Validation Loss: 0.2341
Epoch [246/1000], Loss: 0.2194, Validation Loss: 0.2254
Epoch [247/1000], Loss: 0.2094, Validation Loss: 0.2829
Epoch [248/1000], Loss: 0.2217, Validation Loss: 0.2150
Epoch [249/1000], Loss: 0.2199, Validation Loss: 0.2368
Epoch [250/1000], Loss: 0.2211, Validation Loss: 0.2101
Epoch [251/1000], Loss: 0.2165, Validation Loss: 0.2691
Epoch [252/1000], Loss: 0.2141, Validation Loss: 0.2159
Epoch [253/1000], Loss: 0.2218, Validation Loss: 0.2171
Epoch [254/1000], Loss: 0.2273, Validation Loss: 0.2260
Epoch [255/1000], Loss: 0.2177, Validation Loss: 0.2467
Epoch [256/1000], Loss: 0.2188, Validation Loss: 0.2304
Epoch [257/1000], Loss: 0.2193, Validation Loss: 0.2310
Epoch [258/1000], Loss: 0.2093, Validation Loss: 0.2398
Epoch [259/1000], Loss: 0.2079, Validation Loss: 0.2703
Epoch [260/1000], Loss: 0.2127, Validation Loss: 0.2459
Epoch [261/1000], Loss: 0.2251, Validation Loss: 0.2404
Epoch [262/1000], Loss: 0.2346, Validation Loss: 0.2503
Epoch [263/1000], Loss: 0.2123, Validation Loss: 0.1911
Epoch [264/1000], Loss: 0.2115, Validation Loss: 0.2464
Epoch [265/1000], Loss: 0.2083, Validation Loss: 0.2455
Epoch [266/1000], Loss: 0.2221, Validation Loss: 0.2100
Epoch [267/1000], Loss: 0.2240, Validation Loss: 0.2323
Epoch [268/1000], Loss: 0.2250, Validation Loss: 0.2270
Epoch [269/1000], Loss: 0.2243, Validation Loss: 0.2587
Epoch [270/1000], Loss: 0.2299, Validation Loss: 0.2409
Epoch [271/1000], Loss: 0.2105, Validation Loss: 0.2173
Epoch [272/1000], Loss: 0.2330, Validation Loss: 0.2657
Epoch [273/1000], Loss: 0.2217, Validation Loss: 0.2406
Epoch [274/1000], Loss: 0.2127, Validation Loss: 0.2452
Epoch [275/1000], Loss: 0.2193, Validation Loss: 0.2391
Epoch [276/1000], Loss: 0.2104, Validation Loss: 0.2457
Epoch [277/1000], Loss: 0.2219, Validation Loss: 0.2058
Epoch [278/1000], Loss: 0.2178, Validation Loss: 0.2336
Epoch [279/1000], Loss: 0.2316, Validation Loss: 0.2347
Epoch [280/1000], Loss: 0.2124, Validation Loss: 0.2170
Epoch [281/1000], Loss: 0.2081, Validation Loss: 0.2025
Epoch [282/1000], Loss: 0.2254, Validation Loss: 0.2408
Epoch [283/1000], Loss: 0.2200, Validation Loss: 0.2391
Epoch [284/1000], Loss: 0.2091, Validation Loss: 0.2258
Epoch [285/1000], Loss: 0.2220, Validation Loss: 0.2691
Epoch [286/1000], Loss: 0.2194, Validation Loss: 0.2581
Epoch [287/1000], Loss: 0.2173, Validation Loss: 0.2360
Epoch [288/1000], Loss: 0.2213, Validation Loss: 0.2111
Epoch [289/1000], Loss: 0.2201, Validation Loss: 0.2476
Epoch [290/1000], Loss: 0.2066, Validation Loss: 0.1989
Epoch [291/1000], Loss: 0.2246, Validation Loss: 0.2713
Epoch [292/1000], Loss: 0.2211, Validation Loss: 0.2273
Epoch [293/1000], Loss: 0.2183, Validation Loss: 0.2299
Epoch [294/1000], Loss: 0.2171, Validation Loss: 0.2264
Epoch [295/1000], Loss: 0.2162, Validation Loss: 0.2069
Epoch [296/1000], Loss: 0.2251, Validation Loss: 0.2270
Epoch [297/1000], Loss: 0.2251, Validation Loss: 0.2612
Epoch [298/1000], Loss: 0.2203, Validation Loss: 0.2104
Epoch [299/1000], Loss: 0.2177, Validation Loss: 0.1985
Saved checkpoint: runs/005/epoch_300_0.2154_0.2475.pth
Epoch [300/1000], Loss: 0.2154, Validation Loss: 0.2475
Epoch [301/1000], Loss: 0.2276, Validation Loss: 0.2506
Epoch [302/1000], Loss: 0.2242, Validation Loss: 0.2342
Epoch [303/1000], Loss: 0.2172, Validation Loss: 0.2064
Epoch [304/1000], Loss: 0.2229, Validation Loss: 0.2065
Epoch [305/1000], Loss: 0.2161, Validation Loss: 0.2348
Epoch [306/1000], Loss: 0.2188, Validation Loss: 0.1996
Epoch [307/1000], Loss: 0.2118, Validation Loss: 0.2402
Epoch [308/1000], Loss: 0.2217, Validation Loss: 0.2017
Epoch [309/1000], Loss: 0.2184, Validation Loss: 0.2247
Epoch [310/1000], Loss: 0.2251, Validation Loss: 0.2181
Epoch [311/1000], Loss: 0.2268, Validation Loss: 0.2464
Epoch [312/1000], Loss: 0.2109, Validation Loss: 0.2365
Epoch [313/1000], Loss: 0.2261, Validation Loss: 0.2235
Epoch [314/1000], Loss: 0.2156, Validation Loss: 0.2141
Epoch [315/1000], Loss: 0.2160, Validation Loss: 0.2552
Epoch [316/1000], Loss: 0.2218, Validation Loss: 0.2368
Epoch [317/1000], Loss: 0.2147, Validation Loss: 0.2181
Epoch [318/1000], Loss: 0.2228, Validation Loss: 0.2324
Epoch [319/1000], Loss: 0.2117, Validation Loss: 0.2043
Epoch [320/1000], Loss: 0.2083, Validation Loss: 0.2412
Epoch [321/1000], Loss: 0.2253, Validation Loss: 0.2313
Epoch [322/1000], Loss: 0.2281, Validation Loss: 0.2262
Epoch [323/1000], Loss: 0.2316, Validation Loss: 0.2217
Epoch [324/1000], Loss: 0.2180, Validation Loss: 0.2168
Epoch [325/1000], Loss: 0.2082, Validation Loss: 0.2266
Epoch [326/1000], Loss: 0.2135, Validation Loss: 0.2723
Epoch [327/1000], Loss: 0.2100, Validation Loss: 0.2144
Epoch [328/1000], Loss: 0.2196, Validation Loss: 0.2395
Epoch [329/1000], Loss: 0.2075, Validation Loss: 0.2573
Epoch [330/1000], Loss: 0.2284, Validation Loss: 0.2589
Epoch [331/1000], Loss: 0.2268, Validation Loss: 0.2686
Epoch [332/1000], Loss: 0.2211, Validation Loss: 0.2371
Epoch [333/1000], Loss: 0.2146, Validation Loss: 0.2201
Epoch [334/1000], Loss: 0.2117, Validation Loss: 0.2333
Epoch [335/1000], Loss: 0.2118, Validation Loss: 0.2170
Epoch [336/1000], Loss: 0.2137, Validation Loss: 0.2599
Epoch [337/1000], Loss: 0.2082, Validation Loss: 0.2292
Epoch [338/1000], Loss: 0.2144, Validation Loss: 0.1900
Epoch [339/1000], Loss: 0.2171, Validation Loss: 0.1892
Epoch [340/1000], Loss: 0.2201, Validation Loss: 0.2151
Epoch [341/1000], Loss: 0.2171, Validation Loss: 0.2397
Epoch [342/1000], Loss: 0.2210, Validation Loss: 0.2288
Epoch [343/1000], Loss: 0.2072, Validation Loss: 0.1994
Epoch [344/1000], Loss: 0.2175, Validation Loss: 0.2151
Epoch [345/1000], Loss: 0.2191, Validation Loss: 0.2367
Epoch [346/1000], Loss: 0.2149, Validation Loss: 0.2519
Epoch [347/1000], Loss: 0.2164, Validation Loss: 0.2631
Epoch [348/1000], Loss: 0.2218, Validation Loss: 0.2056
Epoch [349/1000], Loss: 0.2164, Validation Loss: 0.2098
Epoch [350/1000], Loss: 0.2120, Validation Loss: 0.2271
Epoch [351/1000], Loss: 0.2060, Validation Loss: 0.2028
Epoch [352/1000], Loss: 0.2139, Validation Loss: 0.2161
Epoch [353/1000], Loss: 0.2147, Validation Loss: 0.1834
Epoch [354/1000], Loss: 0.2094, Validation Loss: 0.2395
Epoch [355/1000], Loss: 0.2062, Validation Loss: 0.2494
Epoch [356/1000], Loss: 0.2155, Validation Loss: 0.2286
Epoch [357/1000], Loss: 0.2160, Validation Loss: 0.2069
Epoch [358/1000], Loss: 0.2164, Validation Loss: 0.2181
Epoch [359/1000], Loss: 0.2115, Validation Loss: 0.2284
Epoch [360/1000], Loss: 0.2138, Validation Loss: 0.2110
Epoch [361/1000], Loss: 0.2258, Validation Loss: 0.2197
Epoch [362/1000], Loss: 0.2043, Validation Loss: 0.2426
Epoch [363/1000], Loss: 0.2104, Validation Loss: 0.2355
Epoch [364/1000], Loss: 0.2026, Validation Loss: 0.2395
Epoch [365/1000], Loss: 0.2186, Validation Loss: 0.2197
Epoch [366/1000], Loss: 0.2268, Validation Loss: 0.2268
Epoch [367/1000], Loss: 0.2253, Validation Loss: 0.2378
Epoch [368/1000], Loss: 0.2141, Validation Loss: 0.2444
Epoch [369/1000], Loss: 0.2233, Validation Loss: 0.1956
Epoch [370/1000], Loss: 0.2128, Validation Loss: 0.2380
Epoch [371/1000], Loss: 0.2035, Validation Loss: 0.2197
Epoch [372/1000], Loss: 0.2122, Validation Loss: 0.2298
Epoch [373/1000], Loss: 0.2025, Validation Loss: 0.1820
Epoch [374/1000], Loss: 0.2149, Validation Loss: 0.2219
Epoch [375/1000], Loss: 0.2054, Validation Loss: 0.2114
Epoch [376/1000], Loss: 0.2183, Validation Loss: 0.2454
Epoch [377/1000], Loss: 0.2155, Validation Loss: 0.2301
Epoch [378/1000], Loss: 0.2173, Validation Loss: 0.2191
Epoch [379/1000], Loss: 0.2257, Validation Loss: 0.2446
Epoch [380/1000], Loss: 0.2092, Validation Loss: 0.2182
Epoch [381/1000], Loss: 0.2187, Validation Loss: 0.2284
Epoch [382/1000], Loss: 0.2123, Validation Loss: 0.2285
Epoch [383/1000], Loss: 0.2289, Validation Loss: 0.2494
Epoch [384/1000], Loss: 0.2226, Validation Loss: 0.2100
Epoch [385/1000], Loss: 0.2132, Validation Loss: 0.2327
Epoch [386/1000], Loss: 0.2084, Validation Loss: 0.2515
Epoch [387/1000], Loss: 0.2167, Validation Loss: 0.2497
Epoch [388/1000], Loss: 0.2152, Validation Loss: 0.2103
Epoch [389/1000], Loss: 0.2104, Validation Loss: 0.2041
Epoch [390/1000], Loss: 0.2115, Validation Loss: 0.2110
Epoch [391/1000], Loss: 0.2101, Validation Loss: 0.2607
Epoch [392/1000], Loss: 0.2122, Validation Loss: 0.2234
Epoch [393/1000], Loss: 0.2197, Validation Loss: 0.2000
Epoch [394/1000], Loss: 0.2303, Validation Loss: 0.2266
Epoch [395/1000], Loss: 0.2280, Validation Loss: 0.2026
Epoch [396/1000], Loss: 0.2172, Validation Loss: 0.2530
Epoch [397/1000], Loss: 0.2211, Validation Loss: 0.2236
Epoch [398/1000], Loss: 0.2102, Validation Loss: 0.2171
Epoch [399/1000], Loss: 0.2021, Validation Loss: 0.2605
Saved checkpoint: runs/005/epoch_400_0.2105_0.2237.pth
Epoch [400/1000], Loss: 0.2105, Validation Loss: 0.2237
Epoch [401/1000], Loss: 0.2146, Validation Loss: 0.2359
Epoch [402/1000], Loss: 0.2177, Validation Loss: 0.2009
Epoch [403/1000], Loss: 0.2081, Validation Loss: 0.2615
Epoch [404/1000], Loss: 0.2146, Validation Loss: 0.2138
Epoch [405/1000], Loss: 0.2154, Validation Loss: 0.2163
Epoch [406/1000], Loss: 0.2275, Validation Loss: 0.2227
Epoch [407/1000], Loss: 0.2101, Validation Loss: 0.2280
Epoch [408/1000], Loss: 0.2143, Validation Loss: 0.2547
Epoch [409/1000], Loss: 0.2234, Validation Loss: 0.2239
Epoch [410/1000], Loss: 0.2150, Validation Loss: 0.2325
Epoch [411/1000], Loss: 0.2084, Validation Loss: 0.2604
Epoch [412/1000], Loss: 0.2213, Validation Loss: 0.2088
Epoch [413/1000], Loss: 0.2176, Validation Loss: 0.2393
Epoch [414/1000], Loss: 0.2100, Validation Loss: 0.2180
Epoch [415/1000], Loss: 0.2059, Validation Loss: 0.2443
Epoch [416/1000], Loss: 0.2039, Validation Loss: 0.2296
Epoch [417/1000], Loss: 0.2100, Validation Loss: 0.2245
Epoch [418/1000], Loss: 0.2125, Validation Loss: 0.2294
Epoch [419/1000], Loss: 0.2169, Validation Loss: 0.2233
Epoch [420/1000], Loss: 0.2242, Validation Loss: 0.2226
Epoch [421/1000], Loss: 0.2061, Validation Loss: 0.1963
Epoch [422/1000], Loss: 0.2120, Validation Loss: 0.2151
Epoch [423/1000], Loss: 0.2197, Validation Loss: 0.2355
Epoch [424/1000], Loss: 0.2156, Validation Loss: 0.2115
Epoch [425/1000], Loss: 0.2154, Validation Loss: 0.2304
Epoch [426/1000], Loss: 0.2256, Validation Loss: 0.2191
Epoch [427/1000], Loss: 0.2295, Validation Loss: 0.2434
Epoch [428/1000], Loss: 0.2069, Validation Loss: 0.2180
Epoch [429/1000], Loss: 0.2183, Validation Loss: 0.2419
Epoch [430/1000], Loss: 0.2115, Validation Loss: 0.1981
Epoch [431/1000], Loss: 0.2171, Validation Loss: 0.1914
Epoch [432/1000], Loss: 0.2094, Validation Loss: 0.2286
Epoch [433/1000], Loss: 0.2097, Validation Loss: 0.1958
Epoch [434/1000], Loss: 0.2176, Validation Loss: 0.2353
Epoch [435/1000], Loss: 0.2137, Validation Loss: 0.2357
Epoch [436/1000], Loss: 0.2222, Validation Loss: 0.2173
Epoch [437/1000], Loss: 0.2140, Validation Loss: 0.1959
Epoch [438/1000], Loss: 0.2140, Validation Loss: 0.1987
Epoch [439/1000], Loss: 0.2162, Validation Loss: 0.2054
Epoch [440/1000], Loss: 0.2183, Validation Loss: 0.2202
Epoch [441/1000], Loss: 0.2179, Validation Loss: 0.2556
Epoch [442/1000], Loss: 0.2147, Validation Loss: 0.2082
Epoch [443/1000], Loss: 0.2180, Validation Loss: 0.2068
Epoch [444/1000], Loss: 0.2120, Validation Loss: 0.2470
Epoch [445/1000], Loss: 0.2142, Validation Loss: 0.1915
Epoch [446/1000], Loss: 0.2056, Validation Loss: 0.2499
Epoch [447/1000], Loss: 0.2177, Validation Loss: 0.2209
Epoch [448/1000], Loss: 0.2179, Validation Loss: 0.2080
Epoch [449/1000], Loss: 0.2100, Validation Loss: 0.2390
Epoch [450/1000], Loss: 0.2103, Validation Loss: 0.2509
Epoch [451/1000], Loss: 0.2282, Validation Loss: 0.1992
Epoch [452/1000], Loss: 0.2188, Validation Loss: 0.2383
Epoch [453/1000], Loss: 0.2122, Validation Loss: 0.2170
Epoch [454/1000], Loss: 0.2295, Validation Loss: 0.2365
Epoch [455/1000], Loss: 0.2218, Validation Loss: 0.2097
Epoch [456/1000], Loss: 0.2097, Validation Loss: 0.2171
Epoch [457/1000], Loss: 0.2071, Validation Loss: 0.2400
Epoch [458/1000], Loss: 0.2096, Validation Loss: 0.2049
Epoch [459/1000], Loss: 0.2150, Validation Loss: 0.2506
Epoch [460/1000], Loss: 0.2255, Validation Loss: 0.2066
Epoch [461/1000], Loss: 0.2173, Validation Loss: 0.2145
Epoch [462/1000], Loss: 0.2257, Validation Loss: 0.2063
Epoch [463/1000], Loss: 0.2107, Validation Loss: 0.2168
Epoch [464/1000], Loss: 0.2109, Validation Loss: 0.2252
Epoch [465/1000], Loss: 0.2222, Validation Loss: 0.2187
Epoch [466/1000], Loss: 0.2155, Validation Loss: 0.1900
Epoch [467/1000], Loss: 0.2055, Validation Loss: 0.2360
Epoch [468/1000], Loss: 0.2109, Validation Loss: 0.2162
Epoch [469/1000], Loss: 0.2142, Validation Loss: 0.2168
Epoch [470/1000], Loss: 0.2116, Validation Loss: 0.2378
Epoch [471/1000], Loss: 0.2172, Validation Loss: 0.2311
Epoch [472/1000], Loss: 0.2141, Validation Loss: 0.2386
Epoch [473/1000], Loss: 0.2162, Validation Loss: 0.2287
Epoch [474/1000], Loss: 0.2168, Validation Loss: 0.2118
Epoch [475/1000], Loss: 0.2080, Validation Loss: 0.2432
Epoch [476/1000], Loss: 0.2139, Validation Loss: 0.2219
Epoch [477/1000], Loss: 0.2061, Validation Loss: 0.2113
Epoch [478/1000], Loss: 0.2096, Validation Loss: 0.2370
Epoch [479/1000], Loss: 0.2070, Validation Loss: 0.1942
Epoch [480/1000], Loss: 0.2114, Validation Loss: 0.2086
Epoch [481/1000], Loss: 0.2187, Validation Loss: 0.2187
Epoch [482/1000], Loss: 0.2180, Validation Loss: 0.2449
Epoch [483/1000], Loss: 0.2197, Validation Loss: 0.2319
Epoch [484/1000], Loss: 0.2119, Validation Loss: 0.3033
Epoch [485/1000], Loss: 0.2145, Validation Loss: 0.2054
Epoch [486/1000], Loss: 0.2052, Validation Loss: 0.2739
Epoch [487/1000], Loss: 0.2083, Validation Loss: 0.2160
Epoch [488/1000], Loss: 0.2158, Validation Loss: 0.2077
Epoch [489/1000], Loss: 0.2067, Validation Loss: 0.2158
Epoch [490/1000], Loss: 0.2148, Validation Loss: 0.2375
Epoch [491/1000], Loss: 0.2025, Validation Loss: 0.1981
Epoch [492/1000], Loss: 0.2022, Validation Loss: 0.2367
Epoch [493/1000], Loss: 0.2093, Validation Loss: 0.2038
Epoch [494/1000], Loss: 0.2076, Validation Loss: 0.2516
Epoch [495/1000], Loss: 0.2071, Validation Loss: 0.2092
Epoch [496/1000], Loss: 0.2092, Validation Loss: 0.2280
Epoch [497/1000], Loss: 0.2193, Validation Loss: 0.2024
Epoch [498/1000], Loss: 0.2052, Validation Loss: 0.2406
Epoch [499/1000], Loss: 0.2116, Validation Loss: 0.2171
Saved checkpoint: runs/005/epoch_500_0.2169_0.2405.pth
Epoch [500/1000], Loss: 0.2169, Validation Loss: 0.2405
Epoch [501/1000], Loss: 0.1968, Validation Loss: 0.2315
Epoch [502/1000], Loss: 0.2112, Validation Loss: 0.2284
Epoch [503/1000], Loss: 0.2099, Validation Loss: 0.2109
Epoch [504/1000], Loss: 0.2054, Validation Loss: 0.2257
Epoch [505/1000], Loss: 0.2123, Validation Loss: 0.2081
Epoch [506/1000], Loss: 0.2217, Validation Loss: 0.2225
Epoch [507/1000], Loss: 0.2087, Validation Loss: 0.2457
Epoch [508/1000], Loss: 0.2116, Validation Loss: 0.2425
Epoch [509/1000], Loss: 0.2200, Validation Loss: 0.2214
Epoch [510/1000], Loss: 0.2159, Validation Loss: 0.1885
Epoch [511/1000], Loss: 0.2107, Validation Loss: 0.2437
Epoch [512/1000], Loss: 0.2125, Validation Loss: 0.1922
Epoch [513/1000], Loss: 0.2023, Validation Loss: 0.2213
Epoch [514/1000], Loss: 0.2005, Validation Loss: 0.2418
Epoch [515/1000], Loss: 0.2144, Validation Loss: 0.2491
Epoch [516/1000], Loss: 0.2093, Validation Loss: 0.2046
Epoch [517/1000], Loss: 0.2145, Validation Loss: 0.2310
Epoch [518/1000], Loss: 0.2179, Validation Loss: 0.2127
Epoch [519/1000], Loss: 0.2067, Validation Loss: 0.2238
Epoch [520/1000], Loss: 0.2188, Validation Loss: 0.1993
Epoch [521/1000], Loss: 0.2093, Validation Loss: 0.2252
Epoch [522/1000], Loss: 0.2133, Validation Loss: 0.1904
Epoch [523/1000], Loss: 0.2107, Validation Loss: 0.2474
Epoch [524/1000], Loss: 0.2165, Validation Loss: 0.2085
Epoch [525/1000], Loss: 0.2150, Validation Loss: 0.2345
Epoch [526/1000], Loss: 0.2140, Validation Loss: 0.1953
Epoch [527/1000], Loss: 0.2124, Validation Loss: 0.2237
Epoch [528/1000], Loss: 0.2089, Validation Loss: 0.2500
Epoch [529/1000], Loss: 0.2076, Validation Loss: 0.2195
Epoch [530/1000], Loss: 0.2108, Validation Loss: 0.2268
Epoch [531/1000], Loss: 0.2085, Validation Loss: 0.2182
Epoch [532/1000], Loss: 0.2093, Validation Loss: 0.2464
Epoch [533/1000], Loss: 0.2072, Validation Loss: 0.2288
Epoch [534/1000], Loss: 0.2095, Validation Loss: 0.2847
Epoch [535/1000], Loss: 0.2240, Validation Loss: 0.2621
Epoch [536/1000], Loss: 0.2173, Validation Loss: 0.2135
Epoch [537/1000], Loss: 0.2224, Validation Loss: 0.2111
Epoch [538/1000], Loss: 0.2103, Validation Loss: 0.1995
Epoch [539/1000], Loss: 0.2100, Validation Loss: 0.2152
Epoch [540/1000], Loss: 0.2170, Validation Loss: 0.2443
Epoch [541/1000], Loss: 0.2099, Validation Loss: 0.2029
Epoch [542/1000], Loss: 0.2242, Validation Loss: 0.2098
Epoch [543/1000], Loss: 0.2082, Validation Loss: 0.1968
Epoch [544/1000], Loss: 0.2028, Validation Loss: 0.2263
Epoch [545/1000], Loss: 0.2244, Validation Loss: 0.2099
Epoch [546/1000], Loss: 0.2097, Validation Loss: 0.2130
Epoch [547/1000], Loss: 0.2169, Validation Loss: 0.2363
Epoch [548/1000], Loss: 0.2214, Validation Loss: 0.2451
Epoch [549/1000], Loss: 0.2100, Validation Loss: 0.2089
Epoch [550/1000], Loss: 0.2122, Validation Loss: 0.2188
Epoch [551/1000], Loss: 0.2072, Validation Loss: 0.1955
Epoch [552/1000], Loss: 0.2038, Validation Loss: 0.2286
Epoch [553/1000], Loss: 0.2044, Validation Loss: 0.2208
Epoch [554/1000], Loss: 0.2180, Validation Loss: 0.2230
Epoch [555/1000], Loss: 0.2093, Validation Loss: 0.2124
Epoch [556/1000], Loss: 0.2209, Validation Loss: 0.2307
Epoch [557/1000], Loss: 0.2077, Validation Loss: 0.2237
Epoch [558/1000], Loss: 0.2170, Validation Loss: 0.2138
Epoch [559/1000], Loss: 0.2024, Validation Loss: 0.2457
Epoch [560/1000], Loss: 0.2141, Validation Loss: 0.2429
Epoch [561/1000], Loss: 0.2043, Validation Loss: 0.2280
Epoch [562/1000], Loss: 0.2054, Validation Loss: 0.2266
Epoch [563/1000], Loss: 0.2175, Validation Loss: 0.2315
Epoch [564/1000], Loss: 0.2070, Validation Loss: 0.2027
Epoch [565/1000], Loss: 0.2026, Validation Loss: 0.2159
Epoch [566/1000], Loss: 0.2190, Validation Loss: 0.2784
Epoch [567/1000], Loss: 0.2220, Validation Loss: 0.2007
Epoch [568/1000], Loss: 0.2098, Validation Loss: 0.2108
Epoch [569/1000], Loss: 0.2205, Validation Loss: 0.2185
Epoch [570/1000], Loss: 0.2126, Validation Loss: 0.2000
Epoch [571/1000], Loss: 0.2133, Validation Loss: 0.2045
Epoch [572/1000], Loss: 0.2164, Validation Loss: 0.2289
Epoch [573/1000], Loss: 0.2208, Validation Loss: 0.2269
Epoch [574/1000], Loss: 0.2128, Validation Loss: 0.2479
Epoch [575/1000], Loss: 0.2176, Validation Loss: 0.2578
Epoch [576/1000], Loss: 0.2215, Validation Loss: 0.2133
Epoch [577/1000], Loss: 0.2152, Validation Loss: 0.2132
Epoch [578/1000], Loss: 0.2097, Validation Loss: 0.2379
Epoch [579/1000], Loss: 0.2111, Validation Loss: 0.2315
Epoch [580/1000], Loss: 0.2044, Validation Loss: 0.1891
Epoch [581/1000], Loss: 0.2108, Validation Loss: 0.2513
Epoch [582/1000], Loss: 0.2150, Validation Loss: 0.2092
Epoch [583/1000], Loss: 0.2104, Validation Loss: 0.2290
Epoch [584/1000], Loss: 0.2239, Validation Loss: 0.2097
Epoch [585/1000], Loss: 0.2031, Validation Loss: 0.2576
Epoch [586/1000], Loss: 0.2188, Validation Loss: 0.2377
Epoch [587/1000], Loss: 0.2207, Validation Loss: 0.1854
Epoch [588/1000], Loss: 0.2068, Validation Loss: 0.2350
Epoch [589/1000], Loss: 0.2148, Validation Loss: 0.2279
Epoch [590/1000], Loss: 0.2087, Validation Loss: 0.2011
Epoch [591/1000], Loss: 0.2084, Validation Loss: 0.2036
Epoch [592/1000], Loss: 0.2192, Validation Loss: 0.2465
Epoch [593/1000], Loss: 0.2070, Validation Loss: 0.2207
Epoch [594/1000], Loss: 0.2246, Validation Loss: 0.2180
Epoch [595/1000], Loss: 0.2135, Validation Loss: 0.2100
Epoch [596/1000], Loss: 0.2129, Validation Loss: 0.1994
Epoch [597/1000], Loss: 0.2122, Validation Loss: 0.2005
Epoch [598/1000], Loss: 0.2047, Validation Loss: 0.2298
Epoch [599/1000], Loss: 0.2089, Validation Loss: 0.2561
Saved checkpoint: runs/005/epoch_600_0.2196_0.2265.pth
Epoch [600/1000], Loss: 0.2196, Validation Loss: 0.2265
Epoch [601/1000], Loss: 0.2086, Validation Loss: 0.2118
Epoch [602/1000], Loss: 0.2078, Validation Loss: 0.2427
Epoch [603/1000], Loss: 0.2126, Validation Loss: 0.2401
Epoch [604/1000], Loss: 0.2107, Validation Loss: 0.2252
Epoch [605/1000], Loss: 0.2051, Validation Loss: 0.2373
Epoch [606/1000], Loss: 0.2078, Validation Loss: 0.2334
Epoch [607/1000], Loss: 0.2141, Validation Loss: 0.2139
Epoch [608/1000], Loss: 0.2094, Validation Loss: 0.2467
Epoch [609/1000], Loss: 0.2199, Validation Loss: 0.2614
Epoch [610/1000], Loss: 0.2074, Validation Loss: 0.1918
Epoch [611/1000], Loss: 0.2036, Validation Loss: 0.2302
Epoch [612/1000], Loss: 0.2254, Validation Loss: 0.2606
Epoch [613/1000], Loss: 0.2190, Validation Loss: 0.2187
Epoch [614/1000], Loss: 0.2149, Validation Loss: 0.2356
Epoch [615/1000], Loss: 0.2020, Validation Loss: 0.2146
Epoch [616/1000], Loss: 0.2108, Validation Loss: 0.2321
Epoch [617/1000], Loss: 0.2104, Validation Loss: 0.2180
Epoch [618/1000], Loss: 0.2178, Validation Loss: 0.2030
Epoch [619/1000], Loss: 0.2078, Validation Loss: 0.2321
Epoch [620/1000], Loss: 0.2176, Validation Loss: 0.1912
Epoch [621/1000], Loss: 0.1989, Validation Loss: 0.2278
Epoch [622/1000], Loss: 0.2013, Validation Loss: 0.1933
Epoch [623/1000], Loss: 0.2182, Validation Loss: 0.2345
Epoch [624/1000], Loss: 0.2017, Validation Loss: 0.2469
Epoch [625/1000], Loss: 0.2129, Validation Loss: 0.2382
Epoch [626/1000], Loss: 0.2027, Validation Loss: 0.2470
Epoch [627/1000], Loss: 0.2075, Validation Loss: 0.2224
Epoch [628/1000], Loss: 0.1982, Validation Loss: 0.2344
Epoch [629/1000], Loss: 0.2132, Validation Loss: 0.2140
Epoch [630/1000], Loss: 0.2133, Validation Loss: 0.2255
Epoch [631/1000], Loss: 0.2188, Validation Loss: 0.2499
Epoch [632/1000], Loss: 0.2160, Validation Loss: 0.2625
Epoch [633/1000], Loss: 0.2144, Validation Loss: 0.2185
Epoch [634/1000], Loss: 0.2167, Validation Loss: 0.2679
Epoch [635/1000], Loss: 0.2204, Validation Loss: 0.2115
Epoch [636/1000], Loss: 0.2114, Validation Loss: 0.2141
Epoch [637/1000], Loss: 0.2114, Validation Loss: 0.2247
Epoch [638/1000], Loss: 0.2073, Validation Loss: 0.2269
Epoch [639/1000], Loss: 0.2081, Validation Loss: 0.2026
Epoch [640/1000], Loss: 0.2047, Validation Loss: 0.1971
Epoch [641/1000], Loss: 0.2061, Validation Loss: 0.2211
Epoch [642/1000], Loss: 0.2084, Validation Loss: 0.2076
Epoch [643/1000], Loss: 0.2127, Validation Loss: 0.2289
Epoch [644/1000], Loss: 0.2064, Validation Loss: 0.2082
Epoch [645/1000], Loss: 0.1994, Validation Loss: 0.2214
Epoch [646/1000], Loss: 0.2192, Validation Loss: 0.2017
Epoch [647/1000], Loss: 0.2132, Validation Loss: 0.2104
Epoch [648/1000], Loss: 0.2081, Validation Loss: 0.2308
Epoch [649/1000], Loss: 0.2088, Validation Loss: 0.2674
Epoch [650/1000], Loss: 0.2140, Validation Loss: 0.2009
Epoch [651/1000], Loss: 0.2110, Validation Loss: 0.2308
Epoch [652/1000], Loss: 0.2087, Validation Loss: 0.2502
Epoch [653/1000], Loss: 0.2015, Validation Loss: 0.2131
Epoch [654/1000], Loss: 0.2070, Validation Loss: 0.2197
Epoch [655/1000], Loss: 0.2106, Validation Loss: 0.2268
Epoch [656/1000], Loss: 0.2090, Validation Loss: 0.2218
Epoch [657/1000], Loss: 0.2064, Validation Loss: 0.2374
Epoch [658/1000], Loss: 0.2042, Validation Loss: 0.2239
Epoch [659/1000], Loss: 0.2072, Validation Loss: 0.2059
Epoch [660/1000], Loss: 0.2100, Validation Loss: 0.1865
Epoch [661/1000], Loss: 0.2120, Validation Loss: 0.2212
Epoch [662/1000], Loss: 0.2125, Validation Loss: 0.2349
Epoch [663/1000], Loss: 0.2188, Validation Loss: 0.1983
Epoch [664/1000], Loss: 0.2146, Validation Loss: 0.2620
Epoch [665/1000], Loss: 0.2167, Validation Loss: 0.2589
Epoch [666/1000], Loss: 0.2045, Validation Loss: 0.2090
Epoch [667/1000], Loss: 0.2072, Validation Loss: 0.2146
Epoch [668/1000], Loss: 0.2136, Validation Loss: 0.2110
Epoch [669/1000], Loss: 0.2115, Validation Loss: 0.2199
Epoch [670/1000], Loss: 0.2191, Validation Loss: 0.2291
Epoch [671/1000], Loss: 0.1988, Validation Loss: 0.2575
Epoch [672/1000], Loss: 0.1992, Validation Loss: 0.2175
Epoch [673/1000], Loss: 0.2168, Validation Loss: 0.2491
Epoch [674/1000], Loss: 0.2095, Validation Loss: 0.2268
Epoch [675/1000], Loss: 0.2120, Validation Loss: 0.2262
Epoch [676/1000], Loss: 0.2122, Validation Loss: 0.2203
Epoch [677/1000], Loss: 0.2132, Validation Loss: 0.2466
Epoch [678/1000], Loss: 0.2134, Validation Loss: 0.2190
Epoch [679/1000], Loss: 0.2179, Validation Loss: 0.2374
Epoch [680/1000], Loss: 0.2056, Validation Loss: 0.2527
Epoch [681/1000], Loss: 0.2091, Validation Loss: 0.1798
Epoch [682/1000], Loss: 0.2027, Validation Loss: 0.2406
Epoch [683/1000], Loss: 0.1983, Validation Loss: 0.2522
Epoch [684/1000], Loss: 0.2093, Validation Loss: 0.1924
Epoch [685/1000], Loss: 0.2037, Validation Loss: 0.2241
Epoch [686/1000], Loss: 0.2176, Validation Loss: 0.2818
Epoch [687/1000], Loss: 0.2156, Validation Loss: 0.2166
Epoch [688/1000], Loss: 0.2146, Validation Loss: 0.2117
Epoch [689/1000], Loss: 0.2080, Validation Loss: 0.2676
Epoch [690/1000], Loss: 0.2062, Validation Loss: 0.2226
Epoch [691/1000], Loss: 0.2243, Validation Loss: 0.2385
Epoch [692/1000], Loss: 0.2101, Validation Loss: 0.2094
Epoch [693/1000], Loss: 0.2002, Validation Loss: 0.2227
Epoch [694/1000], Loss: 0.2079, Validation Loss: 0.2119
Epoch [695/1000], Loss: 0.2108, Validation Loss: 0.2089
Epoch [696/1000], Loss: 0.2055, Validation Loss: 0.2098
Epoch [697/1000], Loss: 0.2137, Validation Loss: 0.2454
Epoch [698/1000], Loss: 0.2037, Validation Loss: 0.2270
Epoch [699/1000], Loss: 0.2206, Validation Loss: 0.1960
Saved checkpoint: runs/005/epoch_700_0.2043_0.2341.pth
Epoch [700/1000], Loss: 0.2043, Validation Loss: 0.2341
Epoch [701/1000], Loss: 0.2133, Validation Loss: 0.2202
Epoch [702/1000], Loss: 0.2074, Validation Loss: 0.2358
Epoch [703/1000], Loss: 0.2153, Validation Loss: 0.2223
Epoch [704/1000], Loss: 0.2080, Validation Loss: 0.2348
Epoch [705/1000], Loss: 0.2123, Validation Loss: 0.2361
Epoch [706/1000], Loss: 0.2113, Validation Loss: 0.2230
Epoch [707/1000], Loss: 0.2165, Validation Loss: 0.2185
Epoch [708/1000], Loss: 0.2176, Validation Loss: 0.2027
Epoch [709/1000], Loss: 0.2107, Validation Loss: 0.2033
Epoch [710/1000], Loss: 0.2098, Validation Loss: 0.1845
Epoch [711/1000], Loss: 0.2042, Validation Loss: 0.1774
Epoch [712/1000], Loss: 0.2174, Validation Loss: 0.2460
Epoch [713/1000], Loss: 0.1970, Validation Loss: 0.2192
Epoch [714/1000], Loss: 0.2075, Validation Loss: 0.1969
Epoch [715/1000], Loss: 0.2087, Validation Loss: 0.2354
Epoch [716/1000], Loss: 0.2017, Validation Loss: 0.2407
Epoch [717/1000], Loss: 0.2095, Validation Loss: 0.2561
Epoch [718/1000], Loss: 0.2156, Validation Loss: 0.2058
Epoch [719/1000], Loss: 0.2037, Validation Loss: 0.2271
Epoch [720/1000], Loss: 0.2017, Validation Loss: 0.1996
Epoch [721/1000], Loss: 0.2159, Validation Loss: 0.2001
Epoch [722/1000], Loss: 0.2082, Validation Loss: 0.2372
Epoch [723/1000], Loss: 0.2046, Validation Loss: 0.2312
Epoch [724/1000], Loss: 0.2143, Validation Loss: 0.2207
Epoch [725/1000], Loss: 0.2089, Validation Loss: 0.2123
Epoch [726/1000], Loss: 0.2052, Validation Loss: 0.2393
Epoch [727/1000], Loss: 0.2152, Validation Loss: 0.2237
Epoch [728/1000], Loss: 0.2097, Validation Loss: 0.2489
Epoch [729/1000], Loss: 0.2077, Validation Loss: 0.2190
Epoch [730/1000], Loss: 0.2067, Validation Loss: 0.1978
Epoch [731/1000], Loss: 0.2002, Validation Loss: 0.2200
Epoch [732/1000], Loss: 0.2064, Validation Loss: 0.2384
Epoch [733/1000], Loss: 0.2071, Validation Loss: 0.2185
Epoch [734/1000], Loss: 0.2053, Validation Loss: 0.2172
Epoch [735/1000], Loss: 0.2098, Validation Loss: 0.2359
Epoch [736/1000], Loss: 0.2106, Validation Loss: 0.1987
Epoch [737/1000], Loss: 0.2079, Validation Loss: 0.2011
Epoch [738/1000], Loss: 0.2150, Validation Loss: 0.2315
Epoch [739/1000], Loss: 0.2097, Validation Loss: 0.2471
Epoch [740/1000], Loss: 0.2157, Validation Loss: 0.2316
Epoch [741/1000], Loss: 0.2096, Validation Loss: 0.2412
Epoch [742/1000], Loss: 0.2044, Validation Loss: 0.2112
Epoch [743/1000], Loss: 0.2132, Validation Loss: 0.2589
Epoch [744/1000], Loss: 0.2059, Validation Loss: 0.2124
Epoch [745/1000], Loss: 0.2034, Validation Loss: 0.2177
Epoch [746/1000], Loss: 0.2078, Validation Loss: 0.2325
Epoch [747/1000], Loss: 0.2020, Validation Loss: 0.2018
Epoch [748/1000], Loss: 0.2107, Validation Loss: 0.2265
Epoch [749/1000], Loss: 0.2056, Validation Loss: 0.2160
Epoch [750/1000], Loss: 0.2063, Validation Loss: 0.2359
Epoch [751/1000], Loss: 0.2223, Validation Loss: 0.2247
Epoch [752/1000], Loss: 0.2037, Validation Loss: 0.2225
Epoch [753/1000], Loss: 0.2123, Validation Loss: 0.2320
Epoch [754/1000], Loss: 0.2106, Validation Loss: 0.1996
Epoch [755/1000], Loss: 0.2138, Validation Loss: 0.2305
Epoch [756/1000], Loss: 0.2054, Validation Loss: 0.2578
Epoch [757/1000], Loss: 0.2139, Validation Loss: 0.2393
Epoch [758/1000], Loss: 0.2205, Validation Loss: 0.2675
Epoch [759/1000], Loss: 0.2121, Validation Loss: 0.2482
Epoch [760/1000], Loss: 0.2213, Validation Loss: 0.2738
Epoch [761/1000], Loss: 0.2136, Validation Loss: 0.2154
Epoch [762/1000], Loss: 0.2055, Validation Loss: 0.2244
Epoch [763/1000], Loss: 0.2165, Validation Loss: 0.2199
Epoch [764/1000], Loss: 0.2170, Validation Loss: 0.2487
Epoch [765/1000], Loss: 0.2055, Validation Loss: 0.1969
Epoch [766/1000], Loss: 0.2099, Validation Loss: 0.2245
Epoch [767/1000], Loss: 0.2091, Validation Loss: 0.1957
Epoch [768/1000], Loss: 0.2138, Validation Loss: 0.1860
Epoch [769/1000], Loss: 0.2042, Validation Loss: 0.2088
Epoch [770/1000], Loss: 0.2124, Validation Loss: 0.2191
Epoch [771/1000], Loss: 0.2132, Validation Loss: 0.2136
Epoch [772/1000], Loss: 0.2063, Validation Loss: 0.2329
Epoch [773/1000], Loss: 0.2101, Validation Loss: 0.2228
Epoch [774/1000], Loss: 0.2121, Validation Loss: 0.2199
Epoch [775/1000], Loss: 0.2088, Validation Loss: 0.2065
Epoch [776/1000], Loss: 0.2169, Validation Loss: 0.2047
Epoch [777/1000], Loss: 0.2140, Validation Loss: 0.2496
Epoch [778/1000], Loss: 0.2090, Validation Loss: 0.2489
Epoch [779/1000], Loss: 0.2155, Validation Loss: 0.1983
Epoch [780/1000], Loss: 0.2094, Validation Loss: 0.2000
Epoch [781/1000], Loss: 0.1969, Validation Loss: 0.2327
Epoch [782/1000], Loss: 0.2134, Validation Loss: 0.2160
Epoch [783/1000], Loss: 0.2133, Validation Loss: 0.2366
Epoch [784/1000], Loss: 0.2119, Validation Loss: 0.2362
Epoch [785/1000], Loss: 0.2035, Validation Loss: 0.2288
Epoch [786/1000], Loss: 0.2072, Validation Loss: 0.2695
Epoch [787/1000], Loss: 0.2129, Validation Loss: 0.1983
Epoch [788/1000], Loss: 0.2165, Validation Loss: 0.2398
Epoch [789/1000], Loss: 0.2102, Validation Loss: 0.2160
Epoch [790/1000], Loss: 0.2220, Validation Loss: 0.1980
Epoch [791/1000], Loss: 0.2043, Validation Loss: 0.2164
Epoch [792/1000], Loss: 0.2080, Validation Loss: 0.2048
Epoch [793/1000], Loss: 0.2198, Validation Loss: 0.2168
Epoch [794/1000], Loss: 0.1987, Validation Loss: 0.2143
Epoch [795/1000], Loss: 0.2063, Validation Loss: 0.2124
Epoch [796/1000], Loss: 0.2139, Validation Loss: 0.2230
Epoch [797/1000], Loss: 0.2030, Validation Loss: 0.2002
Epoch [798/1000], Loss: 0.2153, Validation Loss: 0.2024
Epoch [799/1000], Loss: 0.2153, Validation Loss: 0.1863
Saved checkpoint: runs/005/epoch_800_0.1941_0.2002.pth
Epoch [800/1000], Loss: 0.1941, Validation Loss: 0.2002
Epoch [801/1000], Loss: 0.2094, Validation Loss: 0.2129
Epoch [802/1000], Loss: 0.2102, Validation Loss: 0.2244
Epoch [803/1000], Loss: 0.2142, Validation Loss: 0.2509
Epoch [804/1000], Loss: 0.2123, Validation Loss: 0.2268
Epoch [805/1000], Loss: 0.2098, Validation Loss: 0.2428
Epoch [806/1000], Loss: 0.2067, Validation Loss: 0.2032
Epoch [807/1000], Loss: 0.2176, Validation Loss: 0.2790
Epoch [808/1000], Loss: 0.2225, Validation Loss: 0.2250
Epoch [809/1000], Loss: 0.2052, Validation Loss: 0.2082
Epoch [810/1000], Loss: 0.2083, Validation Loss: 0.2161
Epoch [811/1000], Loss: 0.2059, Validation Loss: 0.2202
Epoch [812/1000], Loss: 0.2027, Validation Loss: 0.2224
Epoch [813/1000], Loss: 0.2045, Validation Loss: 0.2168
Epoch [814/1000], Loss: 0.2057, Validation Loss: 0.2204
Epoch [815/1000], Loss: 0.2160, Validation Loss: 0.2135
Epoch [816/1000], Loss: 0.2246, Validation Loss: 0.1917
Epoch [817/1000], Loss: 0.2136, Validation Loss: 0.2256
Epoch [818/1000], Loss: 0.2097, Validation Loss: 0.1885
Epoch [819/1000], Loss: 0.2093, Validation Loss: 0.2416
Epoch [820/1000], Loss: 0.2095, Validation Loss: 0.2158
Epoch [821/1000], Loss: 0.2143, Validation Loss: 0.2079
Epoch [822/1000], Loss: 0.2055, Validation Loss: 0.2171
Epoch [823/1000], Loss: 0.2057, Validation Loss: 0.2275
Epoch [824/1000], Loss: 0.2095, Validation Loss: 0.2154
Epoch [825/1000], Loss: 0.2057, Validation Loss: 0.2218
Epoch [826/1000], Loss: 0.2249, Validation Loss: 0.2221
Epoch [827/1000], Loss: 0.2159, Validation Loss: 0.2028
Epoch [828/1000], Loss: 0.2056, Validation Loss: 0.2230
Epoch [829/1000], Loss: 0.2047, Validation Loss: 0.2131
Epoch [830/1000], Loss: 0.2079, Validation Loss: 0.2353
Epoch [831/1000], Loss: 0.2057, Validation Loss: 0.1975
Epoch [832/1000], Loss: 0.2186, Validation Loss: 0.1987
Epoch [833/1000], Loss: 0.2066, Validation Loss: 0.2248
Epoch [834/1000], Loss: 0.2203, Validation Loss: 0.2377
Epoch [835/1000], Loss: 0.2166, Validation Loss: 0.2558
Epoch [836/1000], Loss: 0.2059, Validation Loss: 0.2250
Epoch [837/1000], Loss: 0.2093, Validation Loss: 0.2231
Epoch [838/1000], Loss: 0.2012, Validation Loss: 0.2133
Epoch [839/1000], Loss: 0.2172, Validation Loss: 0.2124
Epoch [840/1000], Loss: 0.2087, Validation Loss: 0.2604
Epoch [841/1000], Loss: 0.2075, Validation Loss: 0.2444
Epoch [842/1000], Loss: 0.2062, Validation Loss: 0.2273
Epoch [843/1000], Loss: 0.2028, Validation Loss: 0.1904
Epoch [844/1000], Loss: 0.2039, Validation Loss: 0.2250
Epoch [845/1000], Loss: 0.2058, Validation Loss: 0.2837
Epoch [846/1000], Loss: 0.2101, Validation Loss: 0.2276
Epoch [847/1000], Loss: 0.2092, Validation Loss: 0.1988
Epoch [848/1000], Loss: 0.2069, Validation Loss: 0.2214
Epoch [849/1000], Loss: 0.2151, Validation Loss: 0.2181
Epoch [850/1000], Loss: 0.2051, Validation Loss: 0.2052
Epoch [851/1000], Loss: 0.2152, Validation Loss: 0.1956
Epoch [852/1000], Loss: 0.2029, Validation Loss: 0.2073
Epoch [853/1000], Loss: 0.2061, Validation Loss: 0.2362
Epoch [854/1000], Loss: 0.2081, Validation Loss: 0.2267
Epoch [855/1000], Loss: 0.2092, Validation Loss: 0.2170
Epoch [856/1000], Loss: 0.2067, Validation Loss: 0.1942
Epoch [857/1000], Loss: 0.2124, Validation Loss: 0.1781
Epoch [858/1000], Loss: 0.2094, Validation Loss: 0.2096
Epoch [859/1000], Loss: 0.2152, Validation Loss: 0.2135
Epoch [860/1000], Loss: 0.2046, Validation Loss: 0.2163
Epoch [861/1000], Loss: 0.2037, Validation Loss: 0.2154
Epoch [862/1000], Loss: 0.2088, Validation Loss: 0.2115
Epoch [863/1000], Loss: 0.2062, Validation Loss: 0.2351
Epoch [864/1000], Loss: 0.2096, Validation Loss: 0.2127
Epoch [865/1000], Loss: 0.2167, Validation Loss: 0.2458
Epoch [866/1000], Loss: 0.2109, Validation Loss: 0.2244
Epoch [867/1000], Loss: 0.2108, Validation Loss: 0.2179
Epoch [868/1000], Loss: 0.2063, Validation Loss: 0.2322
Epoch [869/1000], Loss: 0.2069, Validation Loss: 0.2143
Epoch [870/1000], Loss: 0.2113, Validation Loss: 0.2035
Epoch [871/1000], Loss: 0.2188, Validation Loss: 0.1970
Epoch [872/1000], Loss: 0.2063, Validation Loss: 0.2214
Epoch [873/1000], Loss: 0.2193, Validation Loss: 0.2065
Epoch [874/1000], Loss: 0.1993, Validation Loss: 0.2649
Epoch [875/1000], Loss: 0.2044, Validation Loss: 0.2699
Epoch [876/1000], Loss: 0.2091, Validation Loss: 0.2247
Epoch [877/1000], Loss: 0.2067, Validation Loss: 0.2314
Epoch [878/1000], Loss: 0.2056, Validation Loss: 0.2363
Epoch [879/1000], Loss: 0.2225, Validation Loss: 0.2199
Epoch [880/1000], Loss: 0.2115, Validation Loss: 0.1914
Epoch [881/1000], Loss: 0.2023, Validation Loss: 0.2201
Epoch [882/1000], Loss: 0.2163, Validation Loss: 0.1874
Epoch [883/1000], Loss: 0.2139, Validation Loss: 0.1913
Epoch [884/1000], Loss: 0.1983, Validation Loss: 0.2532
Epoch [885/1000], Loss: 0.2055, Validation Loss: 0.2441
Epoch [886/1000], Loss: 0.2071, Validation Loss: 0.2066
Epoch [887/1000], Loss: 0.2066, Validation Loss: 0.1968
Epoch [888/1000], Loss: 0.2094, Validation Loss: 0.2220
Epoch [889/1000], Loss: 0.2150, Validation Loss: 0.2295
Epoch [890/1000], Loss: 0.2148, Validation Loss: 0.1940
Epoch [891/1000], Loss: 0.2060, Validation Loss: 0.2358
Epoch [892/1000], Loss: 0.2099, Validation Loss: 0.2014
Epoch [893/1000], Loss: 0.2085, Validation Loss: 0.2482
Epoch [894/1000], Loss: 0.1923, Validation Loss: 0.1929
Epoch [895/1000], Loss: 0.2055, Validation Loss: 0.2412
Epoch [896/1000], Loss: 0.2111, Validation Loss: 0.2375
Epoch [897/1000], Loss: 0.2093, Validation Loss: 0.2162
Epoch [898/1000], Loss: 0.2106, Validation Loss: 0.2150
Epoch [899/1000], Loss: 0.2172, Validation Loss: 0.2167
Saved checkpoint: runs/005/epoch_900_0.2081_0.2177.pth
Epoch [900/1000], Loss: 0.2081, Validation Loss: 0.2177
Epoch [901/1000], Loss: 0.2116, Validation Loss: 0.2226
Epoch [902/1000], Loss: 0.2086, Validation Loss: 0.2061
Epoch [903/1000], Loss: 0.2100, Validation Loss: 0.2061
Epoch [904/1000], Loss: 0.2047, Validation Loss: 0.2183
Epoch [905/1000], Loss: 0.2123, Validation Loss: 0.2431
Epoch [906/1000], Loss: 0.2165, Validation Loss: 0.2129
Epoch [907/1000], Loss: 0.2026, Validation Loss: 0.2021
Epoch [908/1000], Loss: 0.2067, Validation Loss: 0.2139
