nohup: ignoring input
/home/navarro/anaconda3/envs/fm3d/lib/python3.10/site-packages/timm/models/layers/__init__.py:48: FutureWarning: Importing from timm.models.layers is deprecated, please import via timm.layers
  warnings.warn(f"Importing from {__name__} is deprecated, please import via timm.layers", FutureWarning)
wandb: Appending key for api.wandb.ai to your netrc file: /home/navarro/.netrc
wandb: Currently logged in as: luismedrano2000 (luismedrano2000-university-of-zaragoza) to https://api.wandb.ai. Use `wandb login --relogin` to force relogin
wandb: Tracking run with wandb version 0.19.11
wandb: Run data is saved locally in /home/navarro/FM-3D-Turbulence/wandb/run-20250608_054112-ay7lnivp
wandb: Run `wandb offline` to turn off syncing.
wandb: Syncing run desert-donkey-218
wandb: ⭐️ View project at https://wandb.ai/luismedrano2000-university-of-zaragoza/fm
wandb: 🚀 View run at https://wandb.ai/luismedrano2000-university-of-zaragoza/fm/runs/ay7lnivp
Loading config...
cuda:3
Loading dataset...
N_time: 500, N_channels: 3, Nx: 128, Ny: 128, Nz: 128
/home/navarro/anaconda3/envs/fm3d/lib/python3.10/site-packages/torch/functional.py:554: UserWarning: torch.meshgrid: in an upcoming release, it will be required to pass the indexing argument. (Triggered internally at /pytorch/aten/src/ATen/native/TensorShape.cpp:4314.)
  return _VF.meshgrid(tensors, **kwargs)  # type: ignore[attr-defined]
Starting training...
Epoch [1/1000], Loss: 0.8697, Validation Loss: 0.5372
Epoch [2/1000], Loss: 0.5173, Validation Loss: 0.5473
Epoch [3/1000], Loss: 0.5112, Validation Loss: 0.5288
Epoch [4/1000], Loss: 0.4680, Validation Loss: 0.4744
Epoch [5/1000], Loss: 0.4731, Validation Loss: 0.4426
Epoch [6/1000], Loss: 0.4494, Validation Loss: 0.4535
Epoch [7/1000], Loss: 0.4382, Validation Loss: 0.4783
Epoch [8/1000], Loss: 0.4420, Validation Loss: 0.4848
Epoch [9/1000], Loss: 0.4306, Validation Loss: 0.4683
Epoch [10/1000], Loss: 0.4497, Validation Loss: 0.4593
Epoch [11/1000], Loss: 0.4282, Validation Loss: 0.3774
Epoch [12/1000], Loss: 0.4201, Validation Loss: 0.4492
Epoch [13/1000], Loss: 0.4000, Validation Loss: 0.4883
Epoch [14/1000], Loss: 0.3891, Validation Loss: 0.3198
Epoch [15/1000], Loss: 0.3743, Validation Loss: 0.4043
Epoch [16/1000], Loss: 0.3809, Validation Loss: 0.3586
Epoch [17/1000], Loss: 0.3768, Validation Loss: 0.4193
Epoch [18/1000], Loss: 0.3783, Validation Loss: 0.3597
Epoch [19/1000], Loss: 0.3607, Validation Loss: 0.3862
Epoch [20/1000], Loss: 0.3204, Validation Loss: 0.3463
Epoch [21/1000], Loss: 0.3315, Validation Loss: 0.3260
Epoch [22/1000], Loss: 0.3207, Validation Loss: 0.3072
Epoch [23/1000], Loss: 0.3691, Validation Loss: 0.3429
Epoch [24/1000], Loss: 0.3129, Validation Loss: 0.3291
Epoch [25/1000], Loss: 0.3365, Validation Loss: 0.3204
Epoch [26/1000], Loss: 0.3201, Validation Loss: 0.2873
Epoch [27/1000], Loss: 0.3143, Validation Loss: 0.2624
Epoch [28/1000], Loss: 0.2910, Validation Loss: 0.3284
Epoch [29/1000], Loss: 0.2973, Validation Loss: 0.3016
Epoch [30/1000], Loss: 0.3020, Validation Loss: 0.2606
Epoch [31/1000], Loss: 0.3008, Validation Loss: 0.3044
Epoch [32/1000], Loss: 0.2999, Validation Loss: 0.3374
Epoch [33/1000], Loss: 0.3006, Validation Loss: 0.2808
Epoch [34/1000], Loss: 0.3065, Validation Loss: 0.2956
Epoch [35/1000], Loss: 0.2905, Validation Loss: 0.2878
Epoch [36/1000], Loss: 0.2971, Validation Loss: 0.3099
Epoch [37/1000], Loss: 0.3063, Validation Loss: 0.2991
Epoch [38/1000], Loss: 0.2908, Validation Loss: 0.3458
Epoch [39/1000], Loss: 0.2756, Validation Loss: 0.2931
Epoch [40/1000], Loss: 0.2838, Validation Loss: 0.2806
Epoch [41/1000], Loss: 0.2777, Validation Loss: 0.2476
Epoch [42/1000], Loss: 0.3040, Validation Loss: 0.2773
Epoch [43/1000], Loss: 0.2704, Validation Loss: 0.2967
Epoch [44/1000], Loss: 0.2933, Validation Loss: 0.3104
Epoch [45/1000], Loss: 0.2905, Validation Loss: 0.2945
Epoch [46/1000], Loss: 0.2827, Validation Loss: 0.2779
Epoch [47/1000], Loss: 0.2851, Validation Loss: 0.2930
Epoch [48/1000], Loss: 0.2828, Validation Loss: 0.2741
Epoch [49/1000], Loss: 0.2908, Validation Loss: 0.3134
Epoch [50/1000], Loss: 0.2769, Validation Loss: 0.2741
Epoch [51/1000], Loss: 0.2710, Validation Loss: 0.2960
Epoch [52/1000], Loss: 0.2792, Validation Loss: 0.3343
Epoch [53/1000], Loss: 0.2612, Validation Loss: 0.2875
Epoch [54/1000], Loss: 0.2668, Validation Loss: 0.2649
Epoch [55/1000], Loss: 0.2741, Validation Loss: 0.2390
Epoch [56/1000], Loss: 0.2686, Validation Loss: 0.3004
Epoch [57/1000], Loss: 0.2780, Validation Loss: 0.2729
Epoch [58/1000], Loss: 0.2671, Validation Loss: 0.3017
Epoch [59/1000], Loss: 0.2717, Validation Loss: 0.2589
Epoch [60/1000], Loss: 0.2674, Validation Loss: 0.2562
Epoch [61/1000], Loss: 0.2673, Validation Loss: 0.2519
Epoch [62/1000], Loss: 0.2547, Validation Loss: 0.2697
Epoch [63/1000], Loss: 0.2594, Validation Loss: 0.2758
Epoch [64/1000], Loss: 0.2738, Validation Loss: 0.2664
Epoch [65/1000], Loss: 0.2610, Validation Loss: 0.2583
Epoch [66/1000], Loss: 0.2627, Validation Loss: 0.2118
Epoch [67/1000], Loss: 0.2645, Validation Loss: 0.2374
Epoch [68/1000], Loss: 0.2631, Validation Loss: 0.2249
Epoch [69/1000], Loss: 0.2756, Validation Loss: 0.2376
Epoch [70/1000], Loss: 0.2797, Validation Loss: 0.2252
Epoch [71/1000], Loss: 0.2587, Validation Loss: 0.2589
Epoch [72/1000], Loss: 0.2530, Validation Loss: 0.2320
Epoch [73/1000], Loss: 0.2538, Validation Loss: 0.2763
Epoch [74/1000], Loss: 0.2659, Validation Loss: 0.2881
Epoch [75/1000], Loss: 0.2682, Validation Loss: 0.2834
Epoch [76/1000], Loss: 0.2631, Validation Loss: 0.2541
Epoch [77/1000], Loss: 0.2740, Validation Loss: 0.2477
Epoch [78/1000], Loss: 0.2752, Validation Loss: 0.2452
Epoch [79/1000], Loss: 0.2704, Validation Loss: 0.2661
Epoch [80/1000], Loss: 0.2711, Validation Loss: 0.2523
Epoch [81/1000], Loss: 0.2785, Validation Loss: 0.2483
Epoch [82/1000], Loss: 0.2670, Validation Loss: 0.2871
Epoch [83/1000], Loss: 0.2549, Validation Loss: 0.2306
Epoch [84/1000], Loss: 0.2532, Validation Loss: 0.2448
Epoch [85/1000], Loss: 0.2423, Validation Loss: 0.2591
Epoch [86/1000], Loss: 0.2595, Validation Loss: 0.2281
Epoch [87/1000], Loss: 0.2564, Validation Loss: 0.2632
Epoch [88/1000], Loss: 0.2604, Validation Loss: 0.2552
Epoch [89/1000], Loss: 0.2544, Validation Loss: 0.2391
Epoch [90/1000], Loss: 0.2532, Validation Loss: 0.2842
Epoch [91/1000], Loss: 0.2613, Validation Loss: 0.2491
Epoch [92/1000], Loss: 0.2420, Validation Loss: 0.2564
Epoch [93/1000], Loss: 0.2553, Validation Loss: 0.2457
Epoch [94/1000], Loss: 0.2567, Validation Loss: 0.2408
Epoch [95/1000], Loss: 0.2407, Validation Loss: 0.2700
Epoch [96/1000], Loss: 0.2500, Validation Loss: 0.2839
Epoch [97/1000], Loss: 0.2631, Validation Loss: 0.2578
Epoch [98/1000], Loss: 0.2467, Validation Loss: 0.2366
Epoch [99/1000], Loss: 0.2465, Validation Loss: 0.2295
Saved checkpoint: runs/006/epoch_100_0.2341_0.3134.pth
Epoch [100/1000], Loss: 0.2341, Validation Loss: 0.3134
Epoch [101/1000], Loss: 0.2371, Validation Loss: 0.2571
Epoch [102/1000], Loss: 0.2407, Validation Loss: 0.2332
Epoch [103/1000], Loss: 0.2586, Validation Loss: 0.2453
Epoch [104/1000], Loss: 0.2530, Validation Loss: 0.2308
Epoch [105/1000], Loss: 0.2522, Validation Loss: 0.3113
Epoch [106/1000], Loss: 0.2491, Validation Loss: 0.2145
Epoch [107/1000], Loss: 0.2759, Validation Loss: 0.2382
Epoch [108/1000], Loss: 0.2475, Validation Loss: 0.2538
Epoch [109/1000], Loss: 0.2542, Validation Loss: 0.2639
Epoch [110/1000], Loss: 0.2479, Validation Loss: 0.2164
Epoch [111/1000], Loss: 0.2523, Validation Loss: 0.2737
Epoch [112/1000], Loss: 0.2518, Validation Loss: 0.2739
Epoch [113/1000], Loss: 0.2546, Validation Loss: 0.2673
Epoch [114/1000], Loss: 0.2471, Validation Loss: 0.2633
Epoch [115/1000], Loss: 0.2428, Validation Loss: 0.2684
Epoch [116/1000], Loss: 0.2470, Validation Loss: 0.2439
Epoch [117/1000], Loss: 0.2436, Validation Loss: 0.2597
Epoch [118/1000], Loss: 0.2228, Validation Loss: 0.2045
Epoch [119/1000], Loss: 0.2400, Validation Loss: 0.2367
Epoch [120/1000], Loss: 0.2335, Validation Loss: 0.2510
Epoch [121/1000], Loss: 0.2419, Validation Loss: 0.2623
Epoch [122/1000], Loss: 0.2468, Validation Loss: 0.2421
Epoch [123/1000], Loss: 0.2462, Validation Loss: 0.2718
Epoch [124/1000], Loss: 0.2493, Validation Loss: 0.2267
Epoch [125/1000], Loss: 0.2459, Validation Loss: 0.2202
Epoch [126/1000], Loss: 0.2476, Validation Loss: 0.2842
Epoch [127/1000], Loss: 0.2454, Validation Loss: 0.2515
Epoch [128/1000], Loss: 0.2464, Validation Loss: 0.2191
Epoch [129/1000], Loss: 0.2552, Validation Loss: 0.2212
Epoch [130/1000], Loss: 0.2572, Validation Loss: 0.2490
Epoch [131/1000], Loss: 0.2578, Validation Loss: 0.2461
Epoch [132/1000], Loss: 0.2420, Validation Loss: 0.2700
Epoch [133/1000], Loss: 0.2554, Validation Loss: 0.2513
Epoch [134/1000], Loss: 0.2356, Validation Loss: 0.2438
Epoch [135/1000], Loss: 0.2413, Validation Loss: 0.2640
Epoch [136/1000], Loss: 0.2343, Validation Loss: 0.2463
Epoch [137/1000], Loss: 0.2392, Validation Loss: 0.2468
Epoch [138/1000], Loss: 0.2252, Validation Loss: 0.2531
Epoch [139/1000], Loss: 0.2376, Validation Loss: 0.2286
Epoch [140/1000], Loss: 0.2427, Validation Loss: 0.2586
Epoch [141/1000], Loss: 0.2273, Validation Loss: 0.2361
Epoch [142/1000], Loss: 0.2385, Validation Loss: 0.2380
Epoch [143/1000], Loss: 0.2443, Validation Loss: 0.2636
Epoch [144/1000], Loss: 0.2438, Validation Loss: 0.2913
Epoch [145/1000], Loss: 0.2461, Validation Loss: 0.2515
Epoch [146/1000], Loss: 0.2429, Validation Loss: 0.2456
Epoch [147/1000], Loss: 0.2413, Validation Loss: 0.2085
Epoch [148/1000], Loss: 0.2375, Validation Loss: 0.2374
Epoch [149/1000], Loss: 0.2362, Validation Loss: 0.2209
Epoch [150/1000], Loss: 0.2501, Validation Loss: 0.2288
Epoch [151/1000], Loss: 0.2301, Validation Loss: 0.2438
Epoch [152/1000], Loss: 0.2313, Validation Loss: 0.2826
Epoch [153/1000], Loss: 0.2326, Validation Loss: 0.2263
Epoch [154/1000], Loss: 0.2384, Validation Loss: 0.2052
Epoch [155/1000], Loss: 0.2348, Validation Loss: 0.2253
Epoch [156/1000], Loss: 0.2352, Validation Loss: 0.2395
Epoch [157/1000], Loss: 0.2356, Validation Loss: 0.2387
Epoch [158/1000], Loss: 0.2544, Validation Loss: 0.2773
Epoch [159/1000], Loss: 0.2237, Validation Loss: 0.2204
Epoch [160/1000], Loss: 0.2455, Validation Loss: 0.2195
Epoch [161/1000], Loss: 0.2288, Validation Loss: 0.2330
Epoch [162/1000], Loss: 0.2388, Validation Loss: 0.2559
Epoch [163/1000], Loss: 0.2550, Validation Loss: 0.2569
Epoch [164/1000], Loss: 0.2432, Validation Loss: 0.2300
Epoch [165/1000], Loss: 0.2377, Validation Loss: 0.2615
Epoch [166/1000], Loss: 0.2452, Validation Loss: 0.2268
Epoch [167/1000], Loss: 0.2354, Validation Loss: 0.2580
Epoch [168/1000], Loss: 0.2344, Validation Loss: 0.2424
Epoch [169/1000], Loss: 0.2416, Validation Loss: 0.2755
Epoch [170/1000], Loss: 0.2352, Validation Loss: 0.2334
Epoch [171/1000], Loss: 0.2418, Validation Loss: 0.2370
Epoch [172/1000], Loss: 0.2371, Validation Loss: 0.2058
Epoch [173/1000], Loss: 0.2388, Validation Loss: 0.2463
Epoch [174/1000], Loss: 0.2312, Validation Loss: 0.2464
Epoch [175/1000], Loss: 0.2263, Validation Loss: 0.2789
Epoch [176/1000], Loss: 0.2428, Validation Loss: 0.2129
Epoch [177/1000], Loss: 0.2395, Validation Loss: 0.2328
Epoch [178/1000], Loss: 0.2407, Validation Loss: 0.2284
Epoch [179/1000], Loss: 0.2320, Validation Loss: 0.2230
Epoch [180/1000], Loss: 0.2306, Validation Loss: 0.2464
Epoch [181/1000], Loss: 0.2315, Validation Loss: 0.2517
Epoch [182/1000], Loss: 0.2261, Validation Loss: 0.2059
Epoch [183/1000], Loss: 0.2522, Validation Loss: 0.2012
Epoch [184/1000], Loss: 0.2341, Validation Loss: 0.2408
Epoch [185/1000], Loss: 0.2447, Validation Loss: 0.2332
Epoch [186/1000], Loss: 0.2311, Validation Loss: 0.2044
Epoch [187/1000], Loss: 0.2320, Validation Loss: 0.2196
Epoch [188/1000], Loss: 0.2371, Validation Loss: 0.2144
Epoch [189/1000], Loss: 0.2484, Validation Loss: 0.2043
Epoch [190/1000], Loss: 0.2387, Validation Loss: 0.2149
Epoch [191/1000], Loss: 0.2520, Validation Loss: 0.2484
Epoch [192/1000], Loss: 0.2396, Validation Loss: 0.2281
Epoch [193/1000], Loss: 0.2371, Validation Loss: 0.2119
Epoch [194/1000], Loss: 0.2262, Validation Loss: 0.2508
Epoch [195/1000], Loss: 0.2412, Validation Loss: 0.2498
Epoch [196/1000], Loss: 0.2404, Validation Loss: 0.2231
Epoch [197/1000], Loss: 0.2252, Validation Loss: 0.2708
Epoch [198/1000], Loss: 0.2354, Validation Loss: 0.2739
Epoch [199/1000], Loss: 0.2182, Validation Loss: 0.2270
Saved checkpoint: runs/006/epoch_200_0.2248_0.2648.pth
Epoch [200/1000], Loss: 0.2248, Validation Loss: 0.2648
Epoch [201/1000], Loss: 0.2467, Validation Loss: 0.2277
Epoch [202/1000], Loss: 0.2354, Validation Loss: 0.2410
Epoch [203/1000], Loss: 0.2276, Validation Loss: 0.2408
Epoch [204/1000], Loss: 0.2274, Validation Loss: 0.2323
Epoch [205/1000], Loss: 0.2263, Validation Loss: 0.2546
Epoch [206/1000], Loss: 0.2289, Validation Loss: 0.2231
Epoch [207/1000], Loss: 0.2251, Validation Loss: 0.2487
Epoch [208/1000], Loss: 0.2304, Validation Loss: 0.2383
Epoch [209/1000], Loss: 0.2366, Validation Loss: 0.2259
Epoch [210/1000], Loss: 0.2342, Validation Loss: 0.2555
Epoch [211/1000], Loss: 0.2363, Validation Loss: 0.1977
Epoch [212/1000], Loss: 0.2345, Validation Loss: 0.2189
Epoch [213/1000], Loss: 0.2291, Validation Loss: 0.2141
Epoch [214/1000], Loss: 0.2323, Validation Loss: 0.2049
Epoch [215/1000], Loss: 0.2258, Validation Loss: 0.2591
Epoch [216/1000], Loss: 0.2210, Validation Loss: 0.2212
Epoch [217/1000], Loss: 0.2360, Validation Loss: 0.2235
Epoch [218/1000], Loss: 0.2322, Validation Loss: 0.2537
Epoch [219/1000], Loss: 0.2330, Validation Loss: 0.2117
Epoch [220/1000], Loss: 0.2207, Validation Loss: 0.2298
Epoch [221/1000], Loss: 0.2298, Validation Loss: 0.2410
Epoch [222/1000], Loss: 0.2359, Validation Loss: 0.1953
Epoch [223/1000], Loss: 0.2189, Validation Loss: 0.2234
Epoch [224/1000], Loss: 0.2371, Validation Loss: 0.2279
Epoch [225/1000], Loss: 0.2362, Validation Loss: 0.2171
Epoch [226/1000], Loss: 0.2385, Validation Loss: 0.2172
Epoch [227/1000], Loss: 0.2216, Validation Loss: 0.2191
Epoch [228/1000], Loss: 0.2280, Validation Loss: 0.2928
Epoch [229/1000], Loss: 0.2239, Validation Loss: 0.2663
Epoch [230/1000], Loss: 0.2259, Validation Loss: 0.2456
Epoch [231/1000], Loss: 0.2397, Validation Loss: 0.2103
Epoch [232/1000], Loss: 0.2363, Validation Loss: 0.2068
Epoch [233/1000], Loss: 0.2329, Validation Loss: 0.2727
Epoch [234/1000], Loss: 0.2335, Validation Loss: 0.2357
Epoch [235/1000], Loss: 0.2157, Validation Loss: 0.2300
Epoch [236/1000], Loss: 0.2294, Validation Loss: 0.2170
Epoch [237/1000], Loss: 0.2318, Validation Loss: 0.2372
Epoch [238/1000], Loss: 0.2335, Validation Loss: 0.2230
Epoch [239/1000], Loss: 0.2273, Validation Loss: 0.2117
Epoch [240/1000], Loss: 0.2308, Validation Loss: 0.2469
Epoch [241/1000], Loss: 0.2380, Validation Loss: 0.2342
Epoch [242/1000], Loss: 0.2386, Validation Loss: 0.2349
Epoch [243/1000], Loss: 0.2201, Validation Loss: 0.2366
Epoch [244/1000], Loss: 0.2343, Validation Loss: 0.2195
Epoch [245/1000], Loss: 0.2387, Validation Loss: 0.2047
Epoch [246/1000], Loss: 0.2312, Validation Loss: 0.2296
Epoch [247/1000], Loss: 0.2239, Validation Loss: 0.2278
Epoch [248/1000], Loss: 0.2284, Validation Loss: 0.2509
Epoch [249/1000], Loss: 0.2328, Validation Loss: 0.2394
Epoch [250/1000], Loss: 0.2494, Validation Loss: 0.2417
Epoch [251/1000], Loss: 0.2240, Validation Loss: 0.2260
Epoch [252/1000], Loss: 0.2380, Validation Loss: 0.2391
Epoch [253/1000], Loss: 0.2309, Validation Loss: 0.2021
Epoch [254/1000], Loss: 0.2337, Validation Loss: 0.2664
Epoch [255/1000], Loss: 0.2404, Validation Loss: 0.2697
Epoch [256/1000], Loss: 0.2326, Validation Loss: 0.2240
Epoch [257/1000], Loss: 0.2257, Validation Loss: 0.2395
Epoch [258/1000], Loss: 0.2342, Validation Loss: 0.2232
Epoch [259/1000], Loss: 0.2334, Validation Loss: 0.2001
Epoch [260/1000], Loss: 0.2368, Validation Loss: 0.2516
Epoch [261/1000], Loss: 0.2364, Validation Loss: 0.2304
Epoch [262/1000], Loss: 0.2301, Validation Loss: 0.2073
Epoch [263/1000], Loss: 0.2274, Validation Loss: 0.1911
Epoch [264/1000], Loss: 0.2224, Validation Loss: 0.2437
Epoch [265/1000], Loss: 0.2281, Validation Loss: 0.2316
Epoch [266/1000], Loss: 0.2282, Validation Loss: 0.2283
Epoch [267/1000], Loss: 0.2308, Validation Loss: 0.2597
Epoch [268/1000], Loss: 0.2249, Validation Loss: 0.2429
Epoch [269/1000], Loss: 0.2320, Validation Loss: 0.2084
Epoch [270/1000], Loss: 0.2284, Validation Loss: 0.2101
Epoch [271/1000], Loss: 0.2225, Validation Loss: 0.2252
Epoch [272/1000], Loss: 0.2230, Validation Loss: 0.2283
Epoch [273/1000], Loss: 0.2119, Validation Loss: 0.2201
Epoch [274/1000], Loss: 0.2373, Validation Loss: 0.2230
Epoch [275/1000], Loss: 0.2186, Validation Loss: 0.2381
Epoch [276/1000], Loss: 0.2263, Validation Loss: 0.2472
Epoch [277/1000], Loss: 0.2209, Validation Loss: 0.2521
Epoch [278/1000], Loss: 0.2357, Validation Loss: 0.2131
Epoch [279/1000], Loss: 0.2413, Validation Loss: 0.2527
Epoch [280/1000], Loss: 0.2303, Validation Loss: 0.2159
Epoch [281/1000], Loss: 0.2389, Validation Loss: 0.1977
Epoch [282/1000], Loss: 0.2282, Validation Loss: 0.2276
Epoch [283/1000], Loss: 0.2204, Validation Loss: 0.2136
Epoch [284/1000], Loss: 0.2307, Validation Loss: 0.2251
Epoch [285/1000], Loss: 0.2279, Validation Loss: 0.2183
Epoch [286/1000], Loss: 0.2418, Validation Loss: 0.2389
Epoch [287/1000], Loss: 0.2325, Validation Loss: 0.2516
Epoch [288/1000], Loss: 0.2230, Validation Loss: 0.2295
Epoch [289/1000], Loss: 0.2315, Validation Loss: 0.2106
Epoch [290/1000], Loss: 0.2314, Validation Loss: 0.2431
Epoch [291/1000], Loss: 0.2351, Validation Loss: 0.2063
Epoch [292/1000], Loss: 0.2297, Validation Loss: 0.2126
Epoch [293/1000], Loss: 0.2245, Validation Loss: 0.2133
Epoch [294/1000], Loss: 0.2390, Validation Loss: 0.2291
Epoch [295/1000], Loss: 0.2228, Validation Loss: 0.2342
Epoch [296/1000], Loss: 0.2260, Validation Loss: 0.2089
Epoch [297/1000], Loss: 0.2258, Validation Loss: 0.2139
Epoch [298/1000], Loss: 0.2229, Validation Loss: 0.2428
Epoch [299/1000], Loss: 0.2270, Validation Loss: 0.2747
Saved checkpoint: runs/006/epoch_300_0.2371_0.2203.pth
Epoch [300/1000], Loss: 0.2371, Validation Loss: 0.2203
Epoch [301/1000], Loss: 0.2395, Validation Loss: 0.2653
Epoch [302/1000], Loss: 0.2290, Validation Loss: 0.2139
Epoch [303/1000], Loss: 0.2350, Validation Loss: 0.2560
Epoch [304/1000], Loss: 0.2263, Validation Loss: 0.2184
Epoch [305/1000], Loss: 0.2307, Validation Loss: 0.2076
Epoch [306/1000], Loss: 0.2373, Validation Loss: 0.2140
Epoch [307/1000], Loss: 0.2380, Validation Loss: 0.2115
Epoch [308/1000], Loss: 0.2275, Validation Loss: 0.2512
Epoch [309/1000], Loss: 0.2326, Validation Loss: 0.2240
Epoch [310/1000], Loss: 0.2234, Validation Loss: 0.2121
Epoch [311/1000], Loss: 0.2186, Validation Loss: 0.2416
Epoch [312/1000], Loss: 0.2145, Validation Loss: 0.2029
Epoch [313/1000], Loss: 0.2374, Validation Loss: 0.2386
Epoch [314/1000], Loss: 0.2255, Validation Loss: 0.2118
Epoch [315/1000], Loss: 0.2291, Validation Loss: 0.2234
Epoch [316/1000], Loss: 0.2333, Validation Loss: 0.2122
Epoch [317/1000], Loss: 0.2273, Validation Loss: 0.2449
Epoch [318/1000], Loss: 0.2109, Validation Loss: 0.2053
Epoch [319/1000], Loss: 0.2202, Validation Loss: 0.2048
Epoch [320/1000], Loss: 0.2146, Validation Loss: 0.1999
Epoch [321/1000], Loss: 0.2131, Validation Loss: 0.2131
Epoch [322/1000], Loss: 0.2125, Validation Loss: 0.1691
Epoch [323/1000], Loss: 0.2314, Validation Loss: 0.2344
Epoch [324/1000], Loss: 0.2255, Validation Loss: 0.2391
Epoch [325/1000], Loss: 0.2331, Validation Loss: 0.2667
Epoch [326/1000], Loss: 0.2185, Validation Loss: 0.2227
Epoch [327/1000], Loss: 0.2286, Validation Loss: 0.2690
Epoch [328/1000], Loss: 0.2134, Validation Loss: 0.2189
Epoch [329/1000], Loss: 0.2299, Validation Loss: 0.2183
Epoch [330/1000], Loss: 0.2200, Validation Loss: 0.2530
Epoch [331/1000], Loss: 0.2144, Validation Loss: 0.2711
Epoch [332/1000], Loss: 0.2176, Validation Loss: 0.2150
Epoch [333/1000], Loss: 0.2350, Validation Loss: 0.2101
Epoch [334/1000], Loss: 0.2151, Validation Loss: 0.2575
Epoch [335/1000], Loss: 0.2218, Validation Loss: 0.2321
Epoch [336/1000], Loss: 0.2253, Validation Loss: 0.2576
Epoch [337/1000], Loss: 0.2223, Validation Loss: 0.2254
Epoch [338/1000], Loss: 0.2278, Validation Loss: 0.2456
Epoch [339/1000], Loss: 0.2186, Validation Loss: 0.2337
Epoch [340/1000], Loss: 0.2194, Validation Loss: 0.2192
Epoch [341/1000], Loss: 0.2329, Validation Loss: 0.2286
Epoch [342/1000], Loss: 0.2212, Validation Loss: 0.2041
Epoch [343/1000], Loss: 0.2358, Validation Loss: 0.2174
Epoch [344/1000], Loss: 0.2099, Validation Loss: 0.2149
Epoch [345/1000], Loss: 0.2210, Validation Loss: 0.1946
Epoch [346/1000], Loss: 0.2145, Validation Loss: 0.2346
Epoch [347/1000], Loss: 0.2347, Validation Loss: 0.2289
Epoch [348/1000], Loss: 0.2235, Validation Loss: 0.2066
Epoch [349/1000], Loss: 0.2359, Validation Loss: 0.2317
Epoch [350/1000], Loss: 0.2264, Validation Loss: 0.2205
Epoch [351/1000], Loss: 0.2285, Validation Loss: 0.2352
Epoch [352/1000], Loss: 0.2248, Validation Loss: 0.2293
Epoch [353/1000], Loss: 0.2113, Validation Loss: 0.2215
Epoch [354/1000], Loss: 0.2205, Validation Loss: 0.2148
Epoch [355/1000], Loss: 0.2160, Validation Loss: 0.2164
Epoch [356/1000], Loss: 0.2199, Validation Loss: 0.2287
Epoch [357/1000], Loss: 0.2215, Validation Loss: 0.2207
Epoch [358/1000], Loss: 0.2262, Validation Loss: 0.2435
Epoch [359/1000], Loss: 0.2157, Validation Loss: 0.2251
Epoch [360/1000], Loss: 0.2214, Validation Loss: 0.2145
Epoch [361/1000], Loss: 0.2281, Validation Loss: 0.2399
Epoch [362/1000], Loss: 0.2169, Validation Loss: 0.2060
Epoch [363/1000], Loss: 0.2177, Validation Loss: 0.2510
Epoch [364/1000], Loss: 0.2213, Validation Loss: 0.2414
Epoch [365/1000], Loss: 0.2261, Validation Loss: 0.2490
Epoch [366/1000], Loss: 0.2151, Validation Loss: 0.2148
Epoch [367/1000], Loss: 0.2230, Validation Loss: 0.2159
Epoch [368/1000], Loss: 0.2207, Validation Loss: 0.2438
Epoch [369/1000], Loss: 0.2212, Validation Loss: 0.2100
Epoch [370/1000], Loss: 0.2211, Validation Loss: 0.2634
Epoch [371/1000], Loss: 0.2063, Validation Loss: 0.2502
Epoch [372/1000], Loss: 0.2315, Validation Loss: 0.2039
Epoch [373/1000], Loss: 0.2183, Validation Loss: 0.2951
Epoch [374/1000], Loss: 0.2244, Validation Loss: 0.2398
Epoch [375/1000], Loss: 0.2078, Validation Loss: 0.2449
Epoch [376/1000], Loss: 0.2202, Validation Loss: 0.2414
Epoch [377/1000], Loss: 0.2180, Validation Loss: 0.2069
Epoch [378/1000], Loss: 0.2224, Validation Loss: 0.1989
Epoch [379/1000], Loss: 0.2215, Validation Loss: 0.2448
Epoch [380/1000], Loss: 0.2150, Validation Loss: 0.2252
Epoch [381/1000], Loss: 0.2347, Validation Loss: 0.2178
Epoch [382/1000], Loss: 0.2209, Validation Loss: 0.2324
Epoch [383/1000], Loss: 0.2390, Validation Loss: 0.2148
Epoch [384/1000], Loss: 0.2247, Validation Loss: 0.2184
Epoch [385/1000], Loss: 0.2232, Validation Loss: 0.2266
Epoch [386/1000], Loss: 0.2171, Validation Loss: 0.2175
Epoch [387/1000], Loss: 0.2364, Validation Loss: 0.2409
Epoch [388/1000], Loss: 0.2224, Validation Loss: 0.2246
Epoch [389/1000], Loss: 0.2172, Validation Loss: 0.2290
Epoch [390/1000], Loss: 0.2254, Validation Loss: 0.2536
Epoch [391/1000], Loss: 0.2201, Validation Loss: 0.2335
Epoch [392/1000], Loss: 0.2238, Validation Loss: 0.2092
Epoch [393/1000], Loss: 0.2242, Validation Loss: 0.2322
Epoch [394/1000], Loss: 0.2203, Validation Loss: 0.2371
Epoch [395/1000], Loss: 0.2251, Validation Loss: 0.2408
Epoch [396/1000], Loss: 0.2348, Validation Loss: 0.2281
Epoch [397/1000], Loss: 0.2217, Validation Loss: 0.1935
Epoch [398/1000], Loss: 0.2275, Validation Loss: 0.2328
Epoch [399/1000], Loss: 0.2313, Validation Loss: 0.2088
Saved checkpoint: runs/006/epoch_400_0.2124_0.1812.pth
Epoch [400/1000], Loss: 0.2124, Validation Loss: 0.1812
Epoch [401/1000], Loss: 0.2315, Validation Loss: 0.2138
Epoch [402/1000], Loss: 0.2156, Validation Loss: 0.2201
Epoch [403/1000], Loss: 0.2123, Validation Loss: 0.1999
Epoch [404/1000], Loss: 0.2168, Validation Loss: 0.2145
Epoch [405/1000], Loss: 0.2301, Validation Loss: 0.2190
Epoch [406/1000], Loss: 0.2271, Validation Loss: 0.2040
Epoch [407/1000], Loss: 0.2149, Validation Loss: 0.2237
Epoch [408/1000], Loss: 0.2210, Validation Loss: 0.2408
Epoch [409/1000], Loss: 0.2362, Validation Loss: 0.2010
Epoch [410/1000], Loss: 0.2248, Validation Loss: 0.2138
Epoch [411/1000], Loss: 0.2258, Validation Loss: 0.1831
Epoch [412/1000], Loss: 0.2254, Validation Loss: 0.2430
Epoch [413/1000], Loss: 0.2206, Validation Loss: 0.2414
Epoch [414/1000], Loss: 0.2133, Validation Loss: 0.2207
Epoch [415/1000], Loss: 0.2318, Validation Loss: 0.2309
Epoch [416/1000], Loss: 0.2174, Validation Loss: 0.1908
Epoch [417/1000], Loss: 0.2380, Validation Loss: 0.2304
Epoch [418/1000], Loss: 0.2221, Validation Loss: 0.2280
Epoch [419/1000], Loss: 0.2199, Validation Loss: 0.2474
Epoch [420/1000], Loss: 0.2166, Validation Loss: 0.2056
Epoch [421/1000], Loss: 0.2192, Validation Loss: 0.2366
Epoch [422/1000], Loss: 0.2205, Validation Loss: 0.2121
Epoch [423/1000], Loss: 0.2188, Validation Loss: 0.2143
Epoch [424/1000], Loss: 0.2246, Validation Loss: 0.2562
Epoch [425/1000], Loss: 0.2266, Validation Loss: 0.2088
Epoch [426/1000], Loss: 0.2353, Validation Loss: 0.2440
Epoch [427/1000], Loss: 0.2147, Validation Loss: 0.1929
Epoch [428/1000], Loss: 0.2188, Validation Loss: 0.2436
Epoch [429/1000], Loss: 0.2236, Validation Loss: 0.1985
Epoch [430/1000], Loss: 0.2211, Validation Loss: 0.2246
Epoch [431/1000], Loss: 0.2259, Validation Loss: 0.2200
Epoch [432/1000], Loss: 0.2235, Validation Loss: 0.2328
Epoch [433/1000], Loss: 0.2332, Validation Loss: 0.2290
Epoch [434/1000], Loss: 0.2184, Validation Loss: 0.2311
Epoch [435/1000], Loss: 0.2163, Validation Loss: 0.2387
Epoch [436/1000], Loss: 0.2213, Validation Loss: 0.2013
Epoch [437/1000], Loss: 0.2198, Validation Loss: 0.1967
Epoch [438/1000], Loss: 0.2234, Validation Loss: 0.2167
Epoch [439/1000], Loss: 0.2227, Validation Loss: 0.2147
Epoch [440/1000], Loss: 0.2089, Validation Loss: 0.2049
Epoch [441/1000], Loss: 0.2153, Validation Loss: 0.2390
Epoch [442/1000], Loss: 0.2191, Validation Loss: 0.2045
Epoch [443/1000], Loss: 0.2203, Validation Loss: 0.1947
Epoch [444/1000], Loss: 0.2179, Validation Loss: 0.2241
Epoch [445/1000], Loss: 0.2251, Validation Loss: 0.2291
Epoch [446/1000], Loss: 0.2163, Validation Loss: 0.2161
Epoch [447/1000], Loss: 0.2278, Validation Loss: 0.2223
Epoch [448/1000], Loss: 0.2287, Validation Loss: 0.2464
Epoch [449/1000], Loss: 0.2249, Validation Loss: 0.2317
Epoch [450/1000], Loss: 0.2290, Validation Loss: 0.2040
Epoch [451/1000], Loss: 0.2245, Validation Loss: 0.2158
Epoch [452/1000], Loss: 0.2202, Validation Loss: 0.2628
Epoch [453/1000], Loss: 0.2201, Validation Loss: 0.2241
Epoch [454/1000], Loss: 0.2187, Validation Loss: 0.2665
Epoch [455/1000], Loss: 0.2113, Validation Loss: 0.2547
Epoch [456/1000], Loss: 0.2178, Validation Loss: 0.1899
Epoch [457/1000], Loss: 0.2258, Validation Loss: 0.2735
Epoch [458/1000], Loss: 0.2256, Validation Loss: 0.2341
Epoch [459/1000], Loss: 0.2239, Validation Loss: 0.2166
Epoch [460/1000], Loss: 0.2158, Validation Loss: 0.2071
Epoch [461/1000], Loss: 0.2220, Validation Loss: 0.2211
Epoch [462/1000], Loss: 0.2099, Validation Loss: 0.2403
Epoch [463/1000], Loss: 0.2285, Validation Loss: 0.2062
Epoch [464/1000], Loss: 0.2133, Validation Loss: 0.2271
Epoch [465/1000], Loss: 0.2329, Validation Loss: 0.2246
Epoch [466/1000], Loss: 0.2185, Validation Loss: 0.2276
Epoch [467/1000], Loss: 0.2208, Validation Loss: 0.1959
Epoch [468/1000], Loss: 0.2283, Validation Loss: 0.1953
Epoch [469/1000], Loss: 0.2273, Validation Loss: 0.2171
Epoch [470/1000], Loss: 0.2291, Validation Loss: 0.2160
Epoch [471/1000], Loss: 0.2268, Validation Loss: 0.2137
Epoch [472/1000], Loss: 0.2282, Validation Loss: 0.2003
Epoch [473/1000], Loss: 0.2132, Validation Loss: 0.2132
Epoch [474/1000], Loss: 0.2285, Validation Loss: 0.2219
Epoch [475/1000], Loss: 0.2199, Validation Loss: 0.2392
Epoch [476/1000], Loss: 0.2134, Validation Loss: 0.2577
Epoch [477/1000], Loss: 0.2347, Validation Loss: 0.2430
Epoch [478/1000], Loss: 0.2227, Validation Loss: 0.1957
Epoch [479/1000], Loss: 0.2213, Validation Loss: 0.2389
Epoch [480/1000], Loss: 0.2229, Validation Loss: 0.2154
Epoch [481/1000], Loss: 0.2185, Validation Loss: 0.2281
Epoch [482/1000], Loss: 0.2300, Validation Loss: 0.2275
Epoch [483/1000], Loss: 0.2239, Validation Loss: 0.2003
Epoch [484/1000], Loss: 0.2327, Validation Loss: 0.2176
Epoch [485/1000], Loss: 0.2203, Validation Loss: 0.2066
Epoch [486/1000], Loss: 0.2229, Validation Loss: 0.2270
Epoch [487/1000], Loss: 0.2179, Validation Loss: 0.2438
Epoch [488/1000], Loss: 0.2112, Validation Loss: 0.2203
Epoch [489/1000], Loss: 0.2180, Validation Loss: 0.2004
Epoch [490/1000], Loss: 0.2304, Validation Loss: 0.1872
Epoch [491/1000], Loss: 0.2275, Validation Loss: 0.1907
Epoch [492/1000], Loss: 0.2136, Validation Loss: 0.2059
Epoch [493/1000], Loss: 0.2242, Validation Loss: 0.1881
Epoch [494/1000], Loss: 0.2207, Validation Loss: 0.2523
Epoch [495/1000], Loss: 0.2276, Validation Loss: 0.2552
Epoch [496/1000], Loss: 0.2286, Validation Loss: 0.2005
Epoch [497/1000], Loss: 0.2147, Validation Loss: 0.2432
Epoch [498/1000], Loss: 0.2264, Validation Loss: 0.1688
Epoch [499/1000], Loss: 0.2178, Validation Loss: 0.2412
Saved checkpoint: runs/006/epoch_500_0.2320_0.2009.pth
Epoch [500/1000], Loss: 0.2320, Validation Loss: 0.2009
Epoch [501/1000], Loss: 0.2283, Validation Loss: 0.2249
Epoch [502/1000], Loss: 0.2174, Validation Loss: 0.2374
Epoch [503/1000], Loss: 0.2187, Validation Loss: 0.2417
Epoch [504/1000], Loss: 0.2222, Validation Loss: 0.2258
Epoch [505/1000], Loss: 0.2096, Validation Loss: 0.2103
Epoch [506/1000], Loss: 0.2140, Validation Loss: 0.2101
Epoch [507/1000], Loss: 0.2171, Validation Loss: 0.2283
Epoch [508/1000], Loss: 0.2272, Validation Loss: 0.2175
Epoch [509/1000], Loss: 0.2133, Validation Loss: 0.2014
Epoch [510/1000], Loss: 0.2195, Validation Loss: 0.1945
Epoch [511/1000], Loss: 0.2228, Validation Loss: 0.2327
Epoch [512/1000], Loss: 0.2217, Validation Loss: 0.2044
Epoch [513/1000], Loss: 0.2215, Validation Loss: 0.2196
Epoch [514/1000], Loss: 0.2208, Validation Loss: 0.2138
Epoch [515/1000], Loss: 0.2224, Validation Loss: 0.1980
Epoch [516/1000], Loss: 0.2260, Validation Loss: 0.2078
Epoch [517/1000], Loss: 0.2145, Validation Loss: 0.2417
Epoch [518/1000], Loss: 0.2188, Validation Loss: 0.2143
Epoch [519/1000], Loss: 0.2156, Validation Loss: 0.2211
Epoch [520/1000], Loss: 0.2186, Validation Loss: 0.2281
Epoch [521/1000], Loss: 0.2200, Validation Loss: 0.2448
Epoch [522/1000], Loss: 0.2168, Validation Loss: 0.2314
Epoch [523/1000], Loss: 0.2241, Validation Loss: 0.2529
Epoch [524/1000], Loss: 0.2346, Validation Loss: 0.2582
Epoch [525/1000], Loss: 0.2292, Validation Loss: 0.2370
Epoch [526/1000], Loss: 0.2198, Validation Loss: 0.2020
Epoch [527/1000], Loss: 0.2108, Validation Loss: 0.2419
Epoch [528/1000], Loss: 0.2177, Validation Loss: 0.2400
Epoch [529/1000], Loss: 0.2161, Validation Loss: 0.2099
Epoch [530/1000], Loss: 0.2249, Validation Loss: 0.2113
Epoch [531/1000], Loss: 0.2278, Validation Loss: 0.2394
Epoch [532/1000], Loss: 0.2227, Validation Loss: 0.2366
Epoch [533/1000], Loss: 0.2139, Validation Loss: 0.2181
Epoch [534/1000], Loss: 0.2261, Validation Loss: 0.2193
Epoch [535/1000], Loss: 0.2103, Validation Loss: 0.2464
Epoch [536/1000], Loss: 0.2139, Validation Loss: 0.2260
Epoch [537/1000], Loss: 0.2286, Validation Loss: 0.2058
Epoch [538/1000], Loss: 0.2102, Validation Loss: 0.2430
Epoch [539/1000], Loss: 0.2201, Validation Loss: 0.2084
Epoch [540/1000], Loss: 0.2178, Validation Loss: 0.2100
Epoch [541/1000], Loss: 0.2206, Validation Loss: 0.2007
Epoch [542/1000], Loss: 0.2260, Validation Loss: 0.2428
Epoch [543/1000], Loss: 0.2344, Validation Loss: 0.2317
Epoch [544/1000], Loss: 0.2250, Validation Loss: 0.2324
Epoch [545/1000], Loss: 0.2162, Validation Loss: 0.2220
Epoch [546/1000], Loss: 0.2193, Validation Loss: 0.1994
Epoch [547/1000], Loss: 0.2253, Validation Loss: 0.2100
Epoch [548/1000], Loss: 0.2235, Validation Loss: 0.2166
Epoch [549/1000], Loss: 0.2199, Validation Loss: 0.2243
Epoch [550/1000], Loss: 0.2119, Validation Loss: 0.2501
Epoch [551/1000], Loss: 0.2210, Validation Loss: 0.2193
Epoch [552/1000], Loss: 0.2232, Validation Loss: 0.2706
Epoch [553/1000], Loss: 0.2140, Validation Loss: 0.2287
Epoch [554/1000], Loss: 0.2194, Validation Loss: 0.2077
Epoch [555/1000], Loss: 0.2174, Validation Loss: 0.1983
Epoch [556/1000], Loss: 0.2173, Validation Loss: 0.2255
Epoch [557/1000], Loss: 0.2105, Validation Loss: 0.1988
Epoch [558/1000], Loss: 0.2097, Validation Loss: 0.2308
Epoch [559/1000], Loss: 0.2236, Validation Loss: 0.2248
Epoch [560/1000], Loss: 0.2172, Validation Loss: 0.2108
Epoch [561/1000], Loss: 0.2222, Validation Loss: 0.2099
Epoch [562/1000], Loss: 0.2177, Validation Loss: 0.2155
Epoch [563/1000], Loss: 0.2196, Validation Loss: 0.2323
Epoch [564/1000], Loss: 0.2259, Validation Loss: 0.1923
Epoch [565/1000], Loss: 0.2231, Validation Loss: 0.2457
Epoch [566/1000], Loss: 0.2210, Validation Loss: 0.2655
Epoch [567/1000], Loss: 0.2187, Validation Loss: 0.2179
Epoch [568/1000], Loss: 0.2141, Validation Loss: 0.2032
Epoch [569/1000], Loss: 0.2242, Validation Loss: 0.2321
Epoch [570/1000], Loss: 0.2222, Validation Loss: 0.2439
Epoch [571/1000], Loss: 0.2129, Validation Loss: 0.1936
Epoch [572/1000], Loss: 0.2212, Validation Loss: 0.2160
Epoch [573/1000], Loss: 0.2172, Validation Loss: 0.2190
Epoch [574/1000], Loss: 0.2275, Validation Loss: 0.2349
Epoch [575/1000], Loss: 0.2218, Validation Loss: 0.2271
Epoch [576/1000], Loss: 0.2164, Validation Loss: 0.1885
Epoch [577/1000], Loss: 0.2134, Validation Loss: 0.2006
Epoch [578/1000], Loss: 0.2329, Validation Loss: 0.2071
Epoch [579/1000], Loss: 0.2255, Validation Loss: 0.1834
Epoch [580/1000], Loss: 0.2184, Validation Loss: 0.2075
Epoch [581/1000], Loss: 0.2282, Validation Loss: 0.1970
Epoch [582/1000], Loss: 0.2373, Validation Loss: 0.2240
Epoch [583/1000], Loss: 0.2173, Validation Loss: 0.2181
Epoch [584/1000], Loss: 0.2258, Validation Loss: 0.2371
Epoch [585/1000], Loss: 0.2232, Validation Loss: 0.1820
Epoch [586/1000], Loss: 0.2261, Validation Loss: 0.2315
Epoch [587/1000], Loss: 0.2325, Validation Loss: 0.2263
Epoch [588/1000], Loss: 0.2093, Validation Loss: 0.2367
Epoch [589/1000], Loss: 0.2285, Validation Loss: 0.2441
Epoch [590/1000], Loss: 0.2241, Validation Loss: 0.2057
Epoch [591/1000], Loss: 0.2265, Validation Loss: 0.2294
Epoch [592/1000], Loss: 0.2077, Validation Loss: 0.2230
Epoch [593/1000], Loss: 0.2226, Validation Loss: 0.2110
Epoch [594/1000], Loss: 0.2205, Validation Loss: 0.2480
Epoch [595/1000], Loss: 0.2179, Validation Loss: 0.2316
Epoch [596/1000], Loss: 0.2235, Validation Loss: 0.2219
Epoch [597/1000], Loss: 0.2228, Validation Loss: 0.2423
Epoch [598/1000], Loss: 0.2130, Validation Loss: 0.2782
Epoch [599/1000], Loss: 0.2219, Validation Loss: 0.2221
Saved checkpoint: runs/006/epoch_600_0.2178_0.2278.pth
Epoch [600/1000], Loss: 0.2178, Validation Loss: 0.2278
Epoch [601/1000], Loss: 0.2320, Validation Loss: 0.2135
Epoch [602/1000], Loss: 0.2243, Validation Loss: 0.2179
Epoch [603/1000], Loss: 0.2165, Validation Loss: 0.2156
Epoch [604/1000], Loss: 0.2156, Validation Loss: 0.2371
Epoch [605/1000], Loss: 0.2218, Validation Loss: 0.2387
Epoch [606/1000], Loss: 0.2266, Validation Loss: 0.2930
Epoch [607/1000], Loss: 0.2121, Validation Loss: 0.2002
Epoch [608/1000], Loss: 0.2123, Validation Loss: 0.2060
Epoch [609/1000], Loss: 0.2262, Validation Loss: 0.2388
Epoch [610/1000], Loss: 0.2178, Validation Loss: 0.2417
Epoch [611/1000], Loss: 0.2269, Validation Loss: 0.2181
Epoch [612/1000], Loss: 0.2264, Validation Loss: 0.2500
Epoch [613/1000], Loss: 0.2204, Validation Loss: 0.2433
Epoch [614/1000], Loss: 0.2232, Validation Loss: 0.2399
Epoch [615/1000], Loss: 0.2207, Validation Loss: 0.2144
Epoch [616/1000], Loss: 0.2160, Validation Loss: 0.1939
Epoch [617/1000], Loss: 0.2154, Validation Loss: 0.2242
Epoch [618/1000], Loss: 0.2214, Validation Loss: 0.2079
Epoch [619/1000], Loss: 0.2187, Validation Loss: 0.2074
Epoch [620/1000], Loss: 0.2169, Validation Loss: 0.1884
Epoch [621/1000], Loss: 0.2214, Validation Loss: 0.2270
Epoch [622/1000], Loss: 0.2257, Validation Loss: 0.1793
Epoch [623/1000], Loss: 0.2259, Validation Loss: 0.2679
Epoch [624/1000], Loss: 0.2241, Validation Loss: 0.2417
Epoch [625/1000], Loss: 0.2342, Validation Loss: 0.1820
Epoch [626/1000], Loss: 0.2121, Validation Loss: 0.2405
Epoch [627/1000], Loss: 0.2160, Validation Loss: 0.1948
Epoch [628/1000], Loss: 0.2167, Validation Loss: 0.2049
Epoch [629/1000], Loss: 0.2187, Validation Loss: 0.2367
Epoch [630/1000], Loss: 0.2336, Validation Loss: 0.2134
Epoch [631/1000], Loss: 0.2138, Validation Loss: 0.2335
Epoch [632/1000], Loss: 0.2171, Validation Loss: 0.2152
Epoch [633/1000], Loss: 0.2316, Validation Loss: 0.2416
Epoch [634/1000], Loss: 0.2268, Validation Loss: 0.2140
Epoch [635/1000], Loss: 0.2177, Validation Loss: 0.2329
Epoch [636/1000], Loss: 0.2205, Validation Loss: 0.2106
Epoch [637/1000], Loss: 0.2198, Validation Loss: 0.2323
Epoch [638/1000], Loss: 0.2254, Validation Loss: 0.1980
Epoch [639/1000], Loss: 0.2224, Validation Loss: 0.1890
Epoch [640/1000], Loss: 0.2082, Validation Loss: 0.2685
Epoch [641/1000], Loss: 0.2310, Validation Loss: 0.2036
Epoch [642/1000], Loss: 0.2167, Validation Loss: 0.2386
Epoch [643/1000], Loss: 0.2273, Validation Loss: 0.1967
Epoch [644/1000], Loss: 0.2153, Validation Loss: 0.2288
Epoch [645/1000], Loss: 0.2345, Validation Loss: 0.2144
Epoch [646/1000], Loss: 0.2194, Validation Loss: 0.1801
Epoch [647/1000], Loss: 0.2128, Validation Loss: 0.2137
Epoch [648/1000], Loss: 0.2040, Validation Loss: 0.2226
Epoch [649/1000], Loss: 0.2151, Validation Loss: 0.2133
Epoch [650/1000], Loss: 0.2093, Validation Loss: 0.2149
Epoch [651/1000], Loss: 0.2247, Validation Loss: 0.2081
Epoch [652/1000], Loss: 0.2260, Validation Loss: 0.1914
Epoch [653/1000], Loss: 0.2309, Validation Loss: 0.2231
Epoch [654/1000], Loss: 0.2082, Validation Loss: 0.2343
Epoch [655/1000], Loss: 0.2264, Validation Loss: 0.2270
Epoch [656/1000], Loss: 0.2222, Validation Loss: 0.2324
Epoch [657/1000], Loss: 0.2183, Validation Loss: 0.2138
Epoch [658/1000], Loss: 0.2249, Validation Loss: 0.2318
Epoch [659/1000], Loss: 0.2211, Validation Loss: 0.2300
Epoch [660/1000], Loss: 0.2091, Validation Loss: 0.2408
Epoch [661/1000], Loss: 0.2095, Validation Loss: 0.2270
Epoch [662/1000], Loss: 0.2217, Validation Loss: 0.2441
Epoch [663/1000], Loss: 0.2163, Validation Loss: 0.2439
Epoch [664/1000], Loss: 0.2222, Validation Loss: 0.2413
Epoch [665/1000], Loss: 0.2152, Validation Loss: 0.2293
Epoch [666/1000], Loss: 0.2246, Validation Loss: 0.2266
Epoch [667/1000], Loss: 0.2207, Validation Loss: 0.2059
Epoch [668/1000], Loss: 0.2271, Validation Loss: 0.2337
Epoch [669/1000], Loss: 0.2177, Validation Loss: 0.2084
Epoch [670/1000], Loss: 0.2198, Validation Loss: 0.2086
Epoch [671/1000], Loss: 0.2190, Validation Loss: 0.2545
Epoch [672/1000], Loss: 0.2162, Validation Loss: 0.1902
Epoch [673/1000], Loss: 0.2068, Validation Loss: 0.2143
Epoch [674/1000], Loss: 0.2265, Validation Loss: 0.2182
Epoch [675/1000], Loss: 0.2253, Validation Loss: 0.2223
Epoch [676/1000], Loss: 0.2067, Validation Loss: 0.2312
Epoch [677/1000], Loss: 0.2256, Validation Loss: 0.2397
Epoch [678/1000], Loss: 0.2259, Validation Loss: 0.2472
Epoch [679/1000], Loss: 0.2092, Validation Loss: 0.2321
Epoch [680/1000], Loss: 0.2233, Validation Loss: 0.2165
Epoch [681/1000], Loss: 0.2238, Validation Loss: 0.2352
Epoch [682/1000], Loss: 0.2130, Validation Loss: 0.2254
Epoch [683/1000], Loss: 0.2241, Validation Loss: 0.2240
Epoch [684/1000], Loss: 0.2085, Validation Loss: 0.2215
Epoch [685/1000], Loss: 0.2121, Validation Loss: 0.2099
Epoch [686/1000], Loss: 0.2147, Validation Loss: 0.2048
Epoch [687/1000], Loss: 0.2217, Validation Loss: 0.2101
Epoch [688/1000], Loss: 0.2263, Validation Loss: 0.2618
Epoch [689/1000], Loss: 0.2130, Validation Loss: 0.2450
Epoch [690/1000], Loss: 0.2237, Validation Loss: 0.2270
Epoch [691/1000], Loss: 0.2305, Validation Loss: 0.1904
Epoch [692/1000], Loss: 0.2088, Validation Loss: 0.2114
Epoch [693/1000], Loss: 0.2105, Validation Loss: 0.2320
Epoch [694/1000], Loss: 0.2205, Validation Loss: 0.2366
Epoch [695/1000], Loss: 0.2148, Validation Loss: 0.2083
Epoch [696/1000], Loss: 0.2140, Validation Loss: 0.1959
Epoch [697/1000], Loss: 0.2118, Validation Loss: 0.2002
Epoch [698/1000], Loss: 0.2136, Validation Loss: 0.2624
Epoch [699/1000], Loss: 0.2135, Validation Loss: 0.1985
Saved checkpoint: runs/006/epoch_700_0.2096_0.2212.pth
Epoch [700/1000], Loss: 0.2096, Validation Loss: 0.2212
Epoch [701/1000], Loss: 0.2229, Validation Loss: 0.2229
Epoch [702/1000], Loss: 0.2210, Validation Loss: 0.2029
Epoch [703/1000], Loss: 0.2118, Validation Loss: 0.2166
Epoch [704/1000], Loss: 0.2239, Validation Loss: 0.2117
Epoch [705/1000], Loss: 0.2244, Validation Loss: 0.2242
Epoch [706/1000], Loss: 0.2255, Validation Loss: 0.2080
Epoch [707/1000], Loss: 0.2235, Validation Loss: 0.2407
Epoch [708/1000], Loss: 0.2314, Validation Loss: 0.2124
Epoch [709/1000], Loss: 0.2093, Validation Loss: 0.2370
Epoch [710/1000], Loss: 0.2256, Validation Loss: 0.2224
Epoch [711/1000], Loss: 0.2082, Validation Loss: 0.2476
Epoch [712/1000], Loss: 0.2198, Validation Loss: 0.2189
Epoch [713/1000], Loss: 0.2144, Validation Loss: 0.2162
Epoch [714/1000], Loss: 0.2272, Validation Loss: 0.2196
Epoch [715/1000], Loss: 0.2224, Validation Loss: 0.2131
Epoch [716/1000], Loss: 0.2207, Validation Loss: 0.2150
Epoch [717/1000], Loss: 0.2169, Validation Loss: 0.1985
Epoch [718/1000], Loss: 0.2177, Validation Loss: 0.2257
Epoch [719/1000], Loss: 0.2111, Validation Loss: 0.2756
Epoch [720/1000], Loss: 0.2147, Validation Loss: 0.1778
Epoch [721/1000], Loss: 0.2220, Validation Loss: 0.2089
Epoch [722/1000], Loss: 0.2136, Validation Loss: 0.2220
Epoch [723/1000], Loss: 0.2111, Validation Loss: 0.2249
Epoch [724/1000], Loss: 0.2236, Validation Loss: 0.2216
Epoch [725/1000], Loss: 0.2192, Validation Loss: 0.2187
Epoch [726/1000], Loss: 0.2159, Validation Loss: 0.2067
Epoch [727/1000], Loss: 0.2140, Validation Loss: 0.2026
Epoch [728/1000], Loss: 0.2152, Validation Loss: 0.2339
Epoch [729/1000], Loss: 0.2081, Validation Loss: 0.2164
Epoch [730/1000], Loss: 0.2174, Validation Loss: 0.2074
Epoch [731/1000], Loss: 0.2220, Validation Loss: 0.2404
Epoch [732/1000], Loss: 0.2226, Validation Loss: 0.2385
Epoch [733/1000], Loss: 0.2127, Validation Loss: 0.2092
Epoch [734/1000], Loss: 0.2261, Validation Loss: 0.2185
Epoch [735/1000], Loss: 0.2229, Validation Loss: 0.2388
Epoch [736/1000], Loss: 0.2101, Validation Loss: 0.2255
Epoch [737/1000], Loss: 0.2171, Validation Loss: 0.2111
Epoch [738/1000], Loss: 0.2215, Validation Loss: 0.2207
Epoch [739/1000], Loss: 0.2180, Validation Loss: 0.2061
Epoch [740/1000], Loss: 0.2096, Validation Loss: 0.1954
Epoch [741/1000], Loss: 0.2204, Validation Loss: 0.2379
Epoch [742/1000], Loss: 0.2211, Validation Loss: 0.2245
Epoch [743/1000], Loss: 0.2165, Validation Loss: 0.2205
Epoch [744/1000], Loss: 0.2196, Validation Loss: 0.2041
Epoch [745/1000], Loss: 0.2188, Validation Loss: 0.2275
Epoch [746/1000], Loss: 0.2184, Validation Loss: 0.2141
Epoch [747/1000], Loss: 0.2003, Validation Loss: 0.2084
Epoch [748/1000], Loss: 0.2131, Validation Loss: 0.2004
Epoch [749/1000], Loss: 0.2178, Validation Loss: 0.2274
Epoch [750/1000], Loss: 0.2176, Validation Loss: 0.1811
Epoch [751/1000], Loss: 0.2247, Validation Loss: 0.2049
Epoch [752/1000], Loss: 0.2130, Validation Loss: 0.1882
Epoch [753/1000], Loss: 0.2120, Validation Loss: 0.2262
Epoch [754/1000], Loss: 0.2129, Validation Loss: 0.2137
Epoch [755/1000], Loss: 0.2057, Validation Loss: 0.2088
Epoch [756/1000], Loss: 0.2099, Validation Loss: 0.2103
Epoch [757/1000], Loss: 0.2135, Validation Loss: 0.2431
Epoch [758/1000], Loss: 0.2175, Validation Loss: 0.2392
Epoch [759/1000], Loss: 0.2102, Validation Loss: 0.1908
Epoch [760/1000], Loss: 0.2130, Validation Loss: 0.2177
Epoch [761/1000], Loss: 0.2170, Validation Loss: 0.2340
Epoch [762/1000], Loss: 0.2200, Validation Loss: 0.2503
Epoch [763/1000], Loss: 0.2211, Validation Loss: 0.1990
Epoch [764/1000], Loss: 0.2138, Validation Loss: 0.2318
Epoch [765/1000], Loss: 0.2269, Validation Loss: 0.2073
Epoch [766/1000], Loss: 0.2152, Validation Loss: 0.2466
Epoch [767/1000], Loss: 0.2137, Validation Loss: 0.2158
Epoch [768/1000], Loss: 0.2076, Validation Loss: 0.2206
Epoch [769/1000], Loss: 0.2149, Validation Loss: 0.1853
Epoch [770/1000], Loss: 0.2289, Validation Loss: 0.1877
Epoch [771/1000], Loss: 0.2283, Validation Loss: 0.2188
Epoch [772/1000], Loss: 0.2184, Validation Loss: 0.1935
Epoch [773/1000], Loss: 0.2182, Validation Loss: 0.2268
Epoch [774/1000], Loss: 0.2113, Validation Loss: 0.2107
Epoch [775/1000], Loss: 0.2250, Validation Loss: 0.2179
Epoch [776/1000], Loss: 0.2076, Validation Loss: 0.2294
Epoch [777/1000], Loss: 0.2217, Validation Loss: 0.2279
Epoch [778/1000], Loss: 0.2191, Validation Loss: 0.2282
Epoch [779/1000], Loss: 0.2274, Validation Loss: 0.2178
Epoch [780/1000], Loss: 0.2166, Validation Loss: 0.1984
Epoch [781/1000], Loss: 0.2197, Validation Loss: 0.1932
Epoch [782/1000], Loss: 0.2229, Validation Loss: 0.1952
Epoch [783/1000], Loss: 0.2238, Validation Loss: 0.2199
Epoch [784/1000], Loss: 0.2220, Validation Loss: 0.2412
Epoch [785/1000], Loss: 0.2107, Validation Loss: 0.2367
Epoch [786/1000], Loss: 0.2194, Validation Loss: 0.2599
Epoch [787/1000], Loss: 0.2235, Validation Loss: 0.2171
Epoch [788/1000], Loss: 0.2198, Validation Loss: 0.2267
Epoch [789/1000], Loss: 0.2217, Validation Loss: 0.1942
Epoch [790/1000], Loss: 0.2152, Validation Loss: 0.2289
Epoch [791/1000], Loss: 0.2290, Validation Loss: 0.2578
Epoch [792/1000], Loss: 0.2225, Validation Loss: 0.2511
Epoch [793/1000], Loss: 0.2217, Validation Loss: 0.2074
Epoch [794/1000], Loss: 0.2258, Validation Loss: 0.2047
Epoch [795/1000], Loss: 0.2159, Validation Loss: 0.2227
Epoch [796/1000], Loss: 0.2145, Validation Loss: 0.1991
Epoch [797/1000], Loss: 0.2122, Validation Loss: 0.2200
Epoch [798/1000], Loss: 0.2118, Validation Loss: 0.2767
Epoch [799/1000], Loss: 0.2317, Validation Loss: 0.2630
Saved checkpoint: runs/006/epoch_800_0.2204_0.2171.pth
Epoch [800/1000], Loss: 0.2204, Validation Loss: 0.2171
Epoch [801/1000], Loss: 0.2198, Validation Loss: 0.2066
Epoch [802/1000], Loss: 0.2189, Validation Loss: 0.2580
Epoch [803/1000], Loss: 0.2338, Validation Loss: 0.1910
Epoch [804/1000], Loss: 0.2165, Validation Loss: 0.2345
Epoch [805/1000], Loss: 0.2150, Validation Loss: 0.2319
Epoch [806/1000], Loss: 0.2157, Validation Loss: 0.2277
Epoch [807/1000], Loss: 0.2142, Validation Loss: 0.2364
Epoch [808/1000], Loss: 0.2182, Validation Loss: 0.1881
Epoch [809/1000], Loss: 0.2144, Validation Loss: 0.2286
Epoch [810/1000], Loss: 0.2122, Validation Loss: 0.2074
Epoch [811/1000], Loss: 0.2184, Validation Loss: 0.2082
Epoch [812/1000], Loss: 0.2173, Validation Loss: 0.2249
Epoch [813/1000], Loss: 0.2210, Validation Loss: 0.2032
Epoch [814/1000], Loss: 0.2207, Validation Loss: 0.2237
Epoch [815/1000], Loss: 0.2209, Validation Loss: 0.2188
Epoch [816/1000], Loss: 0.2093, Validation Loss: 0.2249
Epoch [817/1000], Loss: 0.2254, Validation Loss: 0.2642
Epoch [818/1000], Loss: 0.2269, Validation Loss: 0.2494
Epoch [819/1000], Loss: 0.2267, Validation Loss: 0.2015
Epoch [820/1000], Loss: 0.2192, Validation Loss: 0.2281
Epoch [821/1000], Loss: 0.2137, Validation Loss: 0.2193
Epoch [822/1000], Loss: 0.2160, Validation Loss: 0.2194
Epoch [823/1000], Loss: 0.2250, Validation Loss: 0.1962
Epoch [824/1000], Loss: 0.2116, Validation Loss: 0.2039
Epoch [825/1000], Loss: 0.2190, Validation Loss: 0.2070
Epoch [826/1000], Loss: 0.2111, Validation Loss: 0.2280
Epoch [827/1000], Loss: 0.2332, Validation Loss: 0.2153
Epoch [828/1000], Loss: 0.2155, Validation Loss: 0.2196
Epoch [829/1000], Loss: 0.2248, Validation Loss: 0.2258
Epoch [830/1000], Loss: 0.2188, Validation Loss: 0.2015
Epoch [831/1000], Loss: 0.2186, Validation Loss: 0.2558
Epoch [832/1000], Loss: 0.2171, Validation Loss: 0.2295
Epoch [833/1000], Loss: 0.2307, Validation Loss: 0.2414
Epoch [834/1000], Loss: 0.2115, Validation Loss: 0.2230
Epoch [835/1000], Loss: 0.2221, Validation Loss: 0.2272
Epoch [836/1000], Loss: 0.2157, Validation Loss: 0.2408
Epoch [837/1000], Loss: 0.2238, Validation Loss: 0.2101
Epoch [838/1000], Loss: 0.2028, Validation Loss: 0.2183
Epoch [839/1000], Loss: 0.2146, Validation Loss: 0.2180
Epoch [840/1000], Loss: 0.2290, Validation Loss: 0.1842
Epoch [841/1000], Loss: 0.2108, Validation Loss: 0.2253
Epoch [842/1000], Loss: 0.2132, Validation Loss: 0.2449
Epoch [843/1000], Loss: 0.2157, Validation Loss: 0.2091
Epoch [844/1000], Loss: 0.2289, Validation Loss: 0.2109
Epoch [845/1000], Loss: 0.2229, Validation Loss: 0.2376
Epoch [846/1000], Loss: 0.2125, Validation Loss: 0.1988
Epoch [847/1000], Loss: 0.2190, Validation Loss: 0.2033
Epoch [848/1000], Loss: 0.2147, Validation Loss: 0.2083
Epoch [849/1000], Loss: 0.2262, Validation Loss: 0.2185
Epoch [850/1000], Loss: 0.2151, Validation Loss: 0.2089
Epoch [851/1000], Loss: 0.2399, Validation Loss: 0.2143
Epoch [852/1000], Loss: 0.2235, Validation Loss: 0.2328
Epoch [853/1000], Loss: 0.2224, Validation Loss: 0.2077
Epoch [854/1000], Loss: 0.2165, Validation Loss: 0.1924
Epoch [855/1000], Loss: 0.2099, Validation Loss: 0.2445
Epoch [856/1000], Loss: 0.2112, Validation Loss: 0.2244
Epoch [857/1000], Loss: 0.2168, Validation Loss: 0.2389
Epoch [858/1000], Loss: 0.2087, Validation Loss: 0.2435
Epoch [859/1000], Loss: 0.2203, Validation Loss: 0.2169
Epoch [860/1000], Loss: 0.2218, Validation Loss: 0.2528
Epoch [861/1000], Loss: 0.2105, Validation Loss: 0.2287
Epoch [862/1000], Loss: 0.2152, Validation Loss: 0.2184
Epoch [863/1000], Loss: 0.2178, Validation Loss: 0.2263
Epoch [864/1000], Loss: 0.2143, Validation Loss: 0.2407
Epoch [865/1000], Loss: 0.2147, Validation Loss: 0.2377
Epoch [866/1000], Loss: 0.2140, Validation Loss: 0.1976
Epoch [867/1000], Loss: 0.2224, Validation Loss: 0.2195
Epoch [868/1000], Loss: 0.2191, Validation Loss: 0.2332
Epoch [869/1000], Loss: 0.2219, Validation Loss: 0.2293
Epoch [870/1000], Loss: 0.2065, Validation Loss: 0.2257
Epoch [871/1000], Loss: 0.2167, Validation Loss: 0.2205
Epoch [872/1000], Loss: 0.2182, Validation Loss: 0.2434
Epoch [873/1000], Loss: 0.2105, Validation Loss: 0.2053
Epoch [874/1000], Loss: 0.2133, Validation Loss: 0.2080
Epoch [875/1000], Loss: 0.2185, Validation Loss: 0.2239
Epoch [876/1000], Loss: 0.2332, Validation Loss: 0.2396
Epoch [877/1000], Loss: 0.2228, Validation Loss: 0.2300
Epoch [878/1000], Loss: 0.2249, Validation Loss: 0.2264
Epoch [879/1000], Loss: 0.2232, Validation Loss: 0.1813
Epoch [880/1000], Loss: 0.2174, Validation Loss: 0.2353
Epoch [881/1000], Loss: 0.2168, Validation Loss: 0.2404
Epoch [882/1000], Loss: 0.2078, Validation Loss: 0.2079
Epoch [883/1000], Loss: 0.2310, Validation Loss: 0.1978
Epoch [884/1000], Loss: 0.2213, Validation Loss: 0.2378
Epoch [885/1000], Loss: 0.2177, Validation Loss: 0.2300
Epoch [886/1000], Loss: 0.2237, Validation Loss: 0.2085
Epoch [887/1000], Loss: 0.2186, Validation Loss: 0.2354
Epoch [888/1000], Loss: 0.2097, Validation Loss: 0.2056
Epoch [889/1000], Loss: 0.2152, Validation Loss: 0.2276
Epoch [890/1000], Loss: 0.2100, Validation Loss: 0.2326
Epoch [891/1000], Loss: 0.2134, Validation Loss: 0.2118
Epoch [892/1000], Loss: 0.2128, Validation Loss: 0.2100
Epoch [893/1000], Loss: 0.2177, Validation Loss: 0.2032
Epoch [894/1000], Loss: 0.2132, Validation Loss: 0.2131
Epoch [895/1000], Loss: 0.2189, Validation Loss: 0.2213
Epoch [896/1000], Loss: 0.2058, Validation Loss: 0.2027
Epoch [897/1000], Loss: 0.2136, Validation Loss: 0.2267
Epoch [898/1000], Loss: 0.2082, Validation Loss: 0.2274
Epoch [899/1000], Loss: 0.2251, Validation Loss: 0.2135
Saved checkpoint: runs/006/epoch_900_0.2232_0.1797.pth
Epoch [900/1000], Loss: 0.2232, Validation Loss: 0.1797
Epoch [901/1000], Loss: 0.2211, Validation Loss: 0.2067
Epoch [902/1000], Loss: 0.2230, Validation Loss: 0.2172
Epoch [903/1000], Loss: 0.2164, Validation Loss: 0.2311
Epoch [904/1000], Loss: 0.2134, Validation Loss: 0.2146
Epoch [905/1000], Loss: 0.2214, Validation Loss: 0.2244
Epoch [906/1000], Loss: 0.2188, Validation Loss: 0.2684
Epoch [907/1000], Loss: 0.2133, Validation Loss: 0.2480
Epoch [908/1000], Loss: 0.2153, Validation Loss: 0.2351
Epoch [909/1000], Loss: 0.2160, Validation Loss: 0.1998
Epoch [910/1000], Loss: 0.2211, Validation Loss: 0.1912
Epoch [911/1000], Loss: 0.2147, Validation Loss: 0.2091
Epoch [912/1000], Loss: 0.2136, Validation Loss: 0.2222
Epoch [913/1000], Loss: 0.2089, Validation Loss: 0.2418
Epoch [914/1000], Loss: 0.2226, Validation Loss: 0.2281
Epoch [915/1000], Loss: 0.2247, Validation Loss: 0.2186
Epoch [916/1000], Loss: 0.2095, Validation Loss: 0.2026
Epoch [917/1000], Loss: 0.2153, Validation Loss: 0.2373
Epoch [918/1000], Loss: 0.2192, Validation Loss: 0.1805
Epoch [919/1000], Loss: 0.2183, Validation Loss: 0.2201
Epoch [920/1000], Loss: 0.2208, Validation Loss: 0.1941
Epoch [921/1000], Loss: 0.2107, Validation Loss: 0.2177
