nohup: ignoring input
/home/navarro/anaconda3/envs/fm3d/lib/python3.10/site-packages/timm/models/layers/__init__.py:48: FutureWarning: Importing from timm.models.layers is deprecated, please import via timm.layers
  warnings.warn(f"Importing from {__name__} is deprecated, please import via timm.layers", FutureWarning)
wandb: Appending key for api.wandb.ai to your netrc file: /home/navarro/.netrc
wandb: Currently logged in as: luismedrano2000 (luismedrano2000-university-of-zaragoza) to https://api.wandb.ai. Use `wandb login --relogin` to force relogin
wandb: Tracking run with wandb version 0.19.11
wandb: Run data is saved locally in /home/navarro/FM-3D-Turbulence/wandb/run-20250606_214504-gqsiskr9
wandb: Run `wandb offline` to turn off syncing.
wandb: Syncing run still-hill-1
wandb: ⭐️ View project at https://wandb.ai/luismedrano2000-university-of-zaragoza/fm_dp
wandb: 🚀 View run at https://wandb.ai/luismedrano2000-university-of-zaragoza/fm_dp/runs/gqsiskr9
Loading config...
cuda:0
N_time: 500, N_channels: 3, Nx: 128, Ny: 128, Nz: 128
/home/navarro/anaconda3/envs/fm3d/lib/python3.10/site-packages/torch/functional.py:554: UserWarning: torch.meshgrid: in an upcoming release, it will be required to pass the indexing argument. (Triggered internally at /pytorch/aten/src/ATen/native/TensorShape.cpp:4314.)
  return _VF.meshgrid(tensors, **kwargs)  # type: ignore[attr-defined]
Starting training...
Epoch [1/1000], Loss: 0.1770, Validation Loss: 0.1101
Epoch [2/1000], Loss: 0.1061, Validation Loss: 0.1020
Epoch [3/1000], Loss: 0.0997, Validation Loss: 0.0970
Epoch [4/1000], Loss: 0.0955, Validation Loss: 0.0951
Epoch [5/1000], Loss: 0.0938, Validation Loss: 0.0917
Epoch [6/1000], Loss: 0.0916, Validation Loss: 0.0890
Epoch [7/1000], Loss: 0.0913, Validation Loss: 0.0921
Epoch [8/1000], Loss: 0.0899, Validation Loss: 0.0890
Epoch [9/1000], Loss: 0.0897, Validation Loss: 0.0886
Epoch [10/1000], Loss: 0.0886, Validation Loss: 0.0880
Epoch [11/1000], Loss: 0.0878, Validation Loss: 0.0867
Epoch [12/1000], Loss: 0.0876, Validation Loss: 0.0860
Epoch [13/1000], Loss: 0.0864, Validation Loss: 0.0853
Epoch [14/1000], Loss: 0.0862, Validation Loss: 0.0842
Epoch [15/1000], Loss: 0.0841, Validation Loss: 0.0837
Epoch [16/1000], Loss: 0.0835, Validation Loss: 0.0816
Epoch [17/1000], Loss: 0.0819, Validation Loss: 0.0804
Epoch [18/1000], Loss: 0.0800, Validation Loss: 0.0795
Epoch [19/1000], Loss: 0.0788, Validation Loss: 0.0783
Epoch [20/1000], Loss: 0.0785, Validation Loss: 0.0784
Epoch [21/1000], Loss: 0.0769, Validation Loss: 0.0750
Epoch [22/1000], Loss: 0.0760, Validation Loss: 0.0741
Epoch [23/1000], Loss: 0.0751, Validation Loss: 0.0731
Epoch [24/1000], Loss: 0.0736, Validation Loss: 0.0754
Epoch [25/1000], Loss: 0.0720, Validation Loss: 0.0718
Epoch [26/1000], Loss: 0.0713, Validation Loss: 0.0708
Epoch [27/1000], Loss: 0.0688, Validation Loss: 0.0685
Epoch [28/1000], Loss: 0.0699, Validation Loss: 0.0690
Epoch [29/1000], Loss: 0.0671, Validation Loss: 0.0675
Epoch [30/1000], Loss: 0.0656, Validation Loss: 0.0628
Epoch [31/1000], Loss: 0.0656, Validation Loss: 0.0633
Epoch [32/1000], Loss: 0.0641, Validation Loss: 0.0648
Epoch [33/1000], Loss: 0.0637, Validation Loss: 0.0652
Epoch [34/1000], Loss: 0.0618, Validation Loss: 0.0614
Epoch [35/1000], Loss: 0.0611, Validation Loss: 0.0598
Epoch [36/1000], Loss: 0.0594, Validation Loss: 0.0589
Epoch [37/1000], Loss: 0.0584, Validation Loss: 0.0576
Epoch [38/1000], Loss: 0.0578, Validation Loss: 0.0577
Epoch [39/1000], Loss: 0.0578, Validation Loss: 0.0560
Epoch [40/1000], Loss: 0.0567, Validation Loss: 0.0552
Epoch [41/1000], Loss: 0.0567, Validation Loss: 0.0593
Epoch [42/1000], Loss: 0.0563, Validation Loss: 0.0539
Epoch [43/1000], Loss: 0.0542, Validation Loss: 0.0536
Epoch [44/1000], Loss: 0.0536, Validation Loss: 0.0542
Epoch [45/1000], Loss: 0.0522, Validation Loss: 0.0527
Epoch [46/1000], Loss: 0.0530, Validation Loss: 0.0529
Epoch [47/1000], Loss: 0.0524, Validation Loss: 0.0525
Epoch [48/1000], Loss: 0.0521, Validation Loss: 0.0507
Epoch [49/1000], Loss: 0.0520, Validation Loss: 0.0513
Epoch [50/1000], Loss: 0.0511, Validation Loss: 0.0494
Epoch [51/1000], Loss: 0.0502, Validation Loss: 0.0502
Epoch [52/1000], Loss: 0.0492, Validation Loss: 0.0486
Epoch [53/1000], Loss: 0.0481, Validation Loss: 0.0503
Epoch [54/1000], Loss: 0.0483, Validation Loss: 0.0504
Epoch [55/1000], Loss: 0.0488, Validation Loss: 0.0489
Epoch [56/1000], Loss: 0.0482, Validation Loss: 0.0476
Epoch [57/1000], Loss: 0.0474, Validation Loss: 0.0481
Epoch [58/1000], Loss: 0.0479, Validation Loss: 0.0470
Epoch [59/1000], Loss: 0.0468, Validation Loss: 0.0502
Epoch [60/1000], Loss: 0.0464, Validation Loss: 0.0490
Epoch [61/1000], Loss: 0.0457, Validation Loss: 0.0445
Epoch [62/1000], Loss: 0.0461, Validation Loss: 0.0435
Epoch [63/1000], Loss: 0.0458, Validation Loss: 0.0424
Epoch [64/1000], Loss: 0.0464, Validation Loss: 0.0481
Epoch [65/1000], Loss: 0.0452, Validation Loss: 0.0446
Epoch [66/1000], Loss: 0.0439, Validation Loss: 0.0446
Epoch [67/1000], Loss: 0.0440, Validation Loss: 0.0434
Epoch [68/1000], Loss: 0.0445, Validation Loss: 0.0420
Epoch [69/1000], Loss: 0.0434, Validation Loss: 0.0433
Epoch [70/1000], Loss: 0.0417, Validation Loss: 0.0433
Epoch [71/1000], Loss: 0.0420, Validation Loss: 0.0454
Epoch [72/1000], Loss: 0.0420, Validation Loss: 0.0398
Epoch [73/1000], Loss: 0.0435, Validation Loss: 0.0414
Epoch [74/1000], Loss: 0.0420, Validation Loss: 0.0451
Epoch [75/1000], Loss: 0.0432, Validation Loss: 0.0434
Epoch [76/1000], Loss: 0.0416, Validation Loss: 0.0395
Epoch [77/1000], Loss: 0.0400, Validation Loss: 0.0397
Epoch [78/1000], Loss: 0.0399, Validation Loss: 0.0413
Epoch [79/1000], Loss: 0.0413, Validation Loss: 0.0434
Epoch [80/1000], Loss: 0.0408, Validation Loss: 0.0407
Epoch [81/1000], Loss: 0.0401, Validation Loss: 0.0430
Epoch [82/1000], Loss: 0.0395, Validation Loss: 0.0404
Epoch [83/1000], Loss: 0.0396, Validation Loss: 0.0404
Epoch [84/1000], Loss: 0.0385, Validation Loss: 0.0441
Epoch [85/1000], Loss: 0.0428, Validation Loss: 0.0411
Epoch [86/1000], Loss: 0.0407, Validation Loss: 0.0400
Epoch [87/1000], Loss: 0.0388, Validation Loss: 0.0417
Epoch [88/1000], Loss: 0.0388, Validation Loss: 0.0396
Epoch [89/1000], Loss: 0.0387, Validation Loss: 0.0404
Epoch [90/1000], Loss: 0.0370, Validation Loss: 0.0395
Epoch [91/1000], Loss: 0.0388, Validation Loss: 0.0368
Epoch [92/1000], Loss: 0.0370, Validation Loss: 0.0383
Epoch [93/1000], Loss: 0.0382, Validation Loss: 0.0425
Epoch [94/1000], Loss: 0.0388, Validation Loss: 0.0339
Epoch [95/1000], Loss: 0.0381, Validation Loss: 0.0384
Epoch [96/1000], Loss: 0.0365, Validation Loss: 0.0349
Epoch [97/1000], Loss: 0.0382, Validation Loss: 0.0365
Epoch [98/1000], Loss: 0.0356, Validation Loss: 0.0325
Epoch [99/1000], Loss: 0.0361, Validation Loss: 0.0347
Saved checkpoint: runs/004/epoch_100_0.0360_0.0394.pth
Epoch [100/1000], Loss: 0.0360, Validation Loss: 0.0394
Epoch [101/1000], Loss: 0.0366, Validation Loss: 0.0383
Epoch [102/1000], Loss: 0.0369, Validation Loss: 0.0328
Epoch [103/1000], Loss: 0.0382, Validation Loss: 0.0337
Epoch [104/1000], Loss: 0.0362, Validation Loss: 0.0328
Epoch [105/1000], Loss: 0.0358, Validation Loss: 0.0426
Epoch [106/1000], Loss: 0.0365, Validation Loss: 0.0352
Epoch [107/1000], Loss: 0.0362, Validation Loss: 0.0350
Epoch [108/1000], Loss: 0.0356, Validation Loss: 0.0360
Epoch [109/1000], Loss: 0.0355, Validation Loss: 0.0319
Epoch [110/1000], Loss: 0.0359, Validation Loss: 0.0339
Epoch [111/1000], Loss: 0.0365, Validation Loss: 0.0320
Epoch [112/1000], Loss: 0.0347, Validation Loss: 0.0350
Epoch [113/1000], Loss: 0.0359, Validation Loss: 0.0365
Epoch [114/1000], Loss: 0.0335, Validation Loss: 0.0314
Epoch [115/1000], Loss: 0.0353, Validation Loss: 0.0350
Epoch [116/1000], Loss: 0.0352, Validation Loss: 0.0340
Epoch [117/1000], Loss: 0.0358, Validation Loss: 0.0368
Epoch [118/1000], Loss: 0.0354, Validation Loss: 0.0392
Epoch [119/1000], Loss: 0.0351, Validation Loss: 0.0325
Epoch [120/1000], Loss: 0.0336, Validation Loss: 0.0371
Epoch [121/1000], Loss: 0.0351, Validation Loss: 0.0345
Epoch [122/1000], Loss: 0.0340, Validation Loss: 0.0310
Epoch [123/1000], Loss: 0.0322, Validation Loss: 0.0364
Epoch [124/1000], Loss: 0.0351, Validation Loss: 0.0368
Epoch [125/1000], Loss: 0.0334, Validation Loss: 0.0300
Epoch [126/1000], Loss: 0.0348, Validation Loss: 0.0390
Epoch [127/1000], Loss: 0.0338, Validation Loss: 0.0303
Epoch [128/1000], Loss: 0.0336, Validation Loss: 0.0342
Epoch [129/1000], Loss: 0.0338, Validation Loss: 0.0316
Epoch [130/1000], Loss: 0.0331, Validation Loss: 0.0350
Epoch [131/1000], Loss: 0.0334, Validation Loss: 0.0357
Epoch [132/1000], Loss: 0.0338, Validation Loss: 0.0353
Epoch [133/1000], Loss: 0.0341, Validation Loss: 0.0376
Epoch [134/1000], Loss: 0.0327, Validation Loss: 0.0333
Epoch [135/1000], Loss: 0.0326, Validation Loss: 0.0281
Epoch [136/1000], Loss: 0.0322, Validation Loss: 0.0302
Epoch [137/1000], Loss: 0.0331, Validation Loss: 0.0318
Epoch [138/1000], Loss: 0.0345, Validation Loss: 0.0349
Epoch [139/1000], Loss: 0.0328, Validation Loss: 0.0312
Epoch [140/1000], Loss: 0.0322, Validation Loss: 0.0353
Epoch [141/1000], Loss: 0.0331, Validation Loss: 0.0298
Epoch [142/1000], Loss: 0.0328, Validation Loss: 0.0332
Epoch [143/1000], Loss: 0.0319, Validation Loss: 0.0319
Epoch [144/1000], Loss: 0.0318, Validation Loss: 0.0326
Epoch [145/1000], Loss: 0.0317, Validation Loss: 0.0307
Epoch [146/1000], Loss: 0.0330, Validation Loss: 0.0326
Epoch [147/1000], Loss: 0.0321, Validation Loss: 0.0313
Epoch [148/1000], Loss: 0.0317, Validation Loss: 0.0329
Epoch [149/1000], Loss: 0.0324, Validation Loss: 0.0341
Epoch [150/1000], Loss: 0.0314, Validation Loss: 0.0311
Epoch [151/1000], Loss: 0.0313, Validation Loss: 0.0284
Epoch [152/1000], Loss: 0.0314, Validation Loss: 0.0304
Epoch [153/1000], Loss: 0.0330, Validation Loss: 0.0341
Epoch [154/1000], Loss: 0.0324, Validation Loss: 0.0313
Epoch [155/1000], Loss: 0.0315, Validation Loss: 0.0305
Epoch [156/1000], Loss: 0.0303, Validation Loss: 0.0298
Epoch [157/1000], Loss: 0.0326, Validation Loss: 0.0333
Epoch [158/1000], Loss: 0.0304, Validation Loss: 0.0334
Epoch [159/1000], Loss: 0.0309, Validation Loss: 0.0276
Epoch [160/1000], Loss: 0.0305, Validation Loss: 0.0284
Epoch [161/1000], Loss: 0.0306, Validation Loss: 0.0305
Epoch [162/1000], Loss: 0.0301, Validation Loss: 0.0334
Epoch [163/1000], Loss: 0.0318, Validation Loss: 0.0269
Epoch [164/1000], Loss: 0.0305, Validation Loss: 0.0294
Epoch [165/1000], Loss: 0.0301, Validation Loss: 0.0304
Epoch [166/1000], Loss: 0.0310, Validation Loss: 0.0305
Epoch [167/1000], Loss: 0.0302, Validation Loss: 0.0281
Epoch [168/1000], Loss: 0.0303, Validation Loss: 0.0301
Epoch [169/1000], Loss: 0.0297, Validation Loss: 0.0321
Epoch [170/1000], Loss: 0.0307, Validation Loss: 0.0301
Epoch [171/1000], Loss: 0.0320, Validation Loss: 0.0297
Epoch [172/1000], Loss: 0.0289, Validation Loss: 0.0297
Epoch [173/1000], Loss: 0.0303, Validation Loss: 0.0309
Epoch [174/1000], Loss: 0.0299, Validation Loss: 0.0328
Epoch [175/1000], Loss: 0.0315, Validation Loss: 0.0244
Epoch [176/1000], Loss: 0.0291, Validation Loss: 0.0319
Epoch [177/1000], Loss: 0.0303, Validation Loss: 0.0291
Epoch [178/1000], Loss: 0.0302, Validation Loss: 0.0301
Epoch [179/1000], Loss: 0.0293, Validation Loss: 0.0320
Epoch [180/1000], Loss: 0.0310, Validation Loss: 0.0328
Epoch [181/1000], Loss: 0.0303, Validation Loss: 0.0309
Epoch [182/1000], Loss: 0.0313, Validation Loss: 0.0323
Epoch [183/1000], Loss: 0.0300, Validation Loss: 0.0291
Epoch [184/1000], Loss: 0.0300, Validation Loss: 0.0326
Epoch [185/1000], Loss: 0.0307, Validation Loss: 0.0303
Epoch [186/1000], Loss: 0.0286, Validation Loss: 0.0302
Epoch [187/1000], Loss: 0.0302, Validation Loss: 0.0285
Epoch [188/1000], Loss: 0.0295, Validation Loss: 0.0324
Epoch [189/1000], Loss: 0.0294, Validation Loss: 0.0288
Epoch [190/1000], Loss: 0.0305, Validation Loss: 0.0334
Epoch [191/1000], Loss: 0.0307, Validation Loss: 0.0308
Epoch [192/1000], Loss: 0.0296, Validation Loss: 0.0322
Epoch [193/1000], Loss: 0.0277, Validation Loss: 0.0327
Epoch [194/1000], Loss: 0.0297, Validation Loss: 0.0283
Epoch [195/1000], Loss: 0.0283, Validation Loss: 0.0318
Epoch [196/1000], Loss: 0.0293, Validation Loss: 0.0282
Epoch [197/1000], Loss: 0.0301, Validation Loss: 0.0264
Epoch [198/1000], Loss: 0.0278, Validation Loss: 0.0290
Epoch [199/1000], Loss: 0.0294, Validation Loss: 0.0263
Saved checkpoint: runs/004/epoch_200_0.0275_0.0286.pth
Epoch [200/1000], Loss: 0.0275, Validation Loss: 0.0286
Epoch [201/1000], Loss: 0.0281, Validation Loss: 0.0304
Epoch [202/1000], Loss: 0.0302, Validation Loss: 0.0277
Epoch [203/1000], Loss: 0.0303, Validation Loss: 0.0302
Epoch [204/1000], Loss: 0.0287, Validation Loss: 0.0262
Epoch [205/1000], Loss: 0.0287, Validation Loss: 0.0292
Epoch [206/1000], Loss: 0.0282, Validation Loss: 0.0280
Epoch [207/1000], Loss: 0.0278, Validation Loss: 0.0282
Epoch [208/1000], Loss: 0.0274, Validation Loss: 0.0313
Epoch [209/1000], Loss: 0.0297, Validation Loss: 0.0269
Epoch [210/1000], Loss: 0.0280, Validation Loss: 0.0327
Epoch [211/1000], Loss: 0.0278, Validation Loss: 0.0255
Epoch [212/1000], Loss: 0.0282, Validation Loss: 0.0288
Epoch [213/1000], Loss: 0.0284, Validation Loss: 0.0308
Epoch [214/1000], Loss: 0.0296, Validation Loss: 0.0301
Epoch [215/1000], Loss: 0.0290, Validation Loss: 0.0305
Epoch [216/1000], Loss: 0.0273, Validation Loss: 0.0294
Epoch [217/1000], Loss: 0.0279, Validation Loss: 0.0278
Epoch [218/1000], Loss: 0.0289, Validation Loss: 0.0322
Epoch [219/1000], Loss: 0.0267, Validation Loss: 0.0298
Epoch [220/1000], Loss: 0.0288, Validation Loss: 0.0306
Epoch [221/1000], Loss: 0.0279, Validation Loss: 0.0275
Epoch [222/1000], Loss: 0.0277, Validation Loss: 0.0267
Epoch [223/1000], Loss: 0.0272, Validation Loss: 0.0298
Epoch [224/1000], Loss: 0.0272, Validation Loss: 0.0264
Epoch [225/1000], Loss: 0.0272, Validation Loss: 0.0326
Epoch [226/1000], Loss: 0.0282, Validation Loss: 0.0279
Epoch [227/1000], Loss: 0.0270, Validation Loss: 0.0286
Epoch [228/1000], Loss: 0.0286, Validation Loss: 0.0280
Epoch [229/1000], Loss: 0.0280, Validation Loss: 0.0295
Epoch [230/1000], Loss: 0.0279, Validation Loss: 0.0264
Epoch [231/1000], Loss: 0.0274, Validation Loss: 0.0304
Epoch [232/1000], Loss: 0.0273, Validation Loss: 0.0301
Epoch [233/1000], Loss: 0.0283, Validation Loss: 0.0295
Epoch [234/1000], Loss: 0.0283, Validation Loss: 0.0268
Epoch [235/1000], Loss: 0.0266, Validation Loss: 0.0304
Epoch [236/1000], Loss: 0.0275, Validation Loss: 0.0268
Epoch [237/1000], Loss: 0.0274, Validation Loss: 0.0275
Epoch [238/1000], Loss: 0.0279, Validation Loss: 0.0273
Epoch [239/1000], Loss: 0.0257, Validation Loss: 0.0269
Epoch [240/1000], Loss: 0.0260, Validation Loss: 0.0296
Epoch [241/1000], Loss: 0.0282, Validation Loss: 0.0294
Epoch [242/1000], Loss: 0.0277, Validation Loss: 0.0324
Epoch [243/1000], Loss: 0.0275, Validation Loss: 0.0281
Epoch [244/1000], Loss: 0.0261, Validation Loss: 0.0311
Epoch [245/1000], Loss: 0.0267, Validation Loss: 0.0312
Epoch [246/1000], Loss: 0.0272, Validation Loss: 0.0311
Epoch [247/1000], Loss: 0.0259, Validation Loss: 0.0286
Epoch [248/1000], Loss: 0.0267, Validation Loss: 0.0277
Epoch [249/1000], Loss: 0.0281, Validation Loss: 0.0290
Epoch [250/1000], Loss: 0.0272, Validation Loss: 0.0295
Epoch [251/1000], Loss: 0.0253, Validation Loss: 0.0298
Epoch [252/1000], Loss: 0.0257, Validation Loss: 0.0269
Epoch [253/1000], Loss: 0.0258, Validation Loss: 0.0254
Epoch [254/1000], Loss: 0.0266, Validation Loss: 0.0299
Epoch [255/1000], Loss: 0.0278, Validation Loss: 0.0281
Epoch [256/1000], Loss: 0.0283, Validation Loss: 0.0279
Epoch [257/1000], Loss: 0.0259, Validation Loss: 0.0311
Epoch [258/1000], Loss: 0.0259, Validation Loss: 0.0292
Epoch [259/1000], Loss: 0.0268, Validation Loss: 0.0274
Epoch [260/1000], Loss: 0.0252, Validation Loss: 0.0300
Epoch [261/1000], Loss: 0.0256, Validation Loss: 0.0272
Epoch [262/1000], Loss: 0.0257, Validation Loss: 0.0300
Epoch [263/1000], Loss: 0.0254, Validation Loss: 0.0281
Epoch [264/1000], Loss: 0.0264, Validation Loss: 0.0279
Epoch [265/1000], Loss: 0.0262, Validation Loss: 0.0327
Epoch [266/1000], Loss: 0.0262, Validation Loss: 0.0294
Epoch [267/1000], Loss: 0.0261, Validation Loss: 0.0294
Epoch [268/1000], Loss: 0.0269, Validation Loss: 0.0297
Epoch [269/1000], Loss: 0.0250, Validation Loss: 0.0320
Epoch [270/1000], Loss: 0.0275, Validation Loss: 0.0290
Epoch [271/1000], Loss: 0.0263, Validation Loss: 0.0269
Epoch [272/1000], Loss: 0.0263, Validation Loss: 0.0293
Epoch [273/1000], Loss: 0.0260, Validation Loss: 0.0265
Epoch [274/1000], Loss: 0.0255, Validation Loss: 0.0287
Epoch [275/1000], Loss: 0.0259, Validation Loss: 0.0285
Epoch [276/1000], Loss: 0.0270, Validation Loss: 0.0302
Epoch [277/1000], Loss: 0.0259, Validation Loss: 0.0303
Epoch [278/1000], Loss: 0.0261, Validation Loss: 0.0282
Epoch [279/1000], Loss: 0.0247, Validation Loss: 0.0310
Epoch [280/1000], Loss: 0.0253, Validation Loss: 0.0306
Epoch [281/1000], Loss: 0.0246, Validation Loss: 0.0286
Epoch [282/1000], Loss: 0.0254, Validation Loss: 0.0275
Epoch [283/1000], Loss: 0.0249, Validation Loss: 0.0279
Epoch [284/1000], Loss: 0.0261, Validation Loss: 0.0287
Epoch [285/1000], Loss: 0.0252, Validation Loss: 0.0256
Epoch [286/1000], Loss: 0.0259, Validation Loss: 0.0303
Epoch [287/1000], Loss: 0.0254, Validation Loss: 0.0290
Epoch [288/1000], Loss: 0.0273, Validation Loss: 0.0304
Epoch [289/1000], Loss: 0.0252, Validation Loss: 0.0269
Epoch [290/1000], Loss: 0.0242, Validation Loss: 0.0277
Epoch [291/1000], Loss: 0.0249, Validation Loss: 0.0270
Epoch [292/1000], Loss: 0.0257, Validation Loss: 0.0259
Epoch [293/1000], Loss: 0.0255, Validation Loss: 0.0283
Epoch [294/1000], Loss: 0.0256, Validation Loss: 0.0316
Epoch [295/1000], Loss: 0.0256, Validation Loss: 0.0248
Epoch [296/1000], Loss: 0.0252, Validation Loss: 0.0248
Epoch [297/1000], Loss: 0.0250, Validation Loss: 0.0276
Epoch [298/1000], Loss: 0.0260, Validation Loss: 0.0264
Epoch [299/1000], Loss: 0.0242, Validation Loss: 0.0284
Saved checkpoint: runs/004/epoch_300_0.0260_0.0253.pth
Epoch [300/1000], Loss: 0.0260, Validation Loss: 0.0253
Epoch [301/1000], Loss: 0.0271, Validation Loss: 0.0298
Epoch [302/1000], Loss: 0.0250, Validation Loss: 0.0266
Epoch [303/1000], Loss: 0.0247, Validation Loss: 0.0275
Epoch [304/1000], Loss: 0.0245, Validation Loss: 0.0282
Epoch [305/1000], Loss: 0.0257, Validation Loss: 0.0292
Epoch [306/1000], Loss: 0.0252, Validation Loss: 0.0289
Epoch [307/1000], Loss: 0.0253, Validation Loss: 0.0306
Epoch [308/1000], Loss: 0.0244, Validation Loss: 0.0273
Epoch [309/1000], Loss: 0.0238, Validation Loss: 0.0255
Epoch [310/1000], Loss: 0.0238, Validation Loss: 0.0271
Epoch [311/1000], Loss: 0.0249, Validation Loss: 0.0290
Epoch [312/1000], Loss: 0.0251, Validation Loss: 0.0284
Epoch [313/1000], Loss: 0.0242, Validation Loss: 0.0272
Epoch [314/1000], Loss: 0.0247, Validation Loss: 0.0249
Epoch [315/1000], Loss: 0.0250, Validation Loss: 0.0273
Epoch [316/1000], Loss: 0.0242, Validation Loss: 0.0313
Epoch [317/1000], Loss: 0.0250, Validation Loss: 0.0287
Epoch [318/1000], Loss: 0.0261, Validation Loss: 0.0308
Epoch [319/1000], Loss: 0.0252, Validation Loss: 0.0284
Epoch [320/1000], Loss: 0.0240, Validation Loss: 0.0256
Epoch [321/1000], Loss: 0.0243, Validation Loss: 0.0262
Epoch [322/1000], Loss: 0.0248, Validation Loss: 0.0245
Epoch [323/1000], Loss: 0.0251, Validation Loss: 0.0300
Epoch [324/1000], Loss: 0.0247, Validation Loss: 0.0299
Epoch [325/1000], Loss: 0.0244, Validation Loss: 0.0273
Epoch [326/1000], Loss: 0.0243, Validation Loss: 0.0271
Epoch [327/1000], Loss: 0.0246, Validation Loss: 0.0295
Epoch [328/1000], Loss: 0.0242, Validation Loss: 0.0289
Epoch [329/1000], Loss: 0.0249, Validation Loss: 0.0247
Epoch [330/1000], Loss: 0.0234, Validation Loss: 0.0255
Epoch [331/1000], Loss: 0.0245, Validation Loss: 0.0289
Epoch [332/1000], Loss: 0.0250, Validation Loss: 0.0250
Epoch [333/1000], Loss: 0.0240, Validation Loss: 0.0263
Epoch [334/1000], Loss: 0.0246, Validation Loss: 0.0286
Epoch [335/1000], Loss: 0.0246, Validation Loss: 0.0317
Epoch [336/1000], Loss: 0.0243, Validation Loss: 0.0297
Epoch [337/1000], Loss: 0.0246, Validation Loss: 0.0291
Epoch [338/1000], Loss: 0.0244, Validation Loss: 0.0289
Epoch [339/1000], Loss: 0.0239, Validation Loss: 0.0290
Epoch [340/1000], Loss: 0.0237, Validation Loss: 0.0261
Epoch [341/1000], Loss: 0.0240, Validation Loss: 0.0284
Epoch [342/1000], Loss: 0.0242, Validation Loss: 0.0288
Epoch [343/1000], Loss: 0.0236, Validation Loss: 0.0251
Epoch [344/1000], Loss: 0.0243, Validation Loss: 0.0299
Epoch [345/1000], Loss: 0.0245, Validation Loss: 0.0283
Epoch [346/1000], Loss: 0.0261, Validation Loss: 0.0301
Epoch [347/1000], Loss: 0.0236, Validation Loss: 0.0294
Epoch [348/1000], Loss: 0.0246, Validation Loss: 0.0291
Epoch [349/1000], Loss: 0.0237, Validation Loss: 0.0230
Epoch [350/1000], Loss: 0.0237, Validation Loss: 0.0276
Epoch [351/1000], Loss: 0.0249, Validation Loss: 0.0248
Epoch [352/1000], Loss: 0.0229, Validation Loss: 0.0232
Epoch [353/1000], Loss: 0.0240, Validation Loss: 0.0302
Epoch [354/1000], Loss: 0.0241, Validation Loss: 0.0256
Epoch [355/1000], Loss: 0.0243, Validation Loss: 0.0248
Epoch [356/1000], Loss: 0.0248, Validation Loss: 0.0310
Epoch [357/1000], Loss: 0.0241, Validation Loss: 0.0258
Epoch [358/1000], Loss: 0.0233, Validation Loss: 0.0284
Epoch [359/1000], Loss: 0.0249, Validation Loss: 0.0300
Epoch [360/1000], Loss: 0.0238, Validation Loss: 0.0248
Epoch [361/1000], Loss: 0.0242, Validation Loss: 0.0279
Epoch [362/1000], Loss: 0.0236, Validation Loss: 0.0287
Epoch [363/1000], Loss: 0.0237, Validation Loss: 0.0275
Epoch [364/1000], Loss: 0.0230, Validation Loss: 0.0277
Epoch [365/1000], Loss: 0.0236, Validation Loss: 0.0245
Epoch [366/1000], Loss: 0.0240, Validation Loss: 0.0265
Epoch [367/1000], Loss: 0.0242, Validation Loss: 0.0287
Epoch [368/1000], Loss: 0.0237, Validation Loss: 0.0294
Epoch [369/1000], Loss: 0.0240, Validation Loss: 0.0303
Epoch [370/1000], Loss: 0.0238, Validation Loss: 0.0282
Epoch [371/1000], Loss: 0.0239, Validation Loss: 0.0289
Epoch [372/1000], Loss: 0.0256, Validation Loss: 0.0254
Epoch [373/1000], Loss: 0.0233, Validation Loss: 0.0271
Epoch [374/1000], Loss: 0.0239, Validation Loss: 0.0278
Epoch [375/1000], Loss: 0.0235, Validation Loss: 0.0272
Epoch [376/1000], Loss: 0.0239, Validation Loss: 0.0281
Epoch [377/1000], Loss: 0.0240, Validation Loss: 0.0282
Epoch [378/1000], Loss: 0.0243, Validation Loss: 0.0277
Epoch [379/1000], Loss: 0.0231, Validation Loss: 0.0286
Epoch [380/1000], Loss: 0.0231, Validation Loss: 0.0272
Epoch [381/1000], Loss: 0.0234, Validation Loss: 0.0268
Epoch [382/1000], Loss: 0.0228, Validation Loss: 0.0281
Epoch [383/1000], Loss: 0.0240, Validation Loss: 0.0282
Epoch [384/1000], Loss: 0.0226, Validation Loss: 0.0269
Epoch [385/1000], Loss: 0.0225, Validation Loss: 0.0255
Epoch [386/1000], Loss: 0.0242, Validation Loss: 0.0267
Epoch [387/1000], Loss: 0.0241, Validation Loss: 0.0280
Epoch [388/1000], Loss: 0.0230, Validation Loss: 0.0276
Epoch [389/1000], Loss: 0.0239, Validation Loss: 0.0281
Epoch [390/1000], Loss: 0.0244, Validation Loss: 0.0270
Epoch [391/1000], Loss: 0.0242, Validation Loss: 0.0244
Epoch [392/1000], Loss: 0.0233, Validation Loss: 0.0266
Epoch [393/1000], Loss: 0.0236, Validation Loss: 0.0258
Epoch [394/1000], Loss: 0.0236, Validation Loss: 0.0264
Epoch [395/1000], Loss: 0.0240, Validation Loss: 0.0296
Epoch [396/1000], Loss: 0.0235, Validation Loss: 0.0269
Epoch [397/1000], Loss: 0.0233, Validation Loss: 0.0242
Epoch [398/1000], Loss: 0.0237, Validation Loss: 0.0265
Epoch [399/1000], Loss: 0.0227, Validation Loss: 0.0277
Saved checkpoint: runs/004/epoch_400_0.0254_0.0261.pth
Epoch [400/1000], Loss: 0.0254, Validation Loss: 0.0261
Epoch [401/1000], Loss: 0.0237, Validation Loss: 0.0310
Epoch [402/1000], Loss: 0.0224, Validation Loss: 0.0261
Epoch [403/1000], Loss: 0.0241, Validation Loss: 0.0320
Epoch [404/1000], Loss: 0.0231, Validation Loss: 0.0285
Epoch [405/1000], Loss: 0.0230, Validation Loss: 0.0268
Epoch [406/1000], Loss: 0.0234, Validation Loss: 0.0266
Epoch [407/1000], Loss: 0.0243, Validation Loss: 0.0269
Epoch [408/1000], Loss: 0.0242, Validation Loss: 0.0289
Epoch [409/1000], Loss: 0.0237, Validation Loss: 0.0278
Epoch [410/1000], Loss: 0.0238, Validation Loss: 0.0270
Epoch [411/1000], Loss: 0.0234, Validation Loss: 0.0257
Epoch [412/1000], Loss: 0.0231, Validation Loss: 0.0304
Epoch [413/1000], Loss: 0.0234, Validation Loss: 0.0262
Epoch [414/1000], Loss: 0.0242, Validation Loss: 0.0278
Epoch [415/1000], Loss: 0.0236, Validation Loss: 0.0244
Epoch [416/1000], Loss: 0.0214, Validation Loss: 0.0273
Epoch [417/1000], Loss: 0.0227, Validation Loss: 0.0231
Epoch [418/1000], Loss: 0.0235, Validation Loss: 0.0248
Epoch [419/1000], Loss: 0.0230, Validation Loss: 0.0285
Epoch [420/1000], Loss: 0.0231, Validation Loss: 0.0261
Epoch [421/1000], Loss: 0.0235, Validation Loss: 0.0266
Epoch [422/1000], Loss: 0.0234, Validation Loss: 0.0284
Epoch [423/1000], Loss: 0.0236, Validation Loss: 0.0278
Epoch [424/1000], Loss: 0.0217, Validation Loss: 0.0232
Epoch [425/1000], Loss: 0.0231, Validation Loss: 0.0270
Epoch [426/1000], Loss: 0.0225, Validation Loss: 0.0267
Epoch [427/1000], Loss: 0.0226, Validation Loss: 0.0290
Epoch [428/1000], Loss: 0.0235, Validation Loss: 0.0268
Epoch [429/1000], Loss: 0.0226, Validation Loss: 0.0284
Epoch [430/1000], Loss: 0.0225, Validation Loss: 0.0258
Epoch [431/1000], Loss: 0.0228, Validation Loss: 0.0252
Epoch [432/1000], Loss: 0.0232, Validation Loss: 0.0249
Epoch [433/1000], Loss: 0.0236, Validation Loss: 0.0263
Epoch [434/1000], Loss: 0.0232, Validation Loss: 0.0291
Epoch [435/1000], Loss: 0.0226, Validation Loss: 0.0251
Epoch [436/1000], Loss: 0.0235, Validation Loss: 0.0284
Epoch [437/1000], Loss: 0.0227, Validation Loss: 0.0217
Epoch [438/1000], Loss: 0.0226, Validation Loss: 0.0263
Epoch [439/1000], Loss: 0.0227, Validation Loss: 0.0283
Epoch [440/1000], Loss: 0.0229, Validation Loss: 0.0272
Epoch [441/1000], Loss: 0.0226, Validation Loss: 0.0272
Epoch [442/1000], Loss: 0.0230, Validation Loss: 0.0280
Epoch [443/1000], Loss: 0.0230, Validation Loss: 0.0271
Epoch [444/1000], Loss: 0.0232, Validation Loss: 0.0273
Epoch [445/1000], Loss: 0.0230, Validation Loss: 0.0297
Epoch [446/1000], Loss: 0.0221, Validation Loss: 0.0296
Epoch [447/1000], Loss: 0.0225, Validation Loss: 0.0277
Epoch [448/1000], Loss: 0.0232, Validation Loss: 0.0285
Epoch [449/1000], Loss: 0.0231, Validation Loss: 0.0281
Epoch [450/1000], Loss: 0.0233, Validation Loss: 0.0317
Epoch [451/1000], Loss: 0.0224, Validation Loss: 0.0242
Epoch [452/1000], Loss: 0.0226, Validation Loss: 0.0263
Epoch [453/1000], Loss: 0.0224, Validation Loss: 0.0245
Epoch [454/1000], Loss: 0.0230, Validation Loss: 0.0286
Epoch [455/1000], Loss: 0.0227, Validation Loss: 0.0284
Epoch [456/1000], Loss: 0.0233, Validation Loss: 0.0273
Epoch [457/1000], Loss: 0.0228, Validation Loss: 0.0253
Epoch [458/1000], Loss: 0.0220, Validation Loss: 0.0285
Epoch [459/1000], Loss: 0.0220, Validation Loss: 0.0267
Epoch [460/1000], Loss: 0.0235, Validation Loss: 0.0271
Epoch [461/1000], Loss: 0.0231, Validation Loss: 0.0269
Epoch [462/1000], Loss: 0.0231, Validation Loss: 0.0278
Epoch [463/1000], Loss: 0.0229, Validation Loss: 0.0284
Epoch [464/1000], Loss: 0.0224, Validation Loss: 0.0258
Epoch [465/1000], Loss: 0.0228, Validation Loss: 0.0263
Epoch [466/1000], Loss: 0.0234, Validation Loss: 0.0269
Epoch [467/1000], Loss: 0.0216, Validation Loss: 0.0251
Epoch [468/1000], Loss: 0.0223, Validation Loss: 0.0269
Epoch [469/1000], Loss: 0.0225, Validation Loss: 0.0292
Epoch [470/1000], Loss: 0.0224, Validation Loss: 0.0273
Epoch [471/1000], Loss: 0.0224, Validation Loss: 0.0238
Epoch [472/1000], Loss: 0.0229, Validation Loss: 0.0274
Epoch [473/1000], Loss: 0.0222, Validation Loss: 0.0260
Epoch [474/1000], Loss: 0.0228, Validation Loss: 0.0266
Epoch [475/1000], Loss: 0.0229, Validation Loss: 0.0262
Epoch [476/1000], Loss: 0.0223, Validation Loss: 0.0280
Epoch [477/1000], Loss: 0.0216, Validation Loss: 0.0260
Epoch [478/1000], Loss: 0.0222, Validation Loss: 0.0263
Epoch [479/1000], Loss: 0.0226, Validation Loss: 0.0251
Epoch [480/1000], Loss: 0.0225, Validation Loss: 0.0268
Epoch [481/1000], Loss: 0.0230, Validation Loss: 0.0260
Epoch [482/1000], Loss: 0.0216, Validation Loss: 0.0258
Epoch [483/1000], Loss: 0.0218, Validation Loss: 0.0262
Epoch [484/1000], Loss: 0.0227, Validation Loss: 0.0277
Epoch [485/1000], Loss: 0.0225, Validation Loss: 0.0272
Epoch [486/1000], Loss: 0.0220, Validation Loss: 0.0243
Epoch [487/1000], Loss: 0.0218, Validation Loss: 0.0273
Epoch [488/1000], Loss: 0.0218, Validation Loss: 0.0255
Epoch [489/1000], Loss: 0.0222, Validation Loss: 0.0268
Epoch [490/1000], Loss: 0.0209, Validation Loss: 0.0262
Epoch [491/1000], Loss: 0.0235, Validation Loss: 0.0271
Epoch [492/1000], Loss: 0.0227, Validation Loss: 0.0279
Epoch [493/1000], Loss: 0.0227, Validation Loss: 0.0289
Epoch [494/1000], Loss: 0.0223, Validation Loss: 0.0232
Epoch [495/1000], Loss: 0.0216, Validation Loss: 0.0249
Epoch [496/1000], Loss: 0.0209, Validation Loss: 0.0280
Epoch [497/1000], Loss: 0.0222, Validation Loss: 0.0258
Epoch [498/1000], Loss: 0.0226, Validation Loss: 0.0293
Epoch [499/1000], Loss: 0.0229, Validation Loss: 0.0220
Saved checkpoint: runs/004/epoch_500_0.0220_0.0282.pth
Epoch [500/1000], Loss: 0.0220, Validation Loss: 0.0282
Epoch [501/1000], Loss: 0.0210, Validation Loss: 0.0299
Epoch [502/1000], Loss: 0.0228, Validation Loss: 0.0248
Epoch [503/1000], Loss: 0.0226, Validation Loss: 0.0270
Epoch [504/1000], Loss: 0.0223, Validation Loss: 0.0284
Epoch [505/1000], Loss: 0.0229, Validation Loss: 0.0263
Epoch [506/1000], Loss: 0.0225, Validation Loss: 0.0273
Epoch [507/1000], Loss: 0.0223, Validation Loss: 0.0268
Epoch [508/1000], Loss: 0.0225, Validation Loss: 0.0271
Epoch [509/1000], Loss: 0.0219, Validation Loss: 0.0298
Epoch [510/1000], Loss: 0.0217, Validation Loss: 0.0291
Epoch [511/1000], Loss: 0.0224, Validation Loss: 0.0288
Epoch [512/1000], Loss: 0.0225, Validation Loss: 0.0239
Epoch [513/1000], Loss: 0.0219, Validation Loss: 0.0280
Epoch [514/1000], Loss: 0.0220, Validation Loss: 0.0271
Epoch [515/1000], Loss: 0.0217, Validation Loss: 0.0277
Epoch [516/1000], Loss: 0.0233, Validation Loss: 0.0292
Epoch [517/1000], Loss: 0.0210, Validation Loss: 0.0260
Epoch [518/1000], Loss: 0.0215, Validation Loss: 0.0240
Epoch [519/1000], Loss: 0.0215, Validation Loss: 0.0255
Epoch [520/1000], Loss: 0.0210, Validation Loss: 0.0245
Epoch [521/1000], Loss: 0.0221, Validation Loss: 0.0268
Epoch [522/1000], Loss: 0.0222, Validation Loss: 0.0265
Epoch [523/1000], Loss: 0.0226, Validation Loss: 0.0291
Epoch [524/1000], Loss: 0.0213, Validation Loss: 0.0244
Epoch [525/1000], Loss: 0.0217, Validation Loss: 0.0272
Epoch [526/1000], Loss: 0.0218, Validation Loss: 0.0271
Epoch [527/1000], Loss: 0.0224, Validation Loss: 0.0255
Epoch [528/1000], Loss: 0.0217, Validation Loss: 0.0241
Epoch [529/1000], Loss: 0.0224, Validation Loss: 0.0264
Epoch [530/1000], Loss: 0.0217, Validation Loss: 0.0260
Epoch [531/1000], Loss: 0.0211, Validation Loss: 0.0299
Epoch [532/1000], Loss: 0.0216, Validation Loss: 0.0289
Epoch [533/1000], Loss: 0.0218, Validation Loss: 0.0250
Epoch [534/1000], Loss: 0.0219, Validation Loss: 0.0242
Epoch [535/1000], Loss: 0.0219, Validation Loss: 0.0239
Epoch [536/1000], Loss: 0.0222, Validation Loss: 0.0263
Epoch [537/1000], Loss: 0.0216, Validation Loss: 0.0283
Epoch [538/1000], Loss: 0.0213, Validation Loss: 0.0264
Epoch [539/1000], Loss: 0.0217, Validation Loss: 0.0270
Epoch [540/1000], Loss: 0.0222, Validation Loss: 0.0236
Epoch [541/1000], Loss: 0.0209, Validation Loss: 0.0299
Epoch [542/1000], Loss: 0.0212, Validation Loss: 0.0241
Epoch [543/1000], Loss: 0.0214, Validation Loss: 0.0271
Epoch [544/1000], Loss: 0.0224, Validation Loss: 0.0275
Epoch [545/1000], Loss: 0.0216, Validation Loss: 0.0260
Epoch [546/1000], Loss: 0.0227, Validation Loss: 0.0281
Epoch [547/1000], Loss: 0.0227, Validation Loss: 0.0237
Epoch [548/1000], Loss: 0.0228, Validation Loss: 0.0296
Epoch [549/1000], Loss: 0.0217, Validation Loss: 0.0269
Epoch [550/1000], Loss: 0.0225, Validation Loss: 0.0275
Epoch [551/1000], Loss: 0.0217, Validation Loss: 0.0297
Epoch [552/1000], Loss: 0.0216, Validation Loss: 0.0249
Epoch [553/1000], Loss: 0.0226, Validation Loss: 0.0283
Epoch [554/1000], Loss: 0.0222, Validation Loss: 0.0293
Epoch [555/1000], Loss: 0.0215, Validation Loss: 0.0281
Epoch [556/1000], Loss: 0.0212, Validation Loss: 0.0294
Epoch [557/1000], Loss: 0.0214, Validation Loss: 0.0220
Epoch [558/1000], Loss: 0.0225, Validation Loss: 0.0226
Epoch [559/1000], Loss: 0.0217, Validation Loss: 0.0246
Epoch [560/1000], Loss: 0.0225, Validation Loss: 0.0248
Epoch [561/1000], Loss: 0.0227, Validation Loss: 0.0259
Epoch [562/1000], Loss: 0.0221, Validation Loss: 0.0233
Epoch [563/1000], Loss: 0.0224, Validation Loss: 0.0237
Epoch [564/1000], Loss: 0.0214, Validation Loss: 0.0271
Epoch [565/1000], Loss: 0.0218, Validation Loss: 0.0261
Epoch [566/1000], Loss: 0.0213, Validation Loss: 0.0297
Epoch [567/1000], Loss: 0.0214, Validation Loss: 0.0290
Epoch [568/1000], Loss: 0.0210, Validation Loss: 0.0269
Epoch [569/1000], Loss: 0.0225, Validation Loss: 0.0255
Epoch [570/1000], Loss: 0.0219, Validation Loss: 0.0277
Epoch [571/1000], Loss: 0.0216, Validation Loss: 0.0303
Epoch [572/1000], Loss: 0.0216, Validation Loss: 0.0278
Epoch [573/1000], Loss: 0.0225, Validation Loss: 0.0268
Epoch [574/1000], Loss: 0.0216, Validation Loss: 0.0259
Epoch [575/1000], Loss: 0.0216, Validation Loss: 0.0282
Epoch [576/1000], Loss: 0.0211, Validation Loss: 0.0249
Epoch [577/1000], Loss: 0.0210, Validation Loss: 0.0281
Epoch [578/1000], Loss: 0.0222, Validation Loss: 0.0297
Epoch [579/1000], Loss: 0.0223, Validation Loss: 0.0290
Epoch [580/1000], Loss: 0.0213, Validation Loss: 0.0243
Epoch [581/1000], Loss: 0.0226, Validation Loss: 0.0268
Epoch [582/1000], Loss: 0.0215, Validation Loss: 0.0235
Epoch [583/1000], Loss: 0.0210, Validation Loss: 0.0254
Epoch [584/1000], Loss: 0.0224, Validation Loss: 0.0270
Epoch [585/1000], Loss: 0.0213, Validation Loss: 0.0245
Epoch [586/1000], Loss: 0.0213, Validation Loss: 0.0292
Epoch [587/1000], Loss: 0.0217, Validation Loss: 0.0270
Epoch [588/1000], Loss: 0.0225, Validation Loss: 0.0252
Epoch [589/1000], Loss: 0.0211, Validation Loss: 0.0248
Epoch [590/1000], Loss: 0.0211, Validation Loss: 0.0273
Epoch [591/1000], Loss: 0.0222, Validation Loss: 0.0263
Epoch [592/1000], Loss: 0.0222, Validation Loss: 0.0252
Epoch [593/1000], Loss: 0.0212, Validation Loss: 0.0265
Epoch [594/1000], Loss: 0.0219, Validation Loss: 0.0270
Epoch [595/1000], Loss: 0.0217, Validation Loss: 0.0256
Epoch [596/1000], Loss: 0.0223, Validation Loss: 0.0235
Epoch [597/1000], Loss: 0.0217, Validation Loss: 0.0250
Epoch [598/1000], Loss: 0.0217, Validation Loss: 0.0273
Epoch [599/1000], Loss: 0.0217, Validation Loss: 0.0267
Saved checkpoint: runs/004/epoch_600_0.0219_0.0283.pth
Epoch [600/1000], Loss: 0.0219, Validation Loss: 0.0283
Epoch [601/1000], Loss: 0.0212, Validation Loss: 0.0234
Epoch [602/1000], Loss: 0.0215, Validation Loss: 0.0265
Epoch [603/1000], Loss: 0.0218, Validation Loss: 0.0236
Epoch [604/1000], Loss: 0.0215, Validation Loss: 0.0279
Epoch [605/1000], Loss: 0.0216, Validation Loss: 0.0243
Epoch [606/1000], Loss: 0.0215, Validation Loss: 0.0317
Epoch [607/1000], Loss: 0.0214, Validation Loss: 0.0255
Epoch [608/1000], Loss: 0.0213, Validation Loss: 0.0263
Epoch [609/1000], Loss: 0.0218, Validation Loss: 0.0243
Epoch [610/1000], Loss: 0.0220, Validation Loss: 0.0276
Epoch [611/1000], Loss: 0.0220, Validation Loss: 0.0251
Epoch [612/1000], Loss: 0.0212, Validation Loss: 0.0275
Epoch [613/1000], Loss: 0.0214, Validation Loss: 0.0276
Epoch [614/1000], Loss: 0.0224, Validation Loss: 0.0254
Epoch [615/1000], Loss: 0.0213, Validation Loss: 0.0235
Epoch [616/1000], Loss: 0.0217, Validation Loss: 0.0241
Epoch [617/1000], Loss: 0.0210, Validation Loss: 0.0281
Epoch [618/1000], Loss: 0.0217, Validation Loss: 0.0250
Epoch [619/1000], Loss: 0.0212, Validation Loss: 0.0233
Epoch [620/1000], Loss: 0.0221, Validation Loss: 0.0239
Epoch [621/1000], Loss: 0.0215, Validation Loss: 0.0244
Epoch [622/1000], Loss: 0.0214, Validation Loss: 0.0289
Epoch [623/1000], Loss: 0.0227, Validation Loss: 0.0265
Epoch [624/1000], Loss: 0.0217, Validation Loss: 0.0270
Epoch [625/1000], Loss: 0.0225, Validation Loss: 0.0237
Epoch [626/1000], Loss: 0.0218, Validation Loss: 0.0263
Epoch [627/1000], Loss: 0.0218, Validation Loss: 0.0294
Epoch [628/1000], Loss: 0.0219, Validation Loss: 0.0294
Epoch [629/1000], Loss: 0.0217, Validation Loss: 0.0291
Epoch [630/1000], Loss: 0.0209, Validation Loss: 0.0254
Epoch [631/1000], Loss: 0.0225, Validation Loss: 0.0255
Epoch [632/1000], Loss: 0.0226, Validation Loss: 0.0304
Epoch [633/1000], Loss: 0.0221, Validation Loss: 0.0278
Epoch [634/1000], Loss: 0.0221, Validation Loss: 0.0260
Epoch [635/1000], Loss: 0.0218, Validation Loss: 0.0276
Epoch [636/1000], Loss: 0.0212, Validation Loss: 0.0293
Epoch [637/1000], Loss: 0.0218, Validation Loss: 0.0268
Epoch [638/1000], Loss: 0.0209, Validation Loss: 0.0245
Epoch [639/1000], Loss: 0.0220, Validation Loss: 0.0260
Epoch [640/1000], Loss: 0.0215, Validation Loss: 0.0295
Epoch [641/1000], Loss: 0.0225, Validation Loss: 0.0234
Epoch [642/1000], Loss: 0.0220, Validation Loss: 0.0269
Epoch [643/1000], Loss: 0.0219, Validation Loss: 0.0271
Epoch [644/1000], Loss: 0.0228, Validation Loss: 0.0270
Epoch [645/1000], Loss: 0.0220, Validation Loss: 0.0246
Epoch [646/1000], Loss: 0.0216, Validation Loss: 0.0236
Epoch [647/1000], Loss: 0.0217, Validation Loss: 0.0274
Epoch [648/1000], Loss: 0.0224, Validation Loss: 0.0223
Epoch [649/1000], Loss: 0.0218, Validation Loss: 0.0298
Epoch [650/1000], Loss: 0.0210, Validation Loss: 0.0249
Epoch [651/1000], Loss: 0.0209, Validation Loss: 0.0242
Epoch [652/1000], Loss: 0.0207, Validation Loss: 0.0258
Epoch [653/1000], Loss: 0.0218, Validation Loss: 0.0271
Epoch [654/1000], Loss: 0.0216, Validation Loss: 0.0286
Epoch [655/1000], Loss: 0.0217, Validation Loss: 0.0275
Epoch [656/1000], Loss: 0.0217, Validation Loss: 0.0243
Epoch [657/1000], Loss: 0.0212, Validation Loss: 0.0252
Epoch [658/1000], Loss: 0.0213, Validation Loss: 0.0261
Epoch [659/1000], Loss: 0.0215, Validation Loss: 0.0256
Epoch [660/1000], Loss: 0.0212, Validation Loss: 0.0269
Epoch [661/1000], Loss: 0.0210, Validation Loss: 0.0287
Epoch [662/1000], Loss: 0.0201, Validation Loss: 0.0241
Epoch [663/1000], Loss: 0.0220, Validation Loss: 0.0225
Epoch [664/1000], Loss: 0.0218, Validation Loss: 0.0245
Epoch [665/1000], Loss: 0.0210, Validation Loss: 0.0280
Epoch [666/1000], Loss: 0.0217, Validation Loss: 0.0248
Epoch [667/1000], Loss: 0.0218, Validation Loss: 0.0246
Epoch [668/1000], Loss: 0.0216, Validation Loss: 0.0299
Epoch [669/1000], Loss: 0.0210, Validation Loss: 0.0237
Epoch [670/1000], Loss: 0.0214, Validation Loss: 0.0258
Epoch [671/1000], Loss: 0.0212, Validation Loss: 0.0236
Epoch [672/1000], Loss: 0.0200, Validation Loss: 0.0243
Epoch [673/1000], Loss: 0.0219, Validation Loss: 0.0233
Epoch [674/1000], Loss: 0.0214, Validation Loss: 0.0251
Epoch [675/1000], Loss: 0.0210, Validation Loss: 0.0267
Epoch [676/1000], Loss: 0.0209, Validation Loss: 0.0264
Epoch [677/1000], Loss: 0.0207, Validation Loss: 0.0235
Epoch [678/1000], Loss: 0.0218, Validation Loss: 0.0274
Epoch [679/1000], Loss: 0.0214, Validation Loss: 0.0245
Epoch [680/1000], Loss: 0.0214, Validation Loss: 0.0261
Epoch [681/1000], Loss: 0.0219, Validation Loss: 0.0245
Epoch [682/1000], Loss: 0.0216, Validation Loss: 0.0247
Epoch [683/1000], Loss: 0.0222, Validation Loss: 0.0266
Epoch [684/1000], Loss: 0.0217, Validation Loss: 0.0224
Epoch [685/1000], Loss: 0.0205, Validation Loss: 0.0240
Epoch [686/1000], Loss: 0.0213, Validation Loss: 0.0234
Epoch [687/1000], Loss: 0.0219, Validation Loss: 0.0221
Epoch [688/1000], Loss: 0.0209, Validation Loss: 0.0250
Epoch [689/1000], Loss: 0.0215, Validation Loss: 0.0263
Epoch [690/1000], Loss: 0.0224, Validation Loss: 0.0265
Epoch [691/1000], Loss: 0.0212, Validation Loss: 0.0254
Epoch [692/1000], Loss: 0.0222, Validation Loss: 0.0268
Epoch [693/1000], Loss: 0.0219, Validation Loss: 0.0289
Epoch [694/1000], Loss: 0.0211, Validation Loss: 0.0270
Epoch [695/1000], Loss: 0.0206, Validation Loss: 0.0242
Epoch [696/1000], Loss: 0.0205, Validation Loss: 0.0227
Epoch [697/1000], Loss: 0.0215, Validation Loss: 0.0266
Epoch [698/1000], Loss: 0.0218, Validation Loss: 0.0227
Epoch [699/1000], Loss: 0.0213, Validation Loss: 0.0256
Saved checkpoint: runs/004/epoch_700_0.0214_0.0246.pth
Epoch [700/1000], Loss: 0.0214, Validation Loss: 0.0246
Epoch [701/1000], Loss: 0.0210, Validation Loss: 0.0299
Epoch [702/1000], Loss: 0.0209, Validation Loss: 0.0255
Epoch [703/1000], Loss: 0.0221, Validation Loss: 0.0230
Epoch [704/1000], Loss: 0.0207, Validation Loss: 0.0288
Epoch [705/1000], Loss: 0.0209, Validation Loss: 0.0261
Epoch [706/1000], Loss: 0.0219, Validation Loss: 0.0240
Epoch [707/1000], Loss: 0.0214, Validation Loss: 0.0245
Epoch [708/1000], Loss: 0.0219, Validation Loss: 0.0233
Epoch [709/1000], Loss: 0.0214, Validation Loss: 0.0258
Epoch [710/1000], Loss: 0.0216, Validation Loss: 0.0250
Epoch [711/1000], Loss: 0.0203, Validation Loss: 0.0282
Epoch [712/1000], Loss: 0.0213, Validation Loss: 0.0260
Epoch [713/1000], Loss: 0.0216, Validation Loss: 0.0237
Epoch [714/1000], Loss: 0.0209, Validation Loss: 0.0245
Epoch [715/1000], Loss: 0.0217, Validation Loss: 0.0271
Epoch [716/1000], Loss: 0.0213, Validation Loss: 0.0289
Epoch [717/1000], Loss: 0.0220, Validation Loss: 0.0264
Epoch [718/1000], Loss: 0.0207, Validation Loss: 0.0270
Epoch [719/1000], Loss: 0.0205, Validation Loss: 0.0279
Epoch [720/1000], Loss: 0.0214, Validation Loss: 0.0279
Epoch [721/1000], Loss: 0.0213, Validation Loss: 0.0286
Epoch [722/1000], Loss: 0.0206, Validation Loss: 0.0254
Epoch [723/1000], Loss: 0.0212, Validation Loss: 0.0232
Epoch [724/1000], Loss: 0.0213, Validation Loss: 0.0281
Epoch [725/1000], Loss: 0.0208, Validation Loss: 0.0276
Epoch [726/1000], Loss: 0.0220, Validation Loss: 0.0254
Epoch [727/1000], Loss: 0.0209, Validation Loss: 0.0281
Epoch [728/1000], Loss: 0.0207, Validation Loss: 0.0285
Epoch [729/1000], Loss: 0.0209, Validation Loss: 0.0243
Epoch [730/1000], Loss: 0.0205, Validation Loss: 0.0275
Epoch [731/1000], Loss: 0.0211, Validation Loss: 0.0262
Epoch [732/1000], Loss: 0.0206, Validation Loss: 0.0249
Epoch [733/1000], Loss: 0.0204, Validation Loss: 0.0238
Epoch [734/1000], Loss: 0.0213, Validation Loss: 0.0236
Epoch [735/1000], Loss: 0.0217, Validation Loss: 0.0248
Epoch [736/1000], Loss: 0.0208, Validation Loss: 0.0252
Epoch [737/1000], Loss: 0.0213, Validation Loss: 0.0261
Epoch [738/1000], Loss: 0.0214, Validation Loss: 0.0230
Epoch [739/1000], Loss: 0.0207, Validation Loss: 0.0246
Epoch [740/1000], Loss: 0.0206, Validation Loss: 0.0264
Epoch [741/1000], Loss: 0.0204, Validation Loss: 0.0258
Epoch [742/1000], Loss: 0.0213, Validation Loss: 0.0270
Epoch [743/1000], Loss: 0.0212, Validation Loss: 0.0279
Epoch [744/1000], Loss: 0.0210, Validation Loss: 0.0281
Epoch [745/1000], Loss: 0.0207, Validation Loss: 0.0269
Epoch [746/1000], Loss: 0.0207, Validation Loss: 0.0247
Epoch [747/1000], Loss: 0.0208, Validation Loss: 0.0306
Epoch [748/1000], Loss: 0.0217, Validation Loss: 0.0290
Epoch [749/1000], Loss: 0.0209, Validation Loss: 0.0295
Epoch [750/1000], Loss: 0.0210, Validation Loss: 0.0235
Epoch [751/1000], Loss: 0.0212, Validation Loss: 0.0269
Epoch [752/1000], Loss: 0.0210, Validation Loss: 0.0262
Epoch [753/1000], Loss: 0.0216, Validation Loss: 0.0247
Epoch [754/1000], Loss: 0.0210, Validation Loss: 0.0270
Epoch [755/1000], Loss: 0.0210, Validation Loss: 0.0283
Epoch [756/1000], Loss: 0.0210, Validation Loss: 0.0278
Epoch [757/1000], Loss: 0.0214, Validation Loss: 0.0281
Epoch [758/1000], Loss: 0.0214, Validation Loss: 0.0255
Epoch [759/1000], Loss: 0.0207, Validation Loss: 0.0260
Epoch [760/1000], Loss: 0.0217, Validation Loss: 0.0274
Epoch [761/1000], Loss: 0.0209, Validation Loss: 0.0238
Epoch [762/1000], Loss: 0.0215, Validation Loss: 0.0241
Epoch [763/1000], Loss: 0.0200, Validation Loss: 0.0282
Epoch [764/1000], Loss: 0.0214, Validation Loss: 0.0264
Epoch [765/1000], Loss: 0.0209, Validation Loss: 0.0268
Epoch [766/1000], Loss: 0.0206, Validation Loss: 0.0256
Epoch [767/1000], Loss: 0.0201, Validation Loss: 0.0288
Epoch [768/1000], Loss: 0.0203, Validation Loss: 0.0268
Epoch [769/1000], Loss: 0.0220, Validation Loss: 0.0282
Epoch [770/1000], Loss: 0.0211, Validation Loss: 0.0288
Epoch [771/1000], Loss: 0.0220, Validation Loss: 0.0273
Epoch [772/1000], Loss: 0.0211, Validation Loss: 0.0230
Epoch [773/1000], Loss: 0.0206, Validation Loss: 0.0265
Epoch [774/1000], Loss: 0.0206, Validation Loss: 0.0273
Epoch [775/1000], Loss: 0.0209, Validation Loss: 0.0260
Epoch [776/1000], Loss: 0.0220, Validation Loss: 0.0248
Epoch [777/1000], Loss: 0.0216, Validation Loss: 0.0243
Epoch [778/1000], Loss: 0.0205, Validation Loss: 0.0279
Epoch [779/1000], Loss: 0.0207, Validation Loss: 0.0256
Epoch [780/1000], Loss: 0.0208, Validation Loss: 0.0307
Epoch [781/1000], Loss: 0.0207, Validation Loss: 0.0252
Epoch [782/1000], Loss: 0.0214, Validation Loss: 0.0262
Epoch [783/1000], Loss: 0.0207, Validation Loss: 0.0264
Epoch [784/1000], Loss: 0.0202, Validation Loss: 0.0249
Epoch [785/1000], Loss: 0.0209, Validation Loss: 0.0239
Epoch [786/1000], Loss: 0.0213, Validation Loss: 0.0251
Epoch [787/1000], Loss: 0.0203, Validation Loss: 0.0260
Epoch [788/1000], Loss: 0.0202, Validation Loss: 0.0253
Epoch [789/1000], Loss: 0.0205, Validation Loss: 0.0229
Epoch [790/1000], Loss: 0.0210, Validation Loss: 0.0288
Epoch [791/1000], Loss: 0.0213, Validation Loss: 0.0243
Epoch [792/1000], Loss: 0.0216, Validation Loss: 0.0269
Epoch [793/1000], Loss: 0.0209, Validation Loss: 0.0264
Epoch [794/1000], Loss: 0.0205, Validation Loss: 0.0303
Epoch [795/1000], Loss: 0.0206, Validation Loss: 0.0256
Epoch [796/1000], Loss: 0.0209, Validation Loss: 0.0256
Epoch [797/1000], Loss: 0.0218, Validation Loss: 0.0267
Epoch [798/1000], Loss: 0.0210, Validation Loss: 0.0261
Epoch [799/1000], Loss: 0.0212, Validation Loss: 0.0282
Saved checkpoint: runs/004/epoch_800_0.0207_0.0274.pth
Epoch [800/1000], Loss: 0.0207, Validation Loss: 0.0274
Epoch [801/1000], Loss: 0.0214, Validation Loss: 0.0273
Epoch [802/1000], Loss: 0.0216, Validation Loss: 0.0240
Epoch [803/1000], Loss: 0.0210, Validation Loss: 0.0229
Epoch [804/1000], Loss: 0.0215, Validation Loss: 0.0277
Epoch [805/1000], Loss: 0.0209, Validation Loss: 0.0292
Epoch [806/1000], Loss: 0.0203, Validation Loss: 0.0237
Epoch [807/1000], Loss: 0.0207, Validation Loss: 0.0276
Epoch [808/1000], Loss: 0.0201, Validation Loss: 0.0234
Epoch [809/1000], Loss: 0.0210, Validation Loss: 0.0232
Epoch [810/1000], Loss: 0.0201, Validation Loss: 0.0268
Epoch [811/1000], Loss: 0.0213, Validation Loss: 0.0256
Epoch [812/1000], Loss: 0.0206, Validation Loss: 0.0249
Epoch [813/1000], Loss: 0.0215, Validation Loss: 0.0274
Epoch [814/1000], Loss: 0.0216, Validation Loss: 0.0277
Epoch [815/1000], Loss: 0.0206, Validation Loss: 0.0239
Epoch [816/1000], Loss: 0.0206, Validation Loss: 0.0258
Epoch [817/1000], Loss: 0.0211, Validation Loss: 0.0240
Epoch [818/1000], Loss: 0.0208, Validation Loss: 0.0276
Epoch [819/1000], Loss: 0.0207, Validation Loss: 0.0246
Epoch [820/1000], Loss: 0.0210, Validation Loss: 0.0256
Epoch [821/1000], Loss: 0.0210, Validation Loss: 0.0227
Epoch [822/1000], Loss: 0.0214, Validation Loss: 0.0238
Epoch [823/1000], Loss: 0.0205, Validation Loss: 0.0259
Epoch [824/1000], Loss: 0.0218, Validation Loss: 0.0258
Epoch [825/1000], Loss: 0.0206, Validation Loss: 0.0264
Epoch [826/1000], Loss: 0.0214, Validation Loss: 0.0283
Epoch [827/1000], Loss: 0.0209, Validation Loss: 0.0259
Epoch [828/1000], Loss: 0.0201, Validation Loss: 0.0247
Epoch [829/1000], Loss: 0.0205, Validation Loss: 0.0274
Epoch [830/1000], Loss: 0.0209, Validation Loss: 0.0261
Epoch [831/1000], Loss: 0.0211, Validation Loss: 0.0281
Epoch [832/1000], Loss: 0.0209, Validation Loss: 0.0285
Epoch [833/1000], Loss: 0.0209, Validation Loss: 0.0285
Epoch [834/1000], Loss: 0.0211, Validation Loss: 0.0244
Epoch [835/1000], Loss: 0.0204, Validation Loss: 0.0243
Epoch [836/1000], Loss: 0.0206, Validation Loss: 0.0275
Epoch [837/1000], Loss: 0.0203, Validation Loss: 0.0247
Epoch [838/1000], Loss: 0.0204, Validation Loss: 0.0288
Epoch [839/1000], Loss: 0.0207, Validation Loss: 0.0247
Epoch [840/1000], Loss: 0.0207, Validation Loss: 0.0254
Epoch [841/1000], Loss: 0.0210, Validation Loss: 0.0267
Epoch [842/1000], Loss: 0.0209, Validation Loss: 0.0291
Epoch [843/1000], Loss: 0.0219, Validation Loss: 0.0223
Epoch [844/1000], Loss: 0.0199, Validation Loss: 0.0248
Epoch [845/1000], Loss: 0.0207, Validation Loss: 0.0265
Epoch [846/1000], Loss: 0.0206, Validation Loss: 0.0265
Epoch [847/1000], Loss: 0.0210, Validation Loss: 0.0283
Epoch [848/1000], Loss: 0.0211, Validation Loss: 0.0232
Epoch [849/1000], Loss: 0.0209, Validation Loss: 0.0258
Epoch [850/1000], Loss: 0.0221, Validation Loss: 0.0251
Epoch [851/1000], Loss: 0.0206, Validation Loss: 0.0290
Epoch [852/1000], Loss: 0.0208, Validation Loss: 0.0267
Epoch [853/1000], Loss: 0.0211, Validation Loss: 0.0280
Epoch [854/1000], Loss: 0.0205, Validation Loss: 0.0284
Epoch [855/1000], Loss: 0.0214, Validation Loss: 0.0239
Epoch [856/1000], Loss: 0.0215, Validation Loss: 0.0244
Epoch [857/1000], Loss: 0.0206, Validation Loss: 0.0253
Epoch [858/1000], Loss: 0.0210, Validation Loss: 0.0264
Epoch [859/1000], Loss: 0.0215, Validation Loss: 0.0241
Epoch [860/1000], Loss: 0.0210, Validation Loss: 0.0243
Epoch [861/1000], Loss: 0.0209, Validation Loss: 0.0249
Epoch [862/1000], Loss: 0.0213, Validation Loss: 0.0274
Epoch [863/1000], Loss: 0.0206, Validation Loss: 0.0217
Epoch [864/1000], Loss: 0.0203, Validation Loss: 0.0280
Epoch [865/1000], Loss: 0.0200, Validation Loss: 0.0251
Epoch [866/1000], Loss: 0.0204, Validation Loss: 0.0236
Epoch [867/1000], Loss: 0.0214, Validation Loss: 0.0235
Epoch [868/1000], Loss: 0.0198, Validation Loss: 0.0293
Epoch [869/1000], Loss: 0.0209, Validation Loss: 0.0256
Epoch [870/1000], Loss: 0.0209, Validation Loss: 0.0257
Epoch [871/1000], Loss: 0.0207, Validation Loss: 0.0265
Epoch [872/1000], Loss: 0.0205, Validation Loss: 0.0269
Epoch [873/1000], Loss: 0.0208, Validation Loss: 0.0242
Epoch [874/1000], Loss: 0.0204, Validation Loss: 0.0273
Epoch [875/1000], Loss: 0.0217, Validation Loss: 0.0239
Epoch [876/1000], Loss: 0.0213, Validation Loss: 0.0264
Epoch [877/1000], Loss: 0.0208, Validation Loss: 0.0256
Epoch [878/1000], Loss: 0.0213, Validation Loss: 0.0274
Epoch [879/1000], Loss: 0.0207, Validation Loss: 0.0280
Epoch [880/1000], Loss: 0.0209, Validation Loss: 0.0280
Epoch [881/1000], Loss: 0.0207, Validation Loss: 0.0272
Epoch [882/1000], Loss: 0.0202, Validation Loss: 0.0273
Epoch [883/1000], Loss: 0.0200, Validation Loss: 0.0239
Epoch [884/1000], Loss: 0.0199, Validation Loss: 0.0246
Epoch [885/1000], Loss: 0.0204, Validation Loss: 0.0241
Epoch [886/1000], Loss: 0.0205, Validation Loss: 0.0214
Epoch [887/1000], Loss: 0.0212, Validation Loss: 0.0257
Epoch [888/1000], Loss: 0.0215, Validation Loss: 0.0288
Epoch [889/1000], Loss: 0.0210, Validation Loss: 0.0243
Epoch [890/1000], Loss: 0.0207, Validation Loss: 0.0257
Epoch [891/1000], Loss: 0.0216, Validation Loss: 0.0239
Epoch [892/1000], Loss: 0.0215, Validation Loss: 0.0268
Epoch [893/1000], Loss: 0.0201, Validation Loss: 0.0262
Epoch [894/1000], Loss: 0.0205, Validation Loss: 0.0291
Epoch [895/1000], Loss: 0.0209, Validation Loss: 0.0264
Epoch [896/1000], Loss: 0.0198, Validation Loss: 0.0279
Epoch [897/1000], Loss: 0.0208, Validation Loss: 0.0253
Epoch [898/1000], Loss: 0.0209, Validation Loss: 0.0234
Epoch [899/1000], Loss: 0.0202, Validation Loss: 0.0275
Saved checkpoint: runs/004/epoch_900_0.0198_0.0256.pth
Epoch [900/1000], Loss: 0.0198, Validation Loss: 0.0256
Epoch [901/1000], Loss: 0.0199, Validation Loss: 0.0221
Epoch [902/1000], Loss: 0.0207, Validation Loss: 0.0229
Epoch [903/1000], Loss: 0.0211, Validation Loss: 0.0250
Epoch [904/1000], Loss: 0.0214, Validation Loss: 0.0262
Epoch [905/1000], Loss: 0.0205, Validation Loss: 0.0328
Epoch [906/1000], Loss: 0.0201, Validation Loss: 0.0260
Epoch [907/1000], Loss: 0.0210, Validation Loss: 0.0233
Epoch [908/1000], Loss: 0.0205, Validation Loss: 0.0326
Epoch [909/1000], Loss: 0.0202, Validation Loss: 0.0263
Epoch [910/1000], Loss: 0.0204, Validation Loss: 0.0259
Epoch [911/1000], Loss: 0.0209, Validation Loss: 0.0247
Epoch [912/1000], Loss: 0.0210, Validation Loss: 0.0247
Epoch [913/1000], Loss: 0.0204, Validation Loss: 0.0254
Epoch [914/1000], Loss: 0.0197, Validation Loss: 0.0293
Epoch [915/1000], Loss: 0.0219, Validation Loss: 0.0268
Epoch [916/1000], Loss: 0.0207, Validation Loss: 0.0251
Epoch [917/1000], Loss: 0.0211, Validation Loss: 0.0253
Epoch [918/1000], Loss: 0.0210, Validation Loss: 0.0221
Epoch [919/1000], Loss: 0.0212, Validation Loss: 0.0236
Epoch [920/1000], Loss: 0.0198, Validation Loss: 0.0304
Epoch [921/1000], Loss: 0.0202, Validation Loss: 0.0270
Epoch [922/1000], Loss: 0.0203, Validation Loss: 0.0236
Epoch [923/1000], Loss: 0.0217, Validation Loss: 0.0244
Epoch [924/1000], Loss: 0.0208, Validation Loss: 0.0247
Epoch [925/1000], Loss: 0.0206, Validation Loss: 0.0256
Epoch [926/1000], Loss: 0.0205, Validation Loss: 0.0285
Epoch [927/1000], Loss: 0.0195, Validation Loss: 0.0260
Epoch [928/1000], Loss: 0.0202, Validation Loss: 0.0280
Epoch [929/1000], Loss: 0.0210, Validation Loss: 0.0280
Epoch [930/1000], Loss: 0.0205, Validation Loss: 0.0264
Epoch [931/1000], Loss: 0.0213, Validation Loss: 0.0248
Epoch [932/1000], Loss: 0.0217, Validation Loss: 0.0293
Epoch [933/1000], Loss: 0.0209, Validation Loss: 0.0216
Epoch [934/1000], Loss: 0.0200, Validation Loss: 0.0249
Epoch [935/1000], Loss: 0.0206, Validation Loss: 0.0278
Epoch [936/1000], Loss: 0.0208, Validation Loss: 0.0273
Epoch [937/1000], Loss: 0.0207, Validation Loss: 0.0271
Epoch [938/1000], Loss: 0.0205, Validation Loss: 0.0244
Epoch [939/1000], Loss: 0.0203, Validation Loss: 0.0270
Epoch [940/1000], Loss: 0.0199, Validation Loss: 0.0272
Epoch [941/1000], Loss: 0.0214, Validation Loss: 0.0240
Epoch [942/1000], Loss: 0.0201, Validation Loss: 0.0230
Epoch [943/1000], Loss: 0.0201, Validation Loss: 0.0242
Epoch [944/1000], Loss: 0.0202, Validation Loss: 0.0250
Epoch [945/1000], Loss: 0.0205, Validation Loss: 0.0276
Epoch [946/1000], Loss: 0.0208, Validation Loss: 0.0265
Epoch [947/1000], Loss: 0.0216, Validation Loss: 0.0241
Epoch [948/1000], Loss: 0.0209, Validation Loss: 0.0228
Epoch [949/1000], Loss: 0.0201, Validation Loss: 0.0248
Epoch [950/1000], Loss: 0.0205, Validation Loss: 0.0287
Epoch [951/1000], Loss: 0.0217, Validation Loss: 0.0229
Epoch [952/1000], Loss: 0.0208, Validation Loss: 0.0295
Epoch [953/1000], Loss: 0.0201, Validation Loss: 0.0257
Epoch [954/1000], Loss: 0.0213, Validation Loss: 0.0253
Epoch [955/1000], Loss: 0.0213, Validation Loss: 0.0295
Epoch [956/1000], Loss: 0.0215, Validation Loss: 0.0222
Epoch [957/1000], Loss: 0.0206, Validation Loss: 0.0269
Epoch [958/1000], Loss: 0.0203, Validation Loss: 0.0258
Epoch [959/1000], Loss: 0.0213, Validation Loss: 0.0258
Epoch [960/1000], Loss: 0.0210, Validation Loss: 0.0296
Epoch [961/1000], Loss: 0.0211, Validation Loss: 0.0255
Epoch [962/1000], Loss: 0.0207, Validation Loss: 0.0283
Epoch [963/1000], Loss: 0.0204, Validation Loss: 0.0225
Epoch [964/1000], Loss: 0.0210, Validation Loss: 0.0263
Epoch [965/1000], Loss: 0.0213, Validation Loss: 0.0266
Epoch [966/1000], Loss: 0.0205, Validation Loss: 0.0273
Epoch [967/1000], Loss: 0.0206, Validation Loss: 0.0244
Epoch [968/1000], Loss: 0.0204, Validation Loss: 0.0246
Epoch [969/1000], Loss: 0.0197, Validation Loss: 0.0271
Epoch [970/1000], Loss: 0.0200, Validation Loss: 0.0294
Epoch [971/1000], Loss: 0.0205, Validation Loss: 0.0235
Epoch [972/1000], Loss: 0.0220, Validation Loss: 0.0255
Epoch [973/1000], Loss: 0.0202, Validation Loss: 0.0225
Epoch [974/1000], Loss: 0.0200, Validation Loss: 0.0272
Epoch [975/1000], Loss: 0.0213, Validation Loss: 0.0268
Epoch [976/1000], Loss: 0.0198, Validation Loss: 0.0262
Epoch [977/1000], Loss: 0.0206, Validation Loss: 0.0265
Epoch [978/1000], Loss: 0.0200, Validation Loss: 0.0282
Epoch [979/1000], Loss: 0.0200, Validation Loss: 0.0271
Epoch [980/1000], Loss: 0.0199, Validation Loss: 0.0267
Epoch [981/1000], Loss: 0.0205, Validation Loss: 0.0294
Epoch [982/1000], Loss: 0.0210, Validation Loss: 0.0287
Epoch [983/1000], Loss: 0.0208, Validation Loss: 0.0238
Epoch [984/1000], Loss: 0.0214, Validation Loss: 0.0222
Epoch [985/1000], Loss: 0.0218, Validation Loss: 0.0217
Epoch [986/1000], Loss: 0.0209, Validation Loss: 0.0256
Epoch [987/1000], Loss: 0.0212, Validation Loss: 0.0216
Epoch [988/1000], Loss: 0.0202, Validation Loss: 0.0221
Epoch [989/1000], Loss: 0.0199, Validation Loss: 0.0252
Epoch [990/1000], Loss: 0.0206, Validation Loss: 0.0262
Epoch [991/1000], Loss: 0.0203, Validation Loss: 0.0265
Epoch [992/1000], Loss: 0.0203, Validation Loss: 0.0274
Epoch [993/1000], Loss: 0.0211, Validation Loss: 0.0225
Epoch [994/1000], Loss: 0.0201, Validation Loss: 0.0219
Epoch [995/1000], Loss: 0.0217, Validation Loss: 0.0288
Epoch [996/1000], Loss: 0.0215, Validation Loss: 0.0261
Epoch [997/1000], Loss: 0.0203, Validation Loss: 0.0235
Epoch [998/1000], Loss: 0.0211, Validation Loss: 0.0285
Epoch [999/1000], Loss: 0.0206, Validation Loss: 0.0246
Saved checkpoint: runs/004/epoch_1000_0.0207_0.0264.pth
Epoch [1000/1000], Loss: 0.0207, Validation Loss: 0.0264
wandb:                                                                                
wandb: 
wandb: Run history:
wandb:           epoch ▁▁▁▂▂▂▂▂▂▃▃▃▃▃▃▄▄▄▄▄▄▄▅▅▅▆▆▆▆▆▇▇▇▇▇▇▇███
wandb:      train_loss ██▆▃▃▂▂▂▂▂▂▁▂▂▁▁▁▁▁▁▁▁▁▁▁▁▁▁▁▁▁▁▁▁▁▁▁▁▁▁
wandb: validation_loss █▇▇▆▄▂▂▁▂▂▂▂▂▁▂▁▁▁▁▂▁▂▂▁▂▂▂▂▁▂▂▁▁▁▂▂▁▁▂▂
wandb: 
wandb: Run summary:
wandb:           epoch 1000
wandb:      train_loss 0.02069
wandb: validation_loss 0.02643
wandb: 
wandb: 🚀 View run still-hill-1 at: https://wandb.ai/luismedrano2000-university-of-zaragoza/fm_dp/runs/gqsiskr9
wandb: ⭐️ View project at: https://wandb.ai/luismedrano2000-university-of-zaragoza/fm_dp
wandb: Synced 5 W&B file(s), 0 media file(s), 0 artifact file(s) and 0 other file(s)
wandb: Find logs at: ./wandb/run-20250606_214504-gqsiskr9/logs
